10/03/2024 : 04:04 :   ****** DOWNLOAD ******

10/03/2024 : 04:04 :   **** Set up ****
10/03/2024 : 04:04 :   Download event Id is 102317
10/03/2024 : 04:04 :   
10/03/2024 : 04:04 :   Source_id is 101900
10/03/2024 : 04:04 :   Type_id is 102
10/03/2024 : 04:04 :   Calling ObtainDataFromSourceAsync...
10/03/2024 : 04:04 :   folder_path: /app/MDR_Data/biolincc

10/03/2024 : 04:04 :   **** Processing Data ****
10/03/2024 : 04:04 :   File list obtained, of 294 rows
10/03/2024 : 04:04 :   Obtaining #1: AADR
10/03/2024 : 04:04 :   1: AADR downloaded, with 0 linked publications
10/03/2024 : 04:04 :   Obtaining #2: ACCESS
10/03/2024 : 04:05 :   2: ACCESS downloaded, with 21 linked publications
10/03/2024 : 04:05 :   Obtaining #3: ACCORD
10/03/2024 : 04:08 :   3: ACCORD downloaded, with 156 linked publications
10/03/2024 : 04:08 :   Obtaining #4: ACIP
10/03/2024 : 04:09 :   4: ACIP downloaded, with 0 linked publications
10/03/2024 : 04:09 :   Obtaining #5: ACRN-BAGS
10/03/2024 : 04:09 :   5: ACRN-BAGS downloaded, with 0 linked publications
10/03/2024 : 04:09 :   Obtaining #6: ACRN-BARGE
10/03/2024 : 04:09 :   6: ACRN-BARGE downloaded, with 0 linked publications
10/03/2024 : 04:09 :   Obtaining #7: ACRN-BASALT-TALC
10/03/2024 : 04:09 :   7: ACRN-BASALT-TALC downloaded, with 2 linked publications
10/03/2024 : 04:09 :   Obtaining #8: ACRN-CIMA
10/03/2024 : 04:09 :   8: ACRN-CIMA downloaded, with 0 linked publications
10/03/2024 : 04:09 :   Obtaining #9: ACRN-DICE
10/03/2024 : 04:09 :   9: ACRN-DICE downloaded, with 0 linked publications
10/03/2024 : 04:09 :   Obtaining #10: ACRN-IMPACT
10/03/2024 : 04:09 :   10: ACRN-IMPACT downloaded, with 0 linked publications
10/03/2024 : 04:09 :   files checked: 10
10/03/2024 : 04:09 :   files downloaded: 10
10/03/2024 : 04:09 :   Obtaining #11: ACRN-LARGE
10/03/2024 : 04:09 :   11: ACRN-LARGE downloaded, with 0 linked publications
10/03/2024 : 04:09 :   Obtaining #12: ACRN-MIA
10/03/2024 : 04:09 :   12: ACRN-MIA downloaded, with 0 linked publications
10/03/2024 : 04:09 :   Obtaining #13: ACRN-MICE
10/03/2024 : 04:09 :   13: ACRN-MICE downloaded, with 0 linked publications
10/03/2024 : 04:09 :   Obtaining #14: ACRN-PRICE
10/03/2024 : 04:09 :   14: ACRN-PRICE downloaded, with 0 linked publications
10/03/2024 : 04:09 :   Obtaining #15: ACRN-SLiMSIT
10/03/2024 : 04:09 :   15: ACRN-SLiMSIT downloaded, with 0 linked publications
10/03/2024 : 04:09 :   Obtaining #16: ACRN-SMOG
10/03/2024 : 04:09 :   16: ACRN-SMOG downloaded, with 0 linked publications
10/03/2024 : 04:09 :   Obtaining #17: ACRN-SOCS-SLIC
10/03/2024 : 04:09 :   17: ACRN-SOCS-SLIC downloaded, with 1 linked publications
10/03/2024 : 04:09 :   Obtaining #18: ACS-QUIK
10/03/2024 : 04:09 :   18: ACS-QUIK downloaded, with 3 linked publications
10/03/2024 : 04:09 :   Obtaining #19: ACT
10/03/2024 : 04:09 :   19: ACT downloaded, with 3 linked publications
10/03/2024 : 04:09 :   Obtaining #20: AFFIRM
10/03/2024 : 04:10 :   20: AFFIRM downloaded, with 42 linked publications
10/03/2024 : 04:10 :   files checked: 20
10/03/2024 : 04:10 :   files downloaded: 20
10/03/2024 : 04:10 :   Obtaining #21: AIM-HIGH
10/03/2024 : 04:10 :   21: AIM-HIGH downloaded, with 6 linked publications
10/03/2024 : 04:10 :   Obtaining #22: ALLHAT
10/03/2024 : 04:11 :   22: ALLHAT downloaded, with 35 linked publications
10/03/2024 : 04:11 :   Obtaining #23: AMIS
10/03/2024 : 04:11 :   23: AMIS downloaded, with 7 linked publications
10/03/2024 : 04:11 :   Obtaining #24: ARDSNet-ALTA
10/03/2024 : 04:12 :   24: ARDSNet-ALTA downloaded, with 28 linked publications
10/03/2024 : 04:12 :   Obtaining #25: ARDSNet-ALVEOLI
10/03/2024 : 04:13 :   25: ARDSNet-ALVEOLI downloaded, with 37 linked publications
10/03/2024 : 04:13 :   Obtaining #26: ARDSNet-ARMA-KARMA-LARMA
10/03/2024 : 04:14 :   26: ARDSNet-ARMA-KARMA-LARMA downloaded, with 36 linked publications
10/03/2024 : 04:14 :   Obtaining #27: ARDSNet-EDEN
10/03/2024 : 04:14 :   27: ARDSNet-EDEN downloaded, with 19 linked publications
10/03/2024 : 04:14 :   Obtaining #28: ARDSNet-FACTT
10/03/2024 : 04:16 :   28: ARDSNet-FACTT downloaded, with 71 linked publications
10/03/2024 : 04:16 :   Obtaining #29: ARDSNet-LaSRS
10/03/2024 : 04:16 :   29: ARDSNet-LaSRS downloaded, with 11 linked publications
10/03/2024 : 04:16 :   Obtaining #30: ARDSNet-Omega
10/03/2024 : 04:16 :   30: ARDSNet-Omega downloaded, with 9 linked publications
10/03/2024 : 04:16 :   files checked: 30
10/03/2024 : 04:16 :   files downloaded: 30
10/03/2024 : 04:16 :   Obtaining #31: ARDSNet-SAILS
10/03/2024 : 04:17 :   31: ARDSNet-SAILS downloaded, with 28 linked publications
10/03/2024 : 04:17 :   Obtaining #32: ARIC
10/03/2024 : 04:21 :   32: ARIC downloaded, with 200 linked publications
10/03/2024 : 04:21 :   #33: ARIC (non-BioLINCC) is a Non-BioLINCC Resource, not processed further
10/03/2024 : 04:21 :   Obtaining #34: ATTRACT
10/03/2024 : 04:21 :   34: ATTRACT downloaded, with 0 linked publications
10/03/2024 : 04:21 :   Obtaining #35: AVID
10/03/2024 : 04:21 :   35: AVID downloaded, with 5 linked publications
10/03/2024 : 04:21 :   Obtaining #36: AsthmaNet-ALFA
10/03/2024 : 04:21 :   36: AsthmaNet-ALFA downloaded, with 0 linked publications
10/03/2024 : 04:21 :   Obtaining #37: AsthmaNet-APRIL-OCELOT
10/03/2024 : 04:21 :   37: AsthmaNet-APRIL-OCELOT downloaded, with 2 linked publications
10/03/2024 : 04:21 :   Obtaining #38: AsthmaNet-BARD
10/03/2024 : 04:21 :   38: AsthmaNet-BARD downloaded, with 1 linked publications
10/03/2024 : 04:21 :   Obtaining #39: AsthmaNet-INFANT-AVICA
10/03/2024 : 04:21 :   39: AsthmaNet-INFANT-AVICA downloaded, with 2 linked publications
10/03/2024 : 04:21 :   Obtaining #40: AsthmaNet-Microbiome
10/03/2024 : 04:21 :   40: AsthmaNet-Microbiome downloaded, with 0 linked publications
10/03/2024 : 04:21 :   files checked: 40
10/03/2024 : 04:21 :   files downloaded: 39
10/03/2024 : 04:21 :   Obtaining #41: AsthmaNet-SIENA
10/03/2024 : 04:21 :   41: AsthmaNet-SIENA downloaded, with 0 linked publications
10/03/2024 : 04:21 :   Obtaining #42: AsthmaNet-STICS
10/03/2024 : 04:21 :   42: AsthmaNet-STICS downloaded, with 0 linked publications
10/03/2024 : 04:21 :   Obtaining #43: AsthmaNet-VIDA
10/03/2024 : 04:21 :   43: AsthmaNet-VIDA downloaded, with 0 linked publications
10/03/2024 : 04:21 :   Obtaining #44: BABY HUG
10/03/2024 : 04:21 :   44: BABY HUG downloaded, with 0 linked publications
10/03/2024 : 04:21 :   Obtaining #45: BARI
10/03/2024 : 04:22 :   45: BARI downloaded, with 6 linked publications
10/03/2024 : 04:22 :   Obtaining #46: BARI 2D
10/03/2024 : 04:22 :   46: BARI 2D downloaded, with 19 linked publications
10/03/2024 : 04:22 :   Obtaining #47: BEST
10/03/2024 : 04:23 :   47: BEST downloaded, with 40 linked publications
10/03/2024 : 04:23 :   Obtaining #48: BEST-COPD
10/03/2024 : 04:23 :   48: BEST-COPD downloaded, with 0 linked publications
10/03/2024 : 04:23 :   Obtaining #49: BHAT
10/03/2024 : 04:23 :   49: BHAT downloaded, with 5 linked publications
10/03/2024 : 04:23 :   Obtaining #50: BHS
10/03/2024 : 04:23 :   50: BHS downloaded, with 5 linked publications
10/03/2024 : 04:23 :   files checked: 50
10/03/2024 : 04:23 :   files downloaded: 49
10/03/2024 : 04:23 :   Obtaining #51: BMT CTN-0101
10/03/2024 : 04:23 :   51: BMT CTN-0101 downloaded, with 0 linked publications
10/03/2024 : 04:23 :   Obtaining #52: BMT CTN-0102
10/03/2024 : 04:23 :   52: BMT CTN-0102 downloaded, with 0 linked publications
10/03/2024 : 04:23 :   Obtaining #53: BMT CTN-0201
10/03/2024 : 04:23 :   53: BMT CTN-0201 downloaded, with 1 linked publications
10/03/2024 : 04:23 :   Obtaining #54: BMT CTN-0301
10/03/2024 : 04:23 :   54: BMT CTN-0301 downloaded, with 0 linked publications
10/03/2024 : 04:23 :   Obtaining #55: BMT CTN-0302
10/03/2024 : 04:23 :   55: BMT CTN-0302 downloaded, with 1 linked publications
10/03/2024 : 04:24 :   Obtaining #56: BMT CTN-0401
10/03/2024 : 04:24 :   56: BMT CTN-0401 downloaded, with 0 linked publications
10/03/2024 : 04:24 :   Obtaining #57: BMT CTN-0402
10/03/2024 : 04:24 :   57: BMT CTN-0402 downloaded, with 1 linked publications
10/03/2024 : 04:24 :   Obtaining #58: BMT CTN-0403
10/03/2024 : 04:24 :   58: BMT CTN-0403 downloaded, with 0 linked publications
10/03/2024 : 04:24 :   Obtaining #59: BMT CTN-0501
10/03/2024 : 04:24 :   59: BMT CTN-0501 downloaded, with 0 linked publications
10/03/2024 : 04:24 :   Obtaining #60: BMT CTN-0601
10/03/2024 : 04:24 :   60: BMT CTN-0601 downloaded, with 0 linked publications
10/03/2024 : 04:24 :   files checked: 60
10/03/2024 : 04:24 :   files downloaded: 59
10/03/2024 : 04:24 :   Obtaining #61: BMT CTN-0603
10/03/2024 : 04:24 :   61: BMT CTN-0603 downloaded, with 0 linked publications
10/03/2024 : 04:24 :   Obtaining #62: BMT CTN-0604
10/03/2024 : 04:24 :   62: BMT CTN-0604 downloaded, with 0 linked publications
10/03/2024 : 04:24 :   Obtaining #63: BMT CTN-0701
10/03/2024 : 04:24 :   63: BMT CTN-0701 downloaded, with 0 linked publications
10/03/2024 : 04:24 :   Obtaining #64: BMT CTN-0702
10/03/2024 : 04:24 :   64: BMT CTN-0702 downloaded, with 0 linked publications
10/03/2024 : 04:24 :   Obtaining #65: BMT CTN-0801
10/03/2024 : 04:24 :   65: BMT CTN-0801 downloaded, with 0 linked publications
10/03/2024 : 04:24 :   Obtaining #66: BMT CTN-0802
10/03/2024 : 04:24 :   66: BMT CTN-0802 downloaded, with 0 linked publications
10/03/2024 : 04:24 :   Obtaining #67: BMT CTN-0803
10/03/2024 : 04:24 :   67: BMT CTN-0803 downloaded, with 0 linked publications
10/03/2024 : 04:24 :   Obtaining #68: BMT CTN-0901
10/03/2024 : 04:24 :   68: BMT CTN-0901 downloaded, with 0 linked publications
10/03/2024 : 04:24 :   Obtaining #69: BMT CTN-0902
10/03/2024 : 04:24 :   69: BMT CTN-0902 downloaded, with 0 linked publications
10/03/2024 : 04:24 :   Obtaining #70: BMT CTN-0903
10/03/2024 : 04:24 :   70: BMT CTN-0903 downloaded, with 0 linked publications
10/03/2024 : 04:24 :   files checked: 70
10/03/2024 : 04:24 :   files downloaded: 69
10/03/2024 : 04:24 :   Obtaining #71: BMT CTN-1101
10/03/2024 : 04:24 :   71: BMT CTN-1101 downloaded, with 0 linked publications
10/03/2024 : 04:24 :   Obtaining #72: BMT CTN-1102
10/03/2024 : 04:24 :   72: BMT CTN-1102 downloaded, with 0 linked publications
10/03/2024 : 04:24 :   Obtaining #73: BMT CTN-1202
10/03/2024 : 04:24 :   73: BMT CTN-1202 downloaded, with 0 linked publications
10/03/2024 : 04:24 :   Obtaining #74: BMT CTN-1203
10/03/2024 : 04:24 :   74: BMT CTN-1203 downloaded, with 0 linked publications
10/03/2024 : 04:24 :   Obtaining #75: BMT CTN-1204
10/03/2024 : 04:24 :   75: BMT CTN-1204 downloaded, with 0 linked publications
10/03/2024 : 04:24 :   Obtaining #76: BMT CTN-1301
10/03/2024 : 04:24 :   76: BMT CTN-1301 downloaded, with 0 linked publications
10/03/2024 : 04:24 :   Obtaining #77: BMT CTN-1302
10/03/2024 : 04:24 :   77: BMT CTN-1302 downloaded, with 0 linked publications
10/03/2024 : 04:24 :   Obtaining #78: BMT CTN-1501
10/03/2024 : 04:24 :   78: BMT CTN-1501 downloaded, with 0 linked publications
10/03/2024 : 04:24 :   Obtaining #79: BMT CTN-1502
10/03/2024 : 04:24 :   79: BMT CTN-1502 downloaded, with 0 linked publications
10/03/2024 : 04:24 :   Obtaining #80: BMT CTN-1703
10/03/2024 : 04:25 :   80: BMT CTN-1703 downloaded, with 0 linked publications
10/03/2024 : 04:25 :   files checked: 80
10/03/2024 : 04:25 :   files downloaded: 79
10/03/2024 : 04:25 :   Obtaining #81: BRIDGE
10/03/2024 : 04:25 :   81: BRIDGE downloaded, with 0 linked publications
10/03/2024 : 04:25 :   Obtaining #82: CABANA
10/03/2024 : 04:25 :   82: CABANA downloaded, with 0 linked publications
10/03/2024 : 04:25 :   Obtaining #83: CABG
10/03/2024 : 04:25 :   83: CABG downloaded, with 12 linked publications
10/03/2024 : 04:25 :   Obtaining #84: CAMP
10/03/2024 : 04:25 :   84: CAMP downloaded, with 5 linked publications
10/03/2024 : 04:25 :   Obtaining #85: CAPTION
10/03/2024 : 04:25 :   85: CAPTION downloaded, with 1 linked publications
10/03/2024 : 04:25 :   Obtaining #86: CARDIA
10/03/2024 : 04:27 :   86: CARDIA downloaded, with 84 linked publications
10/03/2024 : 04:27 :   Obtaining #87: CARE-AIMS
10/03/2024 : 04:27 :   87: CARE-AIMS downloaded, with 1 linked publications
10/03/2024 : 04:27 :   Obtaining #88: CARE-BADGER
10/03/2024 : 04:27 :   88: CARE-BADGER downloaded, with 0 linked publications
10/03/2024 : 04:27 :   Obtaining #89: CARE-CLIC
10/03/2024 : 04:27 :   89: CARE-CLIC downloaded, with 0 linked publications
10/03/2024 : 04:27 :   Obtaining #90: CARE-MARS
10/03/2024 : 04:27 :   90: CARE-MARS downloaded, with 0 linked publications
10/03/2024 : 04:27 :   files checked: 90
10/03/2024 : 04:27 :   files downloaded: 89
10/03/2024 : 04:27 :   Obtaining #91: CARE-MIST
10/03/2024 : 04:27 :   91: CARE-MIST downloaded, with 0 linked publications
10/03/2024 : 04:27 :   Obtaining #92: CARE-PACT
10/03/2024 : 04:27 :   92: CARE-PACT downloaded, with 0 linked publications
10/03/2024 : 04:27 :   Obtaining #93: CARE-PEAK
10/03/2024 : 04:27 :   93: CARE-PEAK downloaded, with 0 linked publications
10/03/2024 : 04:27 :   Obtaining #94: CARE-TREXA
10/03/2024 : 04:27 :   94: CARE-TREXA downloaded, with 0 linked publications
10/03/2024 : 04:27 :   Obtaining #95: CASS
10/03/2024 : 04:27 :   95: CASS downloaded, with 2 linked publications
10/03/2024 : 04:27 :   Obtaining #96: CAST
10/03/2024 : 04:27 :   96: CAST downloaded, with 3 linked publications
10/03/2024 : 04:27 :   Obtaining #97: CBB
10/03/2024 : 04:28 :   97: CBB downloaded, with 7 linked publications
10/03/2024 : 04:28 :   Obtaining #98: CCTRN-CONCERT HF
10/03/2024 : 04:28 :   98: CCTRN-CONCERT HF downloaded, with 0 linked publications
10/03/2024 : 04:28 :   Obtaining #99: CCTRN-FOCUS
10/03/2024 : 04:28 :   99: CCTRN-FOCUS downloaded, with 1 linked publications
10/03/2024 : 04:28 :   Obtaining #100: CCTRN-LateTIME
10/03/2024 : 04:28 :   100: CCTRN-LateTIME downloaded, with 0 linked publications
10/03/2024 : 04:28 :   files checked: 100
10/03/2024 : 04:28 :   files downloaded: 99
10/03/2024 : 04:28 :   Obtaining #101: CCTRN-PACE
10/03/2024 : 04:28 :   101: CCTRN-PACE downloaded, with 0 linked publications
10/03/2024 : 04:28 :   Obtaining #102: CCTRN-SENECA
10/03/2024 : 04:28 :   102: CCTRN-SENECA downloaded, with 0 linked publications
10/03/2024 : 04:28 :   Obtaining #103: CCTRN-TIME
10/03/2024 : 04:28 :   103: CCTRN-TIME downloaded, with 0 linked publications
10/03/2024 : 04:28 :   Obtaining #104: CDP
10/03/2024 : 04:28 :   104: CDP downloaded, with 0 linked publications
10/03/2024 : 04:28 :   Obtaining #105: CHAT
10/03/2024 : 04:28 :   105: CHAT downloaded, with 0 linked publications
10/03/2024 : 04:28 :   Obtaining #106: CHIVES
10/03/2024 : 04:28 :   106: CHIVES downloaded, with 0 linked publications
10/03/2024 : 04:28 :   Obtaining #107: CHOICES
10/03/2024 : 04:28 :   107: CHOICES downloaded, with 0 linked publications
10/03/2024 : 04:28 :   Obtaining #108: CHS
10/03/2024 : 04:31 :   108: CHS downloaded, with 162 linked publications
10/03/2024 : 04:31 :   Obtaining #109: CLEVER
10/03/2024 : 04:31 :   109: CLEVER downloaded, with 2 linked publications
10/03/2024 : 04:31 :   Obtaining #110: COAG
10/03/2024 : 04:32 :   110: COAG downloaded, with 4 linked publications
10/03/2024 : 04:32 :   files checked: 110
10/03/2024 : 04:32 :   files downloaded: 109
10/03/2024 : 04:32 :   Obtaining #111: COBLT
10/03/2024 : 04:32 :   111: COBLT downloaded, with 14 linked publications
10/03/2024 : 04:32 :   Obtaining #112: COLCORONA
10/03/2024 : 04:32 :   112: COLCORONA downloaded, with 1 linked publications
10/03/2024 : 04:32 :   Obtaining #113: COPTR
10/03/2024 : 04:32 :   113: COPTR downloaded, with 0 linked publications
10/03/2024 : 04:32 :   Obtaining #114: CORAL
10/03/2024 : 04:32 :   114: CORAL downloaded, with 1 linked publications
10/03/2024 : 04:32 :   Obtaining #115: CPAP
10/03/2024 : 04:32 :   115: CPAP downloaded, with 0 linked publications
10/03/2024 : 04:32 :   Obtaining #116: CSSCD
10/03/2024 : 04:33 :   116: CSSCD downloaded, with 23 linked publications
10/03/2024 : 04:33 :   Obtaining #117: CTSN-AFB
10/03/2024 : 04:33 :   117: CTSN-AFB downloaded, with 0 linked publications
10/03/2024 : 04:33 :   Obtaining #118: CTSN-MMR
10/03/2024 : 04:33 :   118: CTSN-MMR downloaded, with 0 linked publications
10/03/2024 : 04:33 :   Obtaining #119: CTSN-NP
10/03/2024 : 04:33 :   119: CTSN-NP downloaded, with 0 linked publications
10/03/2024 : 04:33 :   Obtaining #120: CTSN-POAF
10/03/2024 : 04:33 :   120: CTSN-POAF downloaded, with 1 linked publications
10/03/2024 : 04:33 :   files checked: 120
10/03/2024 : 04:33 :   files downloaded: 119
10/03/2024 : 04:33 :   Obtaining #121: CTSN-SMR
10/03/2024 : 04:33 :   121: CTSN-SMR downloaded, with 0 linked publications
10/03/2024 : 04:33 :   Obtaining #122: CTSN-CCTRN-LVAD
10/03/2024 : 04:33 :   122: CTSN-CCTRN-LVAD downloaded, with 1 linked publications
10/03/2024 : 04:33 :   Obtaining #123: CureSCi-HCT for SCD
10/03/2024 : 04:33 :   123: CureSCi-HCT for SCD downloaded, with 0 linked publications
10/03/2024 : 04:33 :   Obtaining #124: CureSCi-SCBank
10/03/2024 : 04:33 :   124: CureSCi-SCBank downloaded, with 0 linked publications
10/03/2024 : 04:33 :   Obtaining #125: DASH
10/03/2024 : 04:33 :   125: DASH downloaded, with 9 linked publications
10/03/2024 : 04:33 :   Obtaining #126: DASH-Sodium
10/03/2024 : 04:34 :   126: DASH-Sodium downloaded, with 24 linked publications
10/03/2024 : 04:34 :   Obtaining #127: DELTA
10/03/2024 : 04:34 :   127: DELTA downloaded, with 17 linked publications
10/03/2024 : 04:34 :   Obtaining #128: DIG
10/03/2024 : 04:36 :   128: DIG downloaded, with 86 linked publications
10/03/2024 : 04:36 :   Obtaining #129: DISC
10/03/2024 : 04:36 :   129: DISC downloaded, with 2 linked publications
10/03/2024 : 04:36 :   Obtaining #130: DISC06
10/03/2024 : 04:36 :   130: DISC06 downloaded, with 1 linked publications
10/03/2024 : 04:36 :   files checked: 130
10/03/2024 : 04:36 :   files downloaded: 129
10/03/2024 : 04:36 :   Obtaining #131: ENRICHD
10/03/2024 : 04:36 :   131: ENRICHD downloaded, with 9 linked publications
10/03/2024 : 04:36 :   Obtaining #132: EPIC
10/03/2024 : 04:36 :   132: EPIC downloaded, with 0 linked publications
10/03/2024 : 04:36 :   Obtaining #133: ESCAPE
10/03/2024 : 04:37 :   133: ESCAPE downloaded, with 48 linked publications
10/03/2024 : 04:37 :   #134: FHS (non-BioLINCC) is a Non-BioLINCC Resource, not processed further
10/03/2024 : 04:37 :   Obtaining #135: FHS-Cohort
10/03/2024 : 04:41 :   135: FHS-Cohort downloaded, with 185 linked publications
10/03/2024 : 04:41 :   Obtaining #136: FHS-Gen III
10/03/2024 : 04:41 :   136: FHS-Gen III downloaded, with 10 linked publications
10/03/2024 : 04:41 :   Obtaining #137: FHS-OS
10/03/2024 : 04:45 :   137: FHS-OS downloaded, with 172 linked publications
10/03/2024 : 04:45 :   Obtaining #138: FOCUS
10/03/2024 : 04:45 :   138: FOCUS downloaded, with 1 linked publications
10/03/2024 : 04:45 :   Obtaining #139: GHCoE-Argentina
10/03/2024 : 04:45 :   139: GHCoE-Argentina downloaded, with 3 linked publications
10/03/2024 : 04:45 :   Obtaining #140: GHCoE-China
10/03/2024 : 04:45 :   140: GHCoE-China downloaded, with 0 linked publications
10/03/2024 : 04:45 :   files checked: 140
10/03/2024 : 04:45 :   files downloaded: 138
10/03/2024 : 04:45 :   Obtaining #141: GHCoE-Guatemala
10/03/2024 : 04:45 :   141: GHCoE-Guatemala downloaded, with 2 linked publications
10/03/2024 : 04:45 :   Obtaining #142: GHCoE-New Delhi
10/03/2024 : 04:45 :   142: GHCoE-New Delhi downloaded, with 3 linked publications
10/03/2024 : 04:45 :   Obtaining #143: GHCoE-South Africa
10/03/2024 : 04:45 :   143: GHCoE-South Africa downloaded, with 2 linked publications
10/03/2024 : 04:45 :   Obtaining #144: GUIDE-IT
10/03/2024 : 04:45 :   144: GUIDE-IT downloaded, with 0 linked publications
10/03/2024 : 04:45 :   Obtaining #145: GenTAC
10/03/2024 : 04:46 :   145: GenTAC downloaded, with 3 linked publications
10/03/2024 : 04:46 :   Obtaining #146: H1N1
10/03/2024 : 04:46 :   146: H1N1 downloaded, with 0 linked publications
10/03/2024 : 04:46 :   Obtaining #147: HCHS-SOL
10/03/2024 : 04:46 :   147: HCHS-SOL downloaded, with 16 linked publications
10/03/2024 : 04:46 :   Obtaining #148: HCS
10/03/2024 : 04:46 :   148: HCS downloaded, with 1 linked publications
10/03/2024 : 04:46 :   Obtaining #149: HDFP
10/03/2024 : 04:46 :   149: HDFP downloaded, with 11 linked publications
10/03/2024 : 04:46 :   Obtaining #150: HEIRS
10/03/2024 : 04:47 :   150: HEIRS downloaded, with 8 linked publications
10/03/2024 : 04:47 :   files checked: 150
10/03/2024 : 04:47 :   files downloaded: 148
10/03/2024 : 04:47 :   Obtaining #151: HF-ACTION
10/03/2024 : 04:47 :   151: HF-ACTION downloaded, with 14 linked publications
10/03/2024 : 04:47 :   Obtaining #152: HFN-ATHENA HF
10/03/2024 : 04:47 :   152: HFN-ATHENA HF downloaded, with 0 linked publications
10/03/2024 : 04:47 :   Obtaining #153: HFN-CARRESS
10/03/2024 : 04:47 :   153: HFN-CARRESS downloaded, with 12 linked publications
10/03/2024 : 04:47 :   Obtaining #154: HFN-DOSE AHF
10/03/2024 : 04:47 :   154: HFN-DOSE AHF downloaded, with 14 linked publications
10/03/2024 : 04:48 :   Obtaining #155: HFN-EXACT HF
10/03/2024 : 04:48 :   155: HFN-EXACT HF downloaded, with 0 linked publications
10/03/2024 : 04:48 :   Obtaining #156: HFN-FIGHT
10/03/2024 : 04:48 :   156: HFN-FIGHT downloaded, with 1 linked publications
10/03/2024 : 04:48 :   Obtaining #157: HFN-INDIE
10/03/2024 : 04:48 :   157: HFN-INDIE downloaded, with 0 linked publications
10/03/2024 : 04:48 :   Obtaining #158: HFN-IRONOUT
10/03/2024 : 04:48 :   158: HFN-IRONOUT downloaded, with 0 linked publications
10/03/2024 : 04:48 :   Obtaining #159: HFN-LIFE
10/03/2024 : 04:48 :   159: HFN-LIFE downloaded, with 0 linked publications
10/03/2024 : 04:48 :   Obtaining #160: HFN-NEAT
10/03/2024 : 04:48 :   160: HFN-NEAT downloaded, with 2 linked publications
10/03/2024 : 04:48 :   files checked: 160
10/03/2024 : 04:48 :   files downloaded: 158
10/03/2024 : 04:48 :   Obtaining #161: HFN-RELAX
10/03/2024 : 04:48 :   161: HFN-RELAX downloaded, with 6 linked publications
10/03/2024 : 04:48 :   Obtaining #162: HFN-ROSE
10/03/2024 : 04:48 :   162: HFN-ROSE downloaded, with 12 linked publications
10/03/2024 : 04:48 :   Obtaining #163: HHL
10/03/2024 : 04:48 :   163: HHL downloaded, with 0 linked publications
10/03/2024 : 04:48 :   Obtaining #164: HHP
10/03/2024 : 04:49 :   164: HHP downloaded, with 22 linked publications
10/03/2024 : 04:49 :   Obtaining #165: HIFI
10/03/2024 : 04:49 :   165: HIFI downloaded, with 1 linked publications
10/03/2024 : 04:49 :   Obtaining #166: HIT RADIO
10/03/2024 : 04:49 :   166: HIT RADIO downloaded, with 0 linked publications
10/03/2024 : 04:49 :   Obtaining #167: ICARE
10/03/2024 : 04:49 :   167: ICARE downloaded, with 0 linked publications
10/03/2024 : 04:49 :   Obtaining #168: IDEA
10/03/2024 : 04:49 :   168: IDEA downloaded, with 0 linked publications
10/03/2024 : 04:49 :   #169: INHALD (non-BioLINCC) is a Non-BioLINCC Resource, not processed further
10/03/2024 : 04:49 :   Obtaining #170: IPFNet-ACE IPF
10/03/2024 : 04:49 :   170: IPFNet-ACE IPF downloaded, with 3 linked publications
10/03/2024 : 04:49 :   files checked: 170
10/03/2024 : 04:49 :   files downloaded: 167
10/03/2024 : 04:49 :   Obtaining #171: IPFNet-PANTHER IPF
10/03/2024 : 04:49 :   171: IPFNet-PANTHER IPF downloaded, with 2 linked publications
10/03/2024 : 04:49 :   Obtaining #172: IPFNet-STEP IPF
10/03/2024 : 04:49 :   172: IPFNet-STEP IPF downloaded, with 1 linked publications
10/03/2024 : 04:49 :   Obtaining #173: IPPB
10/03/2024 : 04:49 :   173: IPPB downloaded, with 1 linked publications
10/03/2024 : 04:49 :   Obtaining #174: ISCHEMIA-ISCHEMIA-CKD
10/03/2024 : 04:49 :   174: ISCHEMIA-ISCHEMIA-CKD downloaded, with 0 linked publications
10/03/2024 : 04:49 :   Obtaining #175: Intermacs
10/03/2024 : 04:50 :   175: Intermacs downloaded, with 25 linked publications
10/03/2024 : 04:50 :   Obtaining #176: JHS
10/03/2024 : 04:50 :   176: JHS downloaded, with 8 linked publications
10/03/2024 : 04:50 :   #177: LAM (non-BioLINCC) is a Non-BioLINCC Resource, not processed further
10/03/2024 : 04:50 :   Obtaining #178: LHMP
10/03/2024 : 04:50 :   178: LHMP downloaded, with 0 linked publications
10/03/2024 : 04:50 :   Obtaining #179: LHS
10/03/2024 : 04:50 :   179: LHS downloaded, with 11 linked publications
10/03/2024 : 04:50 :   Obtaining #180: LOTT
10/03/2024 : 04:50 :   180: LOTT downloaded, with 1 linked publications
10/03/2024 : 04:50 :   files checked: 180
10/03/2024 : 04:50 :   files downloaded: 176
10/03/2024 : 04:50 :   Obtaining #181: LRC-CPPT
10/03/2024 : 04:51 :   181: LRC-CPPT downloaded, with 10 linked publications
10/03/2024 : 04:51 :   Obtaining #182: LRC-PS
10/03/2024 : 04:51 :   182: LRC-PS downloaded, with 4 linked publications
10/03/2024 : 04:51 :   Obtaining #183: LTRC
10/03/2024 : 04:51 :   183: LTRC downloaded, with 0 linked publications
10/03/2024 : 04:51 :   Obtaining #184: Lung HIV
10/03/2024 : 04:51 :   184: Lung HIV downloaded, with 2 linked publications
10/03/2024 : 04:51 :   Obtaining #185: MAGIC
10/03/2024 : 04:51 :   185: MAGIC downloaded, with 5 linked publications
10/03/2024 : 04:51 :   Obtaining #186: MASM
10/03/2024 : 04:51 :   186: MASM downloaded, with 0 linked publications
10/03/2024 : 04:51 :   Obtaining #187: MEDFOCUS
10/03/2024 : 04:51 :   187: MEDFOCUS downloaded, with 0 linked publications
10/03/2024 : 04:51 :   Obtaining #188: MESA
10/03/2024 : 04:53 :   188: MESA downloaded, with 81 linked publications
10/03/2024 : 04:53 :   Obtaining #189: MHCS
10/03/2024 : 04:53 :   189: MHCS downloaded, with 5 linked publications
10/03/2024 : 04:53 :   Obtaining #190: MRFIT
10/03/2024 : 04:54 :   190: MRFIT downloaded, with 28 linked publications
10/03/2024 : 04:54 :   files checked: 190
10/03/2024 : 04:54 :   files downloaded: 186
10/03/2024 : 04:54 :   Obtaining #191: MSH
10/03/2024 : 04:54 :   191: MSH downloaded, with 13 linked publications
10/03/2024 : 04:54 :   Obtaining #192: NANB-TAH
10/03/2024 : 04:54 :   192: NANB-TAH downloaded, with 5 linked publications
10/03/2024 : 04:54 :   Obtaining #193: NETT
10/03/2024 : 04:54 :   193: NETT downloaded, with 13 linked publications
10/03/2024 : 04:54 :   Obtaining #194: NGHS
10/03/2024 : 04:55 :   194: NGHS downloaded, with 35 linked publications
10/03/2024 : 04:55 :   Obtaining #195: NLMS
10/03/2024 : 04:55 :   195: NLMS downloaded, with 1 linked publications
10/03/2024 : 04:55 :   Obtaining #196: OAT
10/03/2024 : 04:55 :   196: OAT downloaded, with 4 linked publications
10/03/2024 : 04:55 :   Obtaining #197: OMNI Heart
10/03/2024 : 04:56 :   197: OMNI Heart downloaded, with 9 linked publications
10/03/2024 : 04:56 :   Obtaining #198: P2C2
10/03/2024 : 04:56 :   198: P2C2 downloaded, with 1 linked publications
10/03/2024 : 04:56 :   Obtaining #199: PACS
10/03/2024 : 04:56 :   199: PACS downloaded, with 1 linked publications
10/03/2024 : 04:56 :   Obtaining #200: PACTG
10/03/2024 : 04:56 :   200: PACTG downloaded, with 1 linked publications
10/03/2024 : 04:56 :   files checked: 200
10/03/2024 : 04:56 :   files downloaded: 196
10/03/2024 : 04:56 :   Obtaining #201: PAD
10/03/2024 : 04:56 :   201: PAD downloaded, with 0 linked publications
10/03/2024 : 04:56 :   Obtaining #202: PATHS
10/03/2024 : 04:56 :   202: PATHS downloaded, with 1 linked publications
10/03/2024 : 04:56 :   Obtaining #203: PEACE
10/03/2024 : 04:57 :   203: PEACE downloaded, with 35 linked publications
10/03/2024 : 04:57 :   Obtaining #204: PETAL-BLUE CORAL
10/03/2024 : 04:57 :   !!!! Need to map BLUE CORAL Specimen Collection Processing in mn.document_types table !!!!
10/03/2024 : 04:57 :   204: PETAL-BLUE CORAL downloaded, with 0 linked publications
10/03/2024 : 04:57 :   Obtaining #205: PETAL-CLOVERS
10/03/2024 : 04:57 :   205: PETAL-CLOVERS downloaded, with 0 linked publications
10/03/2024 : 04:57 :   Obtaining #206: PETAL-FIRE CORAL
10/03/2024 : 04:57 :   !!!! Need to map FIRE CORAL Manual of Operating Procedures in mn.document_types table !!!!
10/03/2024 : 04:57 :   206: PETAL-FIRE CORAL downloaded, with 0 linked publications
10/03/2024 : 04:57 :   Obtaining #207: PETAL-LOTUS FRUIT
10/03/2024 : 04:57 :   207: PETAL-LOTUS FRUIT downloaded, with 0 linked publications
10/03/2024 : 04:57 :   Obtaining #208: PETAL-ORCHID
10/03/2024 : 04:57 :   208: PETAL-ORCHID downloaded, with 1 linked publications
10/03/2024 : 04:57 :   Obtaining #209: PETAL-RED CORAL
10/03/2024 : 04:57 :   209: PETAL-RED CORAL downloaded, with 0 linked publications
10/03/2024 : 04:57 :   Obtaining #210: PETAL-ROSE
10/03/2024 : 04:57 :   210: PETAL-ROSE downloaded, with 3 linked publications
10/03/2024 : 04:57 :   files checked: 210
10/03/2024 : 04:57 :   files downloaded: 206
10/03/2024 : 04:57 :   Obtaining #211: PETAL-VIOLET
10/03/2024 : 04:57 :   211: PETAL-VIOLET downloaded, with 1 linked publications
10/03/2024 : 04:57 :   Obtaining #212: PF-ILD Proteomics
10/03/2024 : 04:57 :   212: PF-ILD Proteomics downloaded, with 0 linked publications
10/03/2024 : 04:57 :   Obtaining #213: PIMI
10/03/2024 : 04:57 :   213: PIMI downloaded, with 2 linked publications
10/03/2024 : 04:57 :   Obtaining #214: PIOPED
10/03/2024 : 04:57 :   214: PIOPED downloaded, with 0 linked publications
10/03/2024 : 04:57 :   Obtaining #215: PLADO
10/03/2024 : 04:57 :   215: PLADO downloaded, with 0 linked publications
10/03/2024 : 04:57 :   Obtaining #216: POWER-UP
10/03/2024 : 04:57 :   216: POWER-UP downloaded, with 1 linked publications
10/03/2024 : 04:57 :   Obtaining #217: PPH Registry
10/03/2024 : 04:57 :   217: PPH Registry downloaded, with 5 linked publications
10/03/2024 : 04:57 :   Obtaining #218: PREMIER
10/03/2024 : 04:58 :   218: PREMIER downloaded, with 10 linked publications
10/03/2024 : 04:58 :   Obtaining #219: PRHHP
10/03/2024 : 04:58 :   219: PRHHP downloaded, with 22 linked publications
10/03/2024 : 04:58 :   Obtaining #220: PRIDE
10/03/2024 : 04:58 :   220: PRIDE downloaded, with 0 linked publications
10/03/2024 : 04:58 :   files checked: 220
10/03/2024 : 04:58 :   files downloaded: 216
10/03/2024 : 04:58 :   Obtaining #221: PROMISE
10/03/2024 : 04:58 :   221: PROMISE downloaded, with 2 linked publications
10/03/2024 : 04:58 :   Obtaining #222: PROP
10/03/2024 : 04:58 :   222: PROP downloaded, with 1 linked publications
10/03/2024 : 04:58 :   Obtaining #223: REACT
10/03/2024 : 04:58 :   223: REACT downloaded, with 0 linked publications
10/03/2024 : 04:58 :   Obtaining #224: REDS II-CORE
10/03/2024 : 04:59 :   224: REDS II-CORE downloaded, with 16 linked publications
10/03/2024 : 04:59 :   Obtaining #225: REDS II-Chagas
10/03/2024 : 04:59 :   225: REDS II-Chagas downloaded, with 0 linked publications
10/03/2024 : 04:59 :   Obtaining #226: REDS II-LAPS
10/03/2024 : 04:59 :   226: REDS II-LAPS downloaded, with 18 linked publications
10/03/2024 : 04:59 :   Obtaining #227: REDS II-MS
10/03/2024 : 05:00 :   227: REDS II-MS downloaded, with 17 linked publications
10/03/2024 : 05:00 :   Obtaining #228: REDS II-RISE
10/03/2024 : 05:00 :   228: REDS II-RISE downloaded, with 20 linked publications
10/03/2024 : 05:00 :   Obtaining #229: REDS III
10/03/2024 : 05:00 :   229: REDS III downloaded, with 2 linked publications
10/03/2024 : 05:00 :   Obtaining #230: REDS III-U-S- Zika
10/03/2024 : 05:00 :   230: REDS III-U-S- Zika downloaded, with 0 linked publications
10/03/2024 : 05:00 :   files checked: 230
10/03/2024 : 05:00 :   files downloaded: 226
10/03/2024 : 05:00 :   #231: REDS III-U-S- Zika (non-BioLINCC) is a Non-BioLINCC Resource, not processed further
10/03/2024 : 05:00 :   #232: REDS IV-RESPONSE (non-BioLINCC) is a Non-BioLINCC Resource, not processed further
10/03/2024 : 05:00 :   Obtaining #233: REDS-GLPR
10/03/2024 : 05:01 :   233: REDS-GLPR downloaded, with 19 linked publications
10/03/2024 : 05:01 :   Obtaining #234: REDS-HTLV
10/03/2024 : 05:01 :   234: REDS-HTLV downloaded, with 28 linked publications
10/03/2024 : 05:01 :   Obtaining #235: REDS-RADAR
10/03/2024 : 05:02 :   235: REDS-RADAR downloaded, with 18 linked publications
10/03/2024 : 05:02 :   Obtaining #236: RESTORE
10/03/2024 : 05:02 :   236: RESTORE downloaded, with 0 linked publications
10/03/2024 : 05:02 :   Obtaining #237: REVIVAL
10/03/2024 : 05:02 :   237: REVIVAL downloaded, with 0 linked publications
10/03/2024 : 05:02 :   Obtaining #238: ROC-ALPS
10/03/2024 : 05:02 :   238: ROC-ALPS downloaded, with 8 linked publications
10/03/2024 : 05:02 :   Obtaining #239: ROC-CCC
10/03/2024 : 05:02 :   239: ROC-CCC downloaded, with 10 linked publications
10/03/2024 : 05:02 :   Obtaining #240: ROC-CPR
10/03/2024 : 05:02 :   240: ROC-CPR downloaded, with 0 linked publications
10/03/2024 : 05:02 :   files checked: 240
10/03/2024 : 05:02 :   files downloaded: 234
10/03/2024 : 05:02 :   Obtaining #241: ROC-Cardiac Epistry 1 and 2
10/03/2024 : 05:03 :   241: ROC-Cardiac Epistry 1 and 2 downloaded, with 5 linked publications
10/03/2024 : 05:03 :   Obtaining #242: ROC-Cardiac Epistry 3
10/03/2024 : 05:03 :   242: ROC-Cardiac Epistry 3 downloaded, with 13 linked publications
10/03/2024 : 05:03 :   Obtaining #243: ROC-HS-TBI
10/03/2024 : 05:03 :   243: ROC-HS-TBI downloaded, with 5 linked publications
10/03/2024 : 05:03 :   Obtaining #244: ROC-PART
10/03/2024 : 05:03 :   244: ROC-PART downloaded, with 1 linked publications
10/03/2024 : 05:03 :   Obtaining #245: ROC-PRIMED
10/03/2024 : 05:04 :   245: ROC-PRIMED downloaded, with 15 linked publications
10/03/2024 : 05:04 :   Obtaining #246: ROC-PROHS
10/03/2024 : 05:04 :   246: ROC-PROHS downloaded, with 0 linked publications
10/03/2024 : 05:04 :   Obtaining #247: ROC-PROPPR
10/03/2024 : 05:04 :   247: ROC-PROPPR downloaded, with 0 linked publications
10/03/2024 : 05:04 :   Obtaining #248: ROC-Trauma Epistry
10/03/2024 : 05:04 :   248: ROC-Trauma Epistry downloaded, with 0 linked publications
10/03/2024 : 05:04 :   Obtaining #249: ROMICAT-II
10/03/2024 : 05:04 :   249: ROMICAT-II downloaded, with 1 linked publications
10/03/2024 : 05:04 :   Obtaining #250: ROSTERS
10/03/2024 : 05:04 :   250: ROSTERS downloaded, with 0 linked publications
10/03/2024 : 05:04 :   files checked: 250
10/03/2024 : 05:04 :   files downloaded: 244
10/03/2024 : 05:04 :   Obtaining #251: RTS
10/03/2024 : 05:04 :   251: RTS downloaded, with 0 linked publications
10/03/2024 : 05:04 :   Obtaining #252: SCD-HeFT
10/03/2024 : 05:04 :   252: SCD-HeFT downloaded, with 10 linked publications
10/03/2024 : 05:04 :   Obtaining #253: SCDIC Registry
10/03/2024 : 05:04 :   253: SCDIC Registry downloaded, with 0 linked publications
10/03/2024 : 05:04 :   Obtaining #254: SHEP
10/03/2024 : 05:05 :   254: SHEP downloaded, with 19 linked publications
10/03/2024 : 05:05 :   Obtaining #255: SHHS
10/03/2024 : 05:05 :   255: SHHS downloaded, with 2 linked publications
10/03/2024 : 05:05 :   Obtaining #256: SNAP
10/03/2024 : 05:05 :   256: SNAP downloaded, with 0 linked publications
10/03/2024 : 05:05 :   Obtaining #257: SOLVD
10/03/2024 : 05:05 :   257: SOLVD downloaded, with 26 linked publications
10/03/2024 : 05:05 :   Obtaining #258: SOYA
10/03/2024 : 05:05 :   258: SOYA downloaded, with 0 linked publications
10/03/2024 : 05:05 :   Obtaining #259: SPIROMICS
10/03/2024 : 05:05 :   259: SPIROMICS downloaded, with 1 linked publications
10/03/2024 : 05:05 :   Obtaining #260: SPRINT
10/03/2024 : 05:10 :   260: SPRINT downloaded, with 200 linked publications
10/03/2024 : 05:10 :   files checked: 260
10/03/2024 : 05:10 :   files downloaded: 254
10/03/2024 : 05:10 :   Obtaining #261: STAN
10/03/2024 : 05:10 :   261: STAN downloaded, with 0 linked publications
10/03/2024 : 05:10 :   Obtaining #262: STICH
10/03/2024 : 05:10 :   262: STICH downloaded, with 7 linked publications
10/03/2024 : 05:10 :   Obtaining #263: STOP II
10/03/2024 : 05:10 :   263: STOP II downloaded, with 0 linked publications
10/03/2024 : 05:10 :   Obtaining #264: TAAG
10/03/2024 : 05:10 :   264: TAAG downloaded, with 2 linked publications
10/03/2024 : 05:10 :   Obtaining #265: TACT
10/03/2024 : 05:10 :   265: TACT downloaded, with 0 linked publications
10/03/2024 : 05:10 :   Obtaining #266: TCD
10/03/2024 : 05:10 :   266: TCD downloaded, with 0 linked publications
10/03/2024 : 05:10 :   Obtaining #267: THAPCA-IH
10/03/2024 : 05:10 :   267: THAPCA-IH downloaded, with 0 linked publications
10/03/2024 : 05:10 :   Obtaining #268: THAPCA-OH
10/03/2024 : 05:10 :   268: THAPCA-OH downloaded, with 1 linked publications
10/03/2024 : 05:10 :   Obtaining #269: TIMI II
10/03/2024 : 05:10 :   269: TIMI II downloaded, with 6 linked publications
10/03/2024 : 05:10 :   Obtaining #270: TIMI III
10/03/2024 : 05:10 :   270: TIMI III downloaded, with 3 linked publications
10/03/2024 : 05:10 :   files checked: 270
10/03/2024 : 05:10 :   files downloaded: 264
10/03/2024 : 05:10 :   Obtaining #271: TMH CTN-RECESS
10/03/2024 : 05:10 :   271: TMH CTN-RECESS downloaded, with 0 linked publications
10/03/2024 : 05:10 :   Obtaining #272: TMH CTN-RING
10/03/2024 : 05:10 :   272: TMH CTN-RING downloaded, with 0 linked publications
10/03/2024 : 05:10 :   Obtaining #273: TOHP
10/03/2024 : 05:11 :   273: TOHP downloaded, with 6 linked publications
10/03/2024 : 05:11 :   Obtaining #274: TOLSURF
10/03/2024 : 05:11 :   274: TOLSURF downloaded, with 0 linked publications
10/03/2024 : 05:11 :   Obtaining #275: TOP
10/03/2024 : 05:11 :   275: TOP downloaded, with 0 linked publications
10/03/2024 : 05:11 :   Obtaining #276: TOPCAT
10/03/2024 : 05:12 :   276: TOPCAT downloaded, with 57 linked publications
10/03/2024 : 05:12 :   Obtaining #277: TRAP
10/03/2024 : 05:12 :   277: TRAP downloaded, with 5 linked publications
10/03/2024 : 05:12 :   Obtaining #278: TRIM
10/03/2024 : 05:12 :   278: TRIM downloaded, with 0 linked publications
10/03/2024 : 05:12 :   Obtaining #279: TSS
10/03/2024 : 05:13 :   279: TSS downloaded, with 27 linked publications
10/03/2024 : 05:13 :   Obtaining #280: TTVS
10/03/2024 : 05:13 :   280: TTVS downloaded, with 20 linked publications
10/03/2024 : 05:13 :   files checked: 280
10/03/2024 : 05:13 :   files downloaded: 274
10/03/2024 : 05:13 :   Obtaining #281: VA2-TAH
10/03/2024 : 05:13 :   281: VA2-TAH downloaded, with 0 linked publications
10/03/2024 : 05:13 :   Obtaining #282: VATS
10/03/2024 : 05:14 :   282: VATS downloaded, with 29 linked publications
10/03/2024 : 05:14 :   Obtaining #283: WAVE
10/03/2024 : 05:14 :   283: WAVE downloaded, with 1 linked publications
10/03/2024 : 05:14 :   #284: WHI (non-BioLINCC) is a Non-BioLINCC Resource, not processed further
10/03/2024 : 05:14 :   Obtaining #285: WHI-CTOS
10/03/2024 : 05:15 :   285: WHI-CTOS downloaded, with 50 linked publications
10/03/2024 : 05:15 :   Obtaining #286: WHI-LILAC
10/03/2024 : 05:15 :   286: WHI-LILAC downloaded, with 0 linked publications
10/03/2024 : 05:15 :   Obtaining #287: WISE
10/03/2024 : 05:15 :   287: WISE downloaded, with 1 linked publications
10/03/2024 : 05:15 :   Obtaining #288: WLM
10/03/2024 : 05:15 :   288: WLM downloaded, with 2 linked publications
10/03/2024 : 05:15 :   Obtaining #289: WNV
10/03/2024 : 05:15 :   289: WNV downloaded, with 2 linked publications
10/03/2024 : 05:15 :   Obtaining #290: WRAP-IPF
10/03/2024 : 05:15 :   290: WRAP-IPF downloaded, with 0 linked publications
10/03/2024 : 05:15 :   files checked: 290
10/03/2024 : 05:15 :   files downloaded: 283
10/03/2024 : 05:15 :   #291: YODA (non-BioLINCC) is a Non-BioLINCC Resource, not processed further
10/03/2024 : 05:15 :   Obtaining #292: eMoms Roc
10/03/2024 : 05:15 :   292: eMoms Roc downloaded, with 0 linked publications
10/03/2024 : 05:15 :   Obtaining #293: iCOMPARE
10/03/2024 : 05:15 :   293: iCOMPARE downloaded, with 0 linked publications
10/03/2024 : 05:15 :   Obtaining #294: walk-PHaSST
10/03/2024 : 05:15 :   294: walk-PHaSST downloaded, with 0 linked publications
10/03/2024 : 05:15 :   Checked 10
10/03/2024 : 05:15 :   Checked 20
10/03/2024 : 05:15 :   Checked 30
10/03/2024 : 05:15 :   Checked 40
10/03/2024 : 05:15 :   Checked 50
10/03/2024 : 05:15 :   Checked 60
10/03/2024 : 05:15 :   Checked 70
10/03/2024 : 05:15 :   Checked 80
10/03/2024 : 05:15 :   Checked 90
10/03/2024 : 05:15 :   Checked 100
10/03/2024 : 05:15 :   Checked 110
10/03/2024 : 05:15 :   Checked 120
10/03/2024 : 05:15 :   Checked 130
10/03/2024 : 05:15 :   Checked 140
10/03/2024 : 05:15 :   Checked 150
10/03/2024 : 05:15 :   Checked 160
10/03/2024 : 05:15 :   Checked 170
10/03/2024 : 05:15 :   Checked 180
10/03/2024 : 05:15 :   Checked 190
10/03/2024 : 05:15 :   Checked 200
10/03/2024 : 05:15 :   Checked 210
10/03/2024 : 05:15 :   Checked 220
10/03/2024 : 05:15 :   Checked 230
10/03/2024 : 05:15 :   Checked 240
10/03/2024 : 05:15 :   Checked 250
10/03/2024 : 05:15 :   Checked 260
10/03/2024 : 05:15 :   Checked 270
10/03/2024 : 05:15 :   Checked 280
10/03/2024 : 05:15 :   Updated 28 as being in 'multiple biolincc to 1 NCT' group
10/03/2024 : 05:15 :   ObtainDataFromSourceAsync ended!

10/03/2024 : 05:15 :   **** Download Result ****
10/03/2024 : 05:15 :   Source Id: 101900
10/03/2024 : 05:15 :   Download Event Id: 102317
10/03/2024 : 05:15 :   Start time: 10/03/2024 04:04:55
10/03/2024 : 05:15 :   End time: 10/03/2024 05:15:56
10/03/2024 : 05:15 :   Records checked: 294
10/03/2024 : 05:15 :   Records downloaded: 286
10/03/2024 : 05:15 :   Records added: 0

10/03/2024 : 05:15 :   **** Closing Log ****
