10/01/2024 : 06:43 :   ****** DOWNLOAD ******

10/01/2024 : 06:43 :   **** Set up ****
10/01/2024 : 06:43 :   Download event Id is 102261
10/01/2024 : 06:43 :   
10/01/2024 : 06:43 :   Source_id is 100120
10/01/2024 : 06:43 :   Type_id is 111
10/01/2024 : 06:43 :   Cutoff date is 2020-09-23
10/01/2024 : 06:43 :   Calling ObtainDataFromSourceAsync...
10/01/2024 : 06:43 :   250 files processed, 0 added, after 10 calls  (out of 10520)
10/01/2024 : 06:44 :   500 files processed, 1 added, after 20 calls 
10/01/2024 : 06:44 :   750 files processed, 2 added, after 30 calls 
10/01/2024 : 06:44 :   1000 files processed, 3 added, after 40 calls 
10/01/2024 : 06:44 :   1250 files processed, 4 added, after 50 calls 
10/01/2024 : 06:44 :   1500 files processed, 4 added, after 60 calls 
10/01/2024 : 06:45 :   1750 files processed, 4 added, after 70 calls 
10/01/2024 : 06:45 :   2000 files processed, 4 added, after 80 calls 
10/01/2024 : 06:45 :   2250 files processed, 4 added, after 90 calls 
10/01/2024 : 06:45 :   2500 files processed, 4 added, after 100 calls 
10/01/2024 : 06:45 :   2750 files processed, 4 added, after 110 calls 
10/01/2024 : 06:45 :   3000 files processed, 4 added, after 120 calls 
10/01/2024 : 06:46 :   3250 files processed, 5 added, after 130 calls 
10/01/2024 : 06:46 :   3500 files processed, 6 added, after 140 calls 
10/01/2024 : 06:46 :   3750 files processed, 6 added, after 150 calls 
10/01/2024 : 06:46 :   4000 files processed, 6 added, after 160 calls 
10/01/2024 : 06:46 :   4250 files processed, 6 added, after 170 calls 
10/01/2024 : 06:47 :   4500 files processed, 6 added, after 180 calls 
10/01/2024 : 06:47 :   4750 files processed, 6 added, after 190 calls 
10/01/2024 : 06:47 :   5000 files processed, 6 added, after 200 calls  (out of 10520)
10/01/2024 : 06:47 :   5250 files processed, 6 added, after 210 calls 
10/01/2024 : 06:47 :   5500 files processed, 6 added, after 220 calls 
10/01/2024 : 06:47 :   5750 files processed, 6 added, after 230 calls 
10/01/2024 : 06:48 :   6000 files processed, 6 added, after 240 calls 
10/01/2024 : 06:48 :   6250 files processed, 7 added, after 250 calls 
10/01/2024 : 06:48 :   6500 files processed, 7 added, after 260 calls 
10/01/2024 : 06:48 :   6750 files processed, 7 added, after 270 calls 
10/01/2024 : 06:48 :   7000 files processed, 7 added, after 280 calls 
10/01/2024 : 06:48 :   7250 files processed, 7 added, after 290 calls 
10/01/2024 : 06:49 :   7500 files processed, 8 added, after 300 calls 
10/01/2024 : 06:49 :   7750 files processed, 8 added, after 310 calls 
10/01/2024 : 06:49 :   8000 files processed, 8 added, after 320 calls 
10/01/2024 : 06:49 :   8250 files processed, 8 added, after 330 calls 
10/01/2024 : 06:49 :   8500 files processed, 9 added, after 340 calls 
10/01/2024 : 06:50 :   8750 files processed, 9 added, after 350 calls 
10/01/2024 : 06:50 :   9000 files processed, 9 added, after 360 calls 
10/01/2024 : 06:50 :   9250 files processed, 9 added, after 370 calls 
10/01/2024 : 06:50 :   9500 files processed, 9 added, after 380 calls 
10/01/2024 : 06:50 :   9750 files processed, 9 added, after 390 calls 
10/01/2024 : 06:50 :   10000 files processed, 9 added, after 400 calls  (out of 10520)
10/01/2024 : 06:51 :   10250 files processed, 9 added, after 410 calls 
10/01/2024 : 06:51 :   10500 files processed, 9 added, after 420 calls 
10/01/2024 : 06:51 :   10750 files processed, 9 added, after 430 calls 
10/01/2024 : 06:51 :   11000 files processed, 9 added, after 440 calls 
10/01/2024 : 06:51 :   11250 files processed, 9 added, after 450 calls 
10/01/2024 : 06:51 :   11500 files processed, 9 added, after 460 calls 
10/01/2024 : 06:52 :   11750 files processed, 9 added, after 470 calls 
10/01/2024 : 06:52 :   12000 files processed, 9 added, after 480 calls 
10/01/2024 : 06:52 :   12250 files processed, 9 added, after 490 calls 
10/01/2024 : 06:52 :   12500 files processed, 9 added, after 500 calls 
10/01/2024 : 06:52 :   12750 files processed, 9 added, after 510 calls 
10/01/2024 : 06:52 :   13000 files processed, 9 added, after 520 calls 
10/01/2024 : 06:53 :   13250 files processed, 9 added, after 530 calls 
10/01/2024 : 06:53 :   13500 files processed, 9 added, after 540 calls 
10/01/2024 : 06:53 :   13750 files processed, 9 added, after 550 calls 
10/01/2024 : 06:53 :   14000 files processed, 9 added, after 560 calls 
10/01/2024 : 06:53 :   14250 files processed, 9 added, after 570 calls 
10/01/2024 : 06:54 :   14500 files processed, 9 added, after 580 calls 
10/01/2024 : 06:54 :   14750 files processed, 9 added, after 590 calls 
10/01/2024 : 06:54 :   15000 files processed, 9 added, after 600 calls  (out of 10520)
10/01/2024 : 06:54 :   15250 files processed, 9 added, after 610 calls 
10/01/2024 : 06:54 :   15500 files processed, 9 added, after 620 calls 
10/01/2024 : 06:54 :   15750 files processed, 9 added, after 630 calls 
10/01/2024 : 06:55 :   16000 files processed, 9 added, after 640 calls 
10/01/2024 : 06:55 :   16250 files processed, 9 added, after 650 calls 
10/01/2024 : 06:55 :   16500 files processed, 9 added, after 660 calls 
10/01/2024 : 06:55 :   16750 files processed, 10 added, after 670 calls 
10/01/2024 : 06:55 :   17000 files processed, 10 added, after 680 calls 
10/01/2024 : 06:55 :   17250 files processed, 10 added, after 690 calls 
10/01/2024 : 06:56 :   17500 files processed, 10 added, after 700 calls 
10/01/2024 : 06:56 :   17750 files processed, 10 added, after 710 calls 
10/01/2024 : 06:56 :   18000 files processed, 11 added, after 720 calls 
10/01/2024 : 06:56 :   18250 files processed, 11 added, after 730 calls 
10/01/2024 : 06:56 :   18500 files processed, 11 added, after 740 calls 
10/01/2024 : 06:57 :   18750 files processed, 12 added, after 750 calls 
10/01/2024 : 06:57 :   19000 files processed, 12 added, after 760 calls 
10/01/2024 : 06:57 :   19250 files processed, 12 added, after 770 calls 
10/01/2024 : 06:57 :   19500 files processed, 12 added, after 780 calls 
10/01/2024 : 06:57 :   19750 files processed, 12 added, after 790 calls 
10/01/2024 : 06:57 :   20000 files processed, 12 added, after 800 calls  (out of 10520)
10/01/2024 : 06:58 :   20250 files processed, 13 added, after 810 calls 
10/01/2024 : 06:58 :   20500 files processed, 13 added, after 820 calls 
10/01/2024 : 06:58 :   20750 files processed, 14 added, after 830 calls 
10/01/2024 : 06:58 :   21000 files processed, 14 added, after 840 calls 
10/01/2024 : 06:58 :   21250 files processed, 14 added, after 850 calls 
10/01/2024 : 06:59 :   21500 files processed, 14 added, after 860 calls 
10/01/2024 : 06:59 :   21750 files processed, 14 added, after 870 calls 
10/01/2024 : 06:59 :   22000 files processed, 14 added, after 880 calls 
10/01/2024 : 06:59 :   22250 files processed, 14 added, after 890 calls 
10/01/2024 : 06:59 :   22500 files processed, 14 added, after 900 calls 
10/01/2024 : 06:59 :   22750 files processed, 14 added, after 910 calls 
10/01/2024 : 07:00 :   23000 files processed, 14 added, after 920 calls 
10/01/2024 : 07:00 :   23250 files processed, 14 added, after 930 calls 
10/01/2024 : 07:00 :   23500 files processed, 14 added, after 940 calls 
10/01/2024 : 07:00 :   23750 files processed, 14 added, after 950 calls 
10/01/2024 : 07:00 :   24000 files processed, 14 added, after 960 calls 
10/01/2024 : 07:00 :   24250 files processed, 14 added, after 970 calls 
10/01/2024 : 07:01 :   24500 files processed, 14 added, after 980 calls 
10/01/2024 : 07:01 :   24750 files processed, 14 added, after 990 calls 
10/01/2024 : 07:01 :   25000 files processed, 14 added, after 1000 calls  (out of 10520)
10/01/2024 : 07:01 :   25250 files processed, 15 added, after 1010 calls 
10/01/2024 : 07:01 :   25500 files processed, 15 added, after 1020 calls 
10/01/2024 : 07:02 :   25750 files processed, 15 added, after 1030 calls 
10/01/2024 : 07:02 :   26000 files processed, 15 added, after 1040 calls 
10/01/2024 : 07:02 :   26250 files processed, 16 added, after 1050 calls 
10/01/2024 : 07:02 :   26500 files processed, 16 added, after 1060 calls 
10/01/2024 : 07:02 :   26750 files processed, 16 added, after 1070 calls 
10/01/2024 : 07:02 :   27000 files processed, 16 added, after 1080 calls 
10/01/2024 : 07:03 :   27250 files processed, 17 added, after 1090 calls 
10/01/2024 : 07:03 :   27500 files processed, 17 added, after 1100 calls 
10/01/2024 : 07:03 :   27750 files processed, 17 added, after 1110 calls 
10/01/2024 : 07:03 :   28000 files processed, 17 added, after 1120 calls 
10/01/2024 : 07:03 :   28250 files processed, 18 added, after 1130 calls 
10/01/2024 : 07:03 :   28500 files processed, 18 added, after 1140 calls 
10/01/2024 : 07:04 :   28750 files processed, 18 added, after 1150 calls 
10/01/2024 : 07:04 :   29000 files processed, 18 added, after 1160 calls 
10/01/2024 : 07:04 :   29250 files processed, 18 added, after 1170 calls 
10/01/2024 : 07:04 :   29500 files processed, 19 added, after 1180 calls 
10/01/2024 : 07:04 :   29750 files processed, 19 added, after 1190 calls 
10/01/2024 : 07:04 :   30000 files processed, 19 added, after 1200 calls  (out of 10520)
10/01/2024 : 07:05 :   30250 files processed, 19 added, after 1210 calls 
10/01/2024 : 07:05 :   30500 files processed, 20 added, after 1220 calls 
10/01/2024 : 07:05 :   30750 files processed, 20 added, after 1230 calls 
10/01/2024 : 07:05 :   31000 files processed, 20 added, after 1240 calls 
10/01/2024 : 07:05 :   31250 files processed, 20 added, after 1250 calls 
10/01/2024 : 07:06 :   31500 files processed, 20 added, after 1260 calls 
10/01/2024 : 07:06 :   31750 files processed, 20 added, after 1270 calls 
10/01/2024 : 07:06 :   32000 files processed, 20 added, after 1280 calls 
10/01/2024 : 07:06 :   32250 files processed, 21 added, after 1290 calls 
10/01/2024 : 07:06 :   32500 files processed, 21 added, after 1300 calls 
10/01/2024 : 07:06 :   32750 files processed, 21 added, after 1310 calls 
10/01/2024 : 07:07 :   33000 files processed, 21 added, after 1320 calls 
10/01/2024 : 07:07 :   33250 files processed, 22 added, after 1330 calls 
10/01/2024 : 07:07 :   33500 files processed, 22 added, after 1340 calls 
10/01/2024 : 07:07 :   33750 files processed, 22 added, after 1350 calls 
10/01/2024 : 07:07 :   34000 files processed, 22 added, after 1360 calls 
10/01/2024 : 07:07 :   34250 files processed, 22 added, after 1370 calls 
10/01/2024 : 07:08 :   34500 files processed, 22 added, after 1380 calls 
10/01/2024 : 07:08 :   34750 files processed, 22 added, after 1390 calls 
10/01/2024 : 07:08 :   35000 files processed, 24 added, after 1400 calls  (out of 10520)
10/01/2024 : 07:08 :   35250 files processed, 24 added, after 1410 calls 
10/01/2024 : 07:08 :   35500 files processed, 24 added, after 1420 calls 
10/01/2024 : 07:09 :   35750 files processed, 24 added, after 1430 calls 
10/01/2024 : 07:09 :   36000 files processed, 24 added, after 1440 calls 
10/01/2024 : 07:09 :   36250 files processed, 25 added, after 1450 calls 
10/01/2024 : 07:09 :   36500 files processed, 25 added, after 1460 calls 
10/01/2024 : 07:09 :   36750 files processed, 25 added, after 1470 calls 
10/01/2024 : 07:09 :   37000 files processed, 25 added, after 1480 calls 
10/01/2024 : 07:10 :   37250 files processed, 25 added, after 1490 calls 
10/01/2024 : 07:10 :   37500 files processed, 25 added, after 1500 calls 
10/01/2024 : 07:10 :   37750 files processed, 25 added, after 1510 calls 
10/01/2024 : 07:10 :   38000 files processed, 25 added, after 1520 calls 
10/01/2024 : 07:10 :   38250 files processed, 25 added, after 1530 calls 
10/01/2024 : 07:10 :   38500 files processed, 25 added, after 1540 calls 
10/01/2024 : 07:11 :   38750 files processed, 26 added, after 1550 calls 
10/01/2024 : 07:11 :   39000 files processed, 26 added, after 1560 calls 
10/01/2024 : 07:11 :   39250 files processed, 26 added, after 1570 calls 
10/01/2024 : 07:11 :   39500 files processed, 27 added, after 1580 calls 
10/01/2024 : 07:11 :   39750 files processed, 27 added, after 1590 calls 
10/01/2024 : 07:12 :   40000 files processed, 27 added, after 1600 calls  (out of 10520)
10/01/2024 : 07:12 :   40250 files processed, 27 added, after 1610 calls 
10/01/2024 : 07:12 :   40500 files processed, 27 added, after 1620 calls 
10/01/2024 : 07:12 :   40750 files processed, 27 added, after 1630 calls 
10/01/2024 : 07:12 :   41000 files processed, 27 added, after 1640 calls 
10/01/2024 : 07:12 :   41250 files processed, 27 added, after 1650 calls 
10/01/2024 : 07:13 :   41500 files processed, 27 added, after 1660 calls 
10/01/2024 : 07:13 :   41750 files processed, 27 added, after 1670 calls 
10/01/2024 : 07:13 :   42000 files processed, 27 added, after 1680 calls 
10/01/2024 : 07:13 :   42250 files processed, 27 added, after 1690 calls 
10/01/2024 : 07:13 :   42500 files processed, 27 added, after 1700 calls 
10/01/2024 : 07:14 :   42750 files processed, 27 added, after 1710 calls 
10/01/2024 : 07:14 :   43000 files processed, 27 added, after 1720 calls 
10/01/2024 : 07:14 :   43250 files processed, 27 added, after 1730 calls 
10/01/2024 : 07:14 :   43500 files processed, 27 added, after 1740 calls 
10/01/2024 : 07:14 :   43750 files processed, 28 added, after 1750 calls 
10/01/2024 : 07:14 :   44000 files processed, 28 added, after 1760 calls 
10/01/2024 : 07:15 :   44250 files processed, 28 added, after 1770 calls 
10/01/2024 : 07:15 :   44500 files processed, 28 added, after 1780 calls 
10/01/2024 : 07:15 :   44750 files processed, 28 added, after 1790 calls 
10/01/2024 : 07:15 :   45000 files processed, 29 added, after 1800 calls  (out of 10520)
10/01/2024 : 07:15 :   45250 files processed, 29 added, after 1810 calls 
10/01/2024 : 07:15 :   45500 files processed, 29 added, after 1820 calls 
10/01/2024 : 07:16 :   45750 files processed, 29 added, after 1830 calls 
10/01/2024 : 07:16 :   46000 files processed, 29 added, after 1840 calls 
10/01/2024 : 07:16 :   46250 files processed, 30 added, after 1850 calls 
10/01/2024 : 07:16 :   46500 files processed, 30 added, after 1860 calls 
10/01/2024 : 07:16 :   46750 files processed, 30 added, after 1870 calls 
10/01/2024 : 07:17 :   47000 files processed, 30 added, after 1880 calls 
10/01/2024 : 07:17 :   47250 files processed, 30 added, after 1890 calls 
10/01/2024 : 07:17 :   47500 files processed, 30 added, after 1900 calls 
10/01/2024 : 07:17 :   47750 files processed, 30 added, after 1910 calls 
10/01/2024 : 07:17 :   48000 files processed, 30 added, after 1920 calls 
10/01/2024 : 07:17 :   48250 files processed, 30 added, after 1930 calls 
10/01/2024 : 07:18 :   48500 files processed, 30 added, after 1940 calls 
10/01/2024 : 07:18 :   48750 files processed, 30 added, after 1950 calls 
10/01/2024 : 07:18 :   49000 files processed, 30 added, after 1960 calls 
10/01/2024 : 07:18 :   49250 files processed, 30 added, after 1970 calls 
10/01/2024 : 07:18 :   49500 files processed, 30 added, after 1980 calls 
10/01/2024 : 07:18 :   49750 files processed, 30 added, after 1990 calls 
10/01/2024 : 07:19 :   50000 files processed, 30 added, after 2000 calls  (out of 10520)
10/01/2024 : 07:19 :   50250 files processed, 30 added, after 2010 calls 
10/01/2024 : 07:19 :   50500 files processed, 30 added, after 2020 calls 
10/01/2024 : 07:19 :   50750 files processed, 30 added, after 2030 calls 
10/01/2024 : 07:19 :   51000 files processed, 30 added, after 2040 calls 
10/01/2024 : 07:19 :   51250 files processed, 30 added, after 2050 calls 
10/01/2024 : 07:20 :   51500 files processed, 30 added, after 2060 calls 
10/01/2024 : 07:20 :   51750 files processed, 30 added, after 2070 calls 
10/01/2024 : 07:20 :   52000 files processed, 30 added, after 2080 calls 
10/01/2024 : 07:20 :   52250 files processed, 30 added, after 2090 calls 
10/01/2024 : 07:20 :   52500 files processed, 30 added, after 2100 calls 
10/01/2024 : 07:21 :   52750 files processed, 30 added, after 2110 calls 
10/01/2024 : 07:21 :   53000 files processed, 30 added, after 2120 calls 
10/01/2024 : 07:21 :   53250 files processed, 30 added, after 2130 calls 
10/01/2024 : 07:21 :   53500 files processed, 30 added, after 2140 calls 
10/01/2024 : 07:21 :   53750 files processed, 31 added, after 2150 calls 
10/01/2024 : 07:21 :   54000 files processed, 32 added, after 2160 calls 
10/01/2024 : 07:22 :   54250 files processed, 32 added, after 2170 calls 
10/01/2024 : 07:22 :   54500 files processed, 33 added, after 2180 calls 
10/01/2024 : 07:22 :   54750 files processed, 33 added, after 2190 calls 
10/01/2024 : 07:22 :   55000 files processed, 33 added, after 2200 calls  (out of 10520)
10/01/2024 : 07:22 :   55250 files processed, 33 added, after 2210 calls 
10/01/2024 : 07:22 :   55500 files processed, 33 added, after 2220 calls 
10/01/2024 : 07:23 :   55750 files processed, 33 added, after 2230 calls 
10/01/2024 : 07:23 :   56000 files processed, 33 added, after 2240 calls 
10/01/2024 : 07:23 :   56250 files processed, 33 added, after 2250 calls 
10/01/2024 : 07:23 :   56500 files processed, 33 added, after 2260 calls 
10/01/2024 : 07:23 :   56750 files processed, 33 added, after 2270 calls 
10/01/2024 : 07:23 :   57000 files processed, 34 added, after 2280 calls 
10/01/2024 : 07:24 :   57250 files processed, 34 added, after 2290 calls 
10/01/2024 : 07:24 :   57500 files processed, 34 added, after 2300 calls 
10/01/2024 : 07:24 :   57750 files processed, 34 added, after 2310 calls 
10/01/2024 : 07:24 :   58000 files processed, 35 added, after 2320 calls 
10/01/2024 : 07:24 :   58250 files processed, 35 added, after 2330 calls 
10/01/2024 : 07:25 :   58500 files processed, 35 added, after 2340 calls 
10/01/2024 : 07:25 :   58750 files processed, 36 added, after 2350 calls 
10/01/2024 : 07:25 :   59000 files processed, 36 added, after 2360 calls 
10/01/2024 : 07:25 :   59250 files processed, 36 added, after 2370 calls 
10/01/2024 : 07:25 :   59500 files processed, 36 added, after 2380 calls 
10/01/2024 : 07:25 :   59750 files processed, 36 added, after 2390 calls 
10/01/2024 : 07:26 :   60000 files processed, 36 added, after 2400 calls  (out of 10520)
10/01/2024 : 07:26 :   60250 files processed, 36 added, after 2410 calls 
10/01/2024 : 07:26 :   60500 files processed, 36 added, after 2420 calls 
10/01/2024 : 07:26 :   60750 files processed, 36 added, after 2430 calls 
10/01/2024 : 07:26 :   61000 files processed, 36 added, after 2440 calls 
10/01/2024 : 07:26 :   61250 files processed, 36 added, after 2450 calls 
10/01/2024 : 07:27 :   61500 files processed, 36 added, after 2460 calls 
10/01/2024 : 07:27 :   61750 files processed, 37 added, after 2470 calls 
10/01/2024 : 07:27 :   62000 files processed, 37 added, after 2480 calls 
10/01/2024 : 07:27 :   62250 files processed, 38 added, after 2490 calls 
10/01/2024 : 07:27 :   62500 files processed, 38 added, after 2500 calls 
10/01/2024 : 07:27 :   62750 files processed, 38 added, after 2510 calls 
10/01/2024 : 07:28 :   63000 files processed, 38 added, after 2520 calls 
10/01/2024 : 07:28 :   63250 files processed, 38 added, after 2530 calls 
10/01/2024 : 07:28 :   63500 files processed, 38 added, after 2540 calls 
10/01/2024 : 07:28 :   63750 files processed, 38 added, after 2550 calls 
10/01/2024 : 07:28 :   64000 files processed, 38 added, after 2560 calls 
10/01/2024 : 07:29 :   64250 files processed, 38 added, after 2570 calls 
10/01/2024 : 07:29 :   64500 files processed, 38 added, after 2580 calls 
10/01/2024 : 07:29 :   64750 files processed, 38 added, after 2590 calls 
10/01/2024 : 07:29 :   65000 files processed, 38 added, after 2600 calls  (out of 10520)
10/01/2024 : 07:29 :   65250 files processed, 38 added, after 2610 calls 
10/01/2024 : 07:29 :   65500 files processed, 39 added, after 2620 calls 
10/01/2024 : 07:30 :   65750 files processed, 39 added, after 2630 calls 
10/01/2024 : 07:30 :   66000 files processed, 39 added, after 2640 calls 
10/01/2024 : 07:30 :   66250 files processed, 39 added, after 2650 calls 
10/01/2024 : 07:30 :   66500 files processed, 39 added, after 2660 calls 
10/01/2024 : 07:30 :   66750 files processed, 39 added, after 2670 calls 
10/01/2024 : 07:30 :   67000 files processed, 39 added, after 2680 calls 
10/01/2024 : 07:31 :   67250 files processed, 39 added, after 2690 calls 
10/01/2024 : 07:31 :   67500 files processed, 40 added, after 2700 calls 
10/01/2024 : 07:31 :   67750 files processed, 40 added, after 2710 calls 
10/01/2024 : 07:31 :   68000 files processed, 40 added, after 2720 calls 
10/01/2024 : 07:31 :   68250 files processed, 41 added, after 2730 calls 
10/01/2024 : 07:31 :   68500 files processed, 42 added, after 2740 calls 
10/01/2024 : 07:32 :   68750 files processed, 42 added, after 2750 calls 
10/01/2024 : 07:32 :   69000 files processed, 42 added, after 2760 calls 
10/01/2024 : 07:32 :   69250 files processed, 42 added, after 2770 calls 
10/01/2024 : 07:32 :   69500 files processed, 43 added, after 2780 calls 
10/01/2024 : 07:32 :   69750 files processed, 43 added, after 2790 calls 
10/01/2024 : 07:33 :   70000 files processed, 43 added, after 2800 calls  (out of 10520)
10/01/2024 : 07:33 :   70250 files processed, 43 added, after 2810 calls 
10/01/2024 : 07:33 :   70500 files processed, 43 added, after 2820 calls 
10/01/2024 : 07:33 :   70750 files processed, 44 added, after 2830 calls 
10/01/2024 : 07:33 :   71000 files processed, 44 added, after 2840 calls 
10/01/2024 : 07:33 :   71250 files processed, 44 added, after 2850 calls 
10/01/2024 : 07:34 :   71500 files processed, 44 added, after 2860 calls 
10/01/2024 : 07:34 :   71750 files processed, 44 added, after 2870 calls 
10/01/2024 : 07:34 :   72000 files processed, 44 added, after 2880 calls 
10/01/2024 : 07:34 :   72250 files processed, 44 added, after 2890 calls 
10/01/2024 : 07:34 :   72500 files processed, 44 added, after 2900 calls 
10/01/2024 : 07:34 :   72750 files processed, 44 added, after 2910 calls 
10/01/2024 : 07:35 :   73000 files processed, 44 added, after 2920 calls 
10/01/2024 : 07:35 :   73250 files processed, 44 added, after 2930 calls 
10/01/2024 : 07:35 :   73500 files processed, 45 added, after 2940 calls 
10/01/2024 : 07:35 :   73750 files processed, 45 added, after 2950 calls 
10/01/2024 : 07:35 :   74000 files processed, 45 added, after 2960 calls 
10/01/2024 : 07:35 :   74250 files processed, 45 added, after 2970 calls 
10/01/2024 : 07:36 :   74500 files processed, 45 added, after 2980 calls 
10/01/2024 : 07:36 :   74750 files processed, 45 added, after 2990 calls 
10/01/2024 : 07:36 :   75000 files processed, 45 added, after 3000 calls  (out of 10520)
10/01/2024 : 07:36 :   75250 files processed, 45 added, after 3010 calls 
10/01/2024 : 07:36 :   75500 files processed, 45 added, after 3020 calls 
10/01/2024 : 07:37 :   75750 files processed, 45 added, after 3030 calls 
10/01/2024 : 07:37 :   76000 files processed, 45 added, after 3040 calls 
10/01/2024 : 07:37 :   76250 files processed, 45 added, after 3050 calls 
10/01/2024 : 07:37 :   76500 files processed, 45 added, after 3060 calls 
10/01/2024 : 07:37 :   76750 files processed, 45 added, after 3070 calls 
10/01/2024 : 07:37 :   77000 files processed, 45 added, after 3080 calls 
10/01/2024 : 07:38 :   77250 files processed, 45 added, after 3090 calls 
10/01/2024 : 07:38 :   77500 files processed, 45 added, after 3100 calls 
10/01/2024 : 07:38 :   77750 files processed, 45 added, after 3110 calls 
10/01/2024 : 07:38 :   78000 files processed, 45 added, after 3120 calls 
10/01/2024 : 07:38 :   78250 files processed, 45 added, after 3130 calls 
10/01/2024 : 07:38 :   78500 files processed, 45 added, after 3140 calls 
10/01/2024 : 07:39 :   78750 files processed, 45 added, after 3150 calls 
10/01/2024 : 07:39 :   79000 files processed, 45 added, after 3160 calls 
10/01/2024 : 07:39 :   79250 files processed, 46 added, after 3170 calls 
10/01/2024 : 07:39 :   79500 files processed, 46 added, after 3180 calls 
10/01/2024 : 07:39 :   79750 files processed, 46 added, after 3190 calls 
10/01/2024 : 07:39 :   80000 files processed, 46 added, after 3200 calls  (out of 10520)
10/01/2024 : 07:40 :   80250 files processed, 47 added, after 3210 calls 
10/01/2024 : 07:40 :   80500 files processed, 48 added, after 3220 calls 
10/01/2024 : 07:40 :   80750 files processed, 48 added, after 3230 calls 
10/01/2024 : 07:40 :   81000 files processed, 49 added, after 3240 calls 
10/01/2024 : 07:40 :   81250 files processed, 49 added, after 3250 calls 
10/01/2024 : 07:41 :   81500 files processed, 49 added, after 3260 calls 
10/01/2024 : 07:41 :   81750 files processed, 49 added, after 3270 calls 
10/01/2024 : 07:41 :   82000 files processed, 50 added, after 3280 calls 
10/01/2024 : 07:41 :   82250 files processed, 50 added, after 3290 calls 
10/01/2024 : 07:41 :   82500 files processed, 50 added, after 3300 calls 
10/01/2024 : 07:41 :   82750 files processed, 50 added, after 3310 calls 
10/01/2024 : 07:42 :   83000 files processed, 50 added, after 3320 calls 
10/01/2024 : 07:42 :   83250 files processed, 50 added, after 3330 calls 
10/01/2024 : 07:42 :   83500 files processed, 50 added, after 3340 calls 
10/01/2024 : 07:42 :   83750 files processed, 50 added, after 3350 calls 
10/01/2024 : 07:42 :   84000 files processed, 51 added, after 3360 calls 
10/01/2024 : 07:42 :   84250 files processed, 52 added, after 3370 calls 
10/01/2024 : 07:43 :   84500 files processed, 52 added, after 3380 calls 
10/01/2024 : 07:43 :   84750 files processed, 52 added, after 3390 calls 
10/01/2024 : 07:43 :   85000 files processed, 52 added, after 3400 calls  (out of 10520)
10/01/2024 : 07:43 :   85250 files processed, 52 added, after 3410 calls 
10/01/2024 : 07:43 :   85500 files processed, 52 added, after 3420 calls 
10/01/2024 : 07:43 :   85750 files processed, 52 added, after 3430 calls 
10/01/2024 : 07:44 :   86000 files processed, 52 added, after 3440 calls 
10/01/2024 : 07:44 :   86250 files processed, 52 added, after 3450 calls 
10/01/2024 : 07:44 :   86500 files processed, 52 added, after 3460 calls 
10/01/2024 : 07:44 :   86750 files processed, 52 added, after 3470 calls 
10/01/2024 : 07:44 :   87000 files processed, 52 added, after 3480 calls 
10/01/2024 : 07:45 :   87250 files processed, 52 added, after 3490 calls 
10/01/2024 : 07:45 :   87500 files processed, 52 added, after 3500 calls 
10/01/2024 : 07:45 :   87750 files processed, 52 added, after 3510 calls 
10/01/2024 : 07:45 :   88000 files processed, 52 added, after 3520 calls 
10/01/2024 : 07:45 :   88250 files processed, 52 added, after 3530 calls 
10/01/2024 : 07:45 :   88500 files processed, 52 added, after 3540 calls 
10/01/2024 : 07:46 :   88750 files processed, 52 added, after 3550 calls 
10/01/2024 : 07:46 :   89000 files processed, 52 added, after 3560 calls 
10/01/2024 : 07:46 :   89250 files processed, 53 added, after 3570 calls 
10/01/2024 : 07:46 :   89500 files processed, 53 added, after 3580 calls 
10/01/2024 : 07:46 :   89750 files processed, 53 added, after 3590 calls 
10/01/2024 : 07:46 :   90000 files processed, 53 added, after 3600 calls  (out of 10520)
10/01/2024 : 07:47 :   90250 files processed, 53 added, after 3610 calls 
10/01/2024 : 07:47 :   90500 files processed, 53 added, after 3620 calls 
10/01/2024 : 07:47 :   90750 files processed, 53 added, after 3630 calls 
10/01/2024 : 07:47 :   91000 files processed, 53 added, after 3640 calls 
10/01/2024 : 07:47 :   91250 files processed, 54 added, after 3650 calls 
10/01/2024 : 07:47 :   91500 files processed, 55 added, after 3660 calls 
10/01/2024 : 07:48 :   91750 files processed, 55 added, after 3670 calls 
10/01/2024 : 07:48 :   92000 files processed, 55 added, after 3680 calls 
10/01/2024 : 07:48 :   92250 files processed, 55 added, after 3690 calls 
10/01/2024 : 07:48 :   92500 files processed, 55 added, after 3700 calls 
10/01/2024 : 07:48 :   92750 files processed, 55 added, after 3710 calls 
10/01/2024 : 07:49 :   93000 files processed, 56 added, after 3720 calls 
10/01/2024 : 07:49 :   93250 files processed, 56 added, after 3730 calls 
10/01/2024 : 07:49 :   93500 files processed, 56 added, after 3740 calls 
10/01/2024 : 07:49 :   93750 files processed, 56 added, after 3750 calls 
10/01/2024 : 07:49 :   94000 files processed, 56 added, after 3760 calls 
10/01/2024 : 07:49 :   94250 files processed, 56 added, after 3770 calls 
10/01/2024 : 07:50 :   94500 files processed, 56 added, after 3780 calls 
10/01/2024 : 07:50 :   94750 files processed, 56 added, after 3790 calls 
10/01/2024 : 07:50 :   95000 files processed, 57 added, after 3800 calls  (out of 10520)
10/01/2024 : 07:50 :   95250 files processed, 57 added, after 3810 calls 
10/01/2024 : 07:50 :   95500 files processed, 57 added, after 3820 calls 
10/01/2024 : 07:50 :   95750 files processed, 57 added, after 3830 calls 
10/01/2024 : 07:51 :   96000 files processed, 57 added, after 3840 calls 
10/01/2024 : 07:51 :   96250 files processed, 58 added, after 3850 calls 
10/01/2024 : 07:51 :   96500 files processed, 58 added, after 3860 calls 
10/01/2024 : 07:51 :   96750 files processed, 58 added, after 3870 calls 
10/01/2024 : 07:51 :   97000 files processed, 58 added, after 3880 calls 
10/01/2024 : 07:51 :   97250 files processed, 58 added, after 3890 calls 
10/01/2024 : 07:52 :   97500 files processed, 58 added, after 3900 calls 
10/01/2024 : 07:52 :   97750 files processed, 58 added, after 3910 calls 
10/01/2024 : 07:52 :   98000 files processed, 58 added, after 3920 calls 
10/01/2024 : 07:52 :   98250 files processed, 58 added, after 3930 calls 
10/01/2024 : 07:52 :   98500 files processed, 58 added, after 3940 calls 
10/01/2024 : 07:52 :   98750 files processed, 58 added, after 3950 calls 
10/01/2024 : 07:53 :   99000 files processed, 59 added, after 3960 calls 
10/01/2024 : 07:53 :   99250 files processed, 59 added, after 3970 calls 
10/01/2024 : 07:53 :   99500 files processed, 60 added, after 3980 calls 
10/01/2024 : 07:53 :   99750 files processed, 60 added, after 3990 calls 
10/01/2024 : 07:53 :   100000 files processed, 60 added, after 4000 calls  (out of 10520)
10/01/2024 : 07:53 :   100250 files processed, 60 added, after 4010 calls 
10/01/2024 : 07:54 :   100500 files processed, 61 added, after 4020 calls 
10/01/2024 : 07:54 :   100750 files processed, 61 added, after 4030 calls 
10/01/2024 : 07:54 :   101000 files processed, 62 added, after 4040 calls 
10/01/2024 : 07:54 :   101250 files processed, 62 added, after 4050 calls 
10/01/2024 : 07:54 :   101500 files processed, 62 added, after 4060 calls 
10/01/2024 : 07:55 :   101750 files processed, 62 added, after 4070 calls 
10/01/2024 : 07:55 :   102000 files processed, 63 added, after 4080 calls 
10/01/2024 : 07:55 :   102250 files processed, 63 added, after 4090 calls 
10/01/2024 : 07:55 :   102500 files processed, 63 added, after 4100 calls 
10/01/2024 : 07:55 :   102750 files processed, 63 added, after 4110 calls 
10/01/2024 : 07:55 :   103000 files processed, 63 added, after 4120 calls 
10/01/2024 : 07:56 :   103250 files processed, 63 added, after 4130 calls 
10/01/2024 : 07:56 :   103500 files processed, 63 added, after 4140 calls 
10/01/2024 : 07:56 :   103750 files processed, 63 added, after 4150 calls 
10/01/2024 : 07:56 :   104000 files processed, 64 added, after 4160 calls 
10/01/2024 : 07:56 :   104250 files processed, 64 added, after 4170 calls 
10/01/2024 : 07:56 :   104500 files processed, 65 added, after 4180 calls 
10/01/2024 : 07:57 :   104750 files processed, 65 added, after 4190 calls 
10/01/2024 : 07:57 :   105000 files processed, 65 added, after 4200 calls  (out of 10520)
10/01/2024 : 07:57 :   105250 files processed, 65 added, after 4210 calls 
10/01/2024 : 07:57 :   105500 files processed, 66 added, after 4220 calls 
10/01/2024 : 07:57 :   105750 files processed, 66 added, after 4230 calls 
10/01/2024 : 07:57 :   106000 files processed, 66 added, after 4240 calls 
10/01/2024 : 07:58 :   106250 files processed, 66 added, after 4250 calls 
10/01/2024 : 07:58 :   106500 files processed, 66 added, after 4260 calls 
10/01/2024 : 07:58 :   106750 files processed, 66 added, after 4270 calls 
10/01/2024 : 07:58 :   107000 files processed, 66 added, after 4280 calls 
10/01/2024 : 07:58 :   107250 files processed, 66 added, after 4290 calls 
10/01/2024 : 07:58 :   107500 files processed, 67 added, after 4300 calls 
10/01/2024 : 07:59 :   107750 files processed, 67 added, after 4310 calls 
10/01/2024 : 07:59 :   108000 files processed, 67 added, after 4320 calls 
10/01/2024 : 07:59 :   108250 files processed, 67 added, after 4330 calls 
10/01/2024 : 07:59 :   108500 files processed, 67 added, after 4340 calls 
10/01/2024 : 07:59 :   108750 files processed, 67 added, after 4350 calls 
10/01/2024 : 07:59 :   109000 files processed, 67 added, after 4360 calls 
10/01/2024 : 08:00 :   109250 files processed, 67 added, after 4370 calls 
10/01/2024 : 08:00 :   109500 files processed, 67 added, after 4380 calls 
10/01/2024 : 08:00 :   109750 files processed, 67 added, after 4390 calls 
10/01/2024 : 08:00 :   110000 files processed, 67 added, after 4400 calls  (out of 10520)
10/01/2024 : 08:00 :   110250 files processed, 67 added, after 4410 calls 
10/01/2024 : 08:01 :   110500 files processed, 68 added, after 4420 calls 
10/01/2024 : 08:01 :   110750 files processed, 68 added, after 4430 calls 
10/01/2024 : 08:01 :   111000 files processed, 68 added, after 4440 calls 
10/01/2024 : 08:01 :   111250 files processed, 68 added, after 4450 calls 
10/01/2024 : 08:01 :   111500 files processed, 69 added, after 4460 calls 
10/01/2024 : 08:01 :   111750 files processed, 69 added, after 4470 calls 
10/01/2024 : 08:02 :   112000 files processed, 69 added, after 4480 calls 
10/01/2024 : 08:02 :   112250 files processed, 69 added, after 4490 calls 
10/01/2024 : 08:02 :   112500 files processed, 69 added, after 4500 calls 
10/01/2024 : 08:02 :   112750 files processed, 69 added, after 4510 calls 
10/01/2024 : 08:02 :   113000 files processed, 69 added, after 4520 calls 
10/01/2024 : 08:02 :   113250 files processed, 69 added, after 4530 calls 
10/01/2024 : 08:03 :   113500 files processed, 69 added, after 4540 calls 
10/01/2024 : 08:03 :   113750 files processed, 69 added, after 4550 calls 
10/01/2024 : 08:03 :   114000 files processed, 69 added, after 4560 calls 
10/01/2024 : 08:03 :   114250 files processed, 70 added, after 4570 calls 
10/01/2024 : 08:03 :   114500 files processed, 70 added, after 4580 calls 
10/01/2024 : 08:03 :   114750 files processed, 70 added, after 4590 calls 
10/01/2024 : 08:04 :   115000 files processed, 70 added, after 4600 calls  (out of 10520)
10/01/2024 : 08:04 :   115250 files processed, 70 added, after 4610 calls 
10/01/2024 : 08:04 :   115500 files processed, 70 added, after 4620 calls 
10/01/2024 : 08:04 :   115750 files processed, 70 added, after 4630 calls 
10/01/2024 : 08:04 :   116000 files processed, 71 added, after 4640 calls 
10/01/2024 : 08:04 :   116250 files processed, 71 added, after 4650 calls 
10/01/2024 : 08:05 :   116500 files processed, 71 added, after 4660 calls 
10/01/2024 : 08:05 :   116750 files processed, 72 added, after 4670 calls 
10/01/2024 : 08:05 :   117000 files processed, 72 added, after 4680 calls 
10/01/2024 : 08:05 :   117250 files processed, 72 added, after 4690 calls 
10/01/2024 : 08:05 :   117500 files processed, 72 added, after 4700 calls 
10/01/2024 : 08:05 :   117750 files processed, 73 added, after 4710 calls 
10/01/2024 : 08:06 :   118000 files processed, 74 added, after 4720 calls 
10/01/2024 : 08:06 :   118250 files processed, 74 added, after 4730 calls 
10/01/2024 : 08:06 :   118500 files processed, 74 added, after 4740 calls 
10/01/2024 : 08:06 :   118750 files processed, 74 added, after 4750 calls 
10/01/2024 : 08:06 :   119000 files processed, 74 added, after 4760 calls 
10/01/2024 : 08:07 :   119250 files processed, 74 added, after 4770 calls 
10/01/2024 : 08:07 :   119500 files processed, 74 added, after 4780 calls 
10/01/2024 : 08:07 :   119750 files processed, 74 added, after 4790 calls 
10/01/2024 : 08:07 :   120000 files processed, 74 added, after 4800 calls  (out of 10520)
10/01/2024 : 08:07 :   120250 files processed, 74 added, after 4810 calls 
10/01/2024 : 08:07 :   120500 files processed, 76 added, after 4820 calls 
10/01/2024 : 08:08 :   120750 files processed, 76 added, after 4830 calls 
10/01/2024 : 08:08 :   121000 files processed, 76 added, after 4840 calls 
10/01/2024 : 08:08 :   121250 files processed, 76 added, after 4850 calls 
10/01/2024 : 08:08 :   121500 files processed, 76 added, after 4860 calls 
10/01/2024 : 08:08 :   121750 files processed, 76 added, after 4870 calls 
10/01/2024 : 08:08 :   122000 files processed, 76 added, after 4880 calls 
10/01/2024 : 08:09 :   122250 files processed, 76 added, after 4890 calls 
10/01/2024 : 08:09 :   122500 files processed, 76 added, after 4900 calls 
10/01/2024 : 08:09 :   122750 files processed, 76 added, after 4910 calls 
10/01/2024 : 08:09 :   123000 files processed, 76 added, after 4920 calls 
10/01/2024 : 08:09 :   123250 files processed, 76 added, after 4930 calls 
10/01/2024 : 08:09 :   123500 files processed, 76 added, after 4940 calls 
10/01/2024 : 08:10 :   123750 files processed, 76 added, after 4950 calls 
10/01/2024 : 08:10 :   124000 files processed, 76 added, after 4960 calls 
10/01/2024 : 08:10 :   124250 files processed, 76 added, after 4970 calls 
10/01/2024 : 08:10 :   124500 files processed, 77 added, after 4980 calls 
10/01/2024 : 08:10 :   124750 files processed, 77 added, after 4990 calls 
10/01/2024 : 08:10 :   125000 files processed, 77 added, after 5000 calls  (out of 10520)
10/01/2024 : 08:11 :   125250 files processed, 77 added, after 5010 calls 
10/01/2024 : 08:11 :   125500 files processed, 77 added, after 5020 calls 
10/01/2024 : 08:11 :   125750 files processed, 77 added, after 5030 calls 
10/01/2024 : 08:11 :   126000 files processed, 77 added, after 5040 calls 
10/01/2024 : 08:11 :   126250 files processed, 77 added, after 5050 calls 
10/01/2024 : 08:11 :   126500 files processed, 77 added, after 5060 calls 
10/01/2024 : 08:12 :   126750 files processed, 77 added, after 5070 calls 
10/01/2024 : 08:12 :   127000 files processed, 77 added, after 5080 calls 
10/01/2024 : 08:12 :   127250 files processed, 77 added, after 5090 calls 
10/01/2024 : 08:12 :   127500 files processed, 77 added, after 5100 calls 
10/01/2024 : 08:12 :   127750 files processed, 77 added, after 5110 calls 
10/01/2024 : 08:12 :   128000 files processed, 77 added, after 5120 calls 
10/01/2024 : 08:13 :   128250 files processed, 78 added, after 5130 calls 
10/01/2024 : 08:13 :   128500 files processed, 78 added, after 5140 calls 
10/01/2024 : 08:13 :   128750 files processed, 79 added, after 5150 calls 
10/01/2024 : 08:13 :   129000 files processed, 79 added, after 5160 calls 
10/01/2024 : 08:13 :   129250 files processed, 79 added, after 5170 calls 
10/01/2024 : 08:14 :   129500 files processed, 79 added, after 5180 calls 
10/01/2024 : 08:14 :   129750 files processed, 79 added, after 5190 calls 
10/01/2024 : 08:14 :   130000 files processed, 79 added, after 5200 calls  (out of 10520)
10/01/2024 : 08:14 :   130250 files processed, 79 added, after 5210 calls 
10/01/2024 : 08:14 :   130500 files processed, 79 added, after 5220 calls 
10/01/2024 : 08:14 :   130750 files processed, 80 added, after 5230 calls 
10/01/2024 : 08:15 :   131000 files processed, 80 added, after 5240 calls 
10/01/2024 : 08:15 :   131250 files processed, 81 added, after 5250 calls 
10/01/2024 : 08:15 :   131500 files processed, 81 added, after 5260 calls 
10/01/2024 : 08:15 :   131750 files processed, 81 added, after 5270 calls 
10/01/2024 : 08:15 :   132000 files processed, 81 added, after 5280 calls 
10/01/2024 : 08:15 :   132250 files processed, 82 added, after 5290 calls 
10/01/2024 : 08:16 :   132500 files processed, 82 added, after 5300 calls 
10/01/2024 : 08:16 :   132750 files processed, 82 added, after 5310 calls 
10/01/2024 : 08:16 :   133000 files processed, 82 added, after 5320 calls 
10/01/2024 : 08:16 :   133250 files processed, 82 added, after 5330 calls 
10/01/2024 : 08:16 :   133500 files processed, 82 added, after 5340 calls 
10/01/2024 : 08:16 :   133750 files processed, 83 added, after 5350 calls 
10/01/2024 : 08:17 :   134000 files processed, 83 added, after 5360 calls 
10/01/2024 : 08:17 :   134250 files processed, 84 added, after 5370 calls 
10/01/2024 : 08:17 :   134500 files processed, 84 added, after 5380 calls 
10/01/2024 : 08:17 :   134750 files processed, 84 added, after 5390 calls 
10/01/2024 : 08:17 :   135000 files processed, 84 added, after 5400 calls  (out of 10520)
10/01/2024 : 08:17 :   135250 files processed, 84 added, after 5410 calls 
10/01/2024 : 08:18 :   135500 files processed, 84 added, after 5420 calls 
10/01/2024 : 08:18 :   135750 files processed, 84 added, after 5430 calls 
10/01/2024 : 08:18 :   136000 files processed, 84 added, after 5440 calls 
10/01/2024 : 08:18 :   136250 files processed, 84 added, after 5450 calls 
10/01/2024 : 08:18 :   136500 files processed, 84 added, after 5460 calls 
10/01/2024 : 08:18 :   136750 files processed, 84 added, after 5470 calls 
10/01/2024 : 08:19 :   137000 files processed, 84 added, after 5480 calls 
10/01/2024 : 08:19 :   137250 files processed, 84 added, after 5490 calls 
10/01/2024 : 08:19 :   137500 files processed, 84 added, after 5500 calls 
10/01/2024 : 08:19 :   137750 files processed, 84 added, after 5510 calls 
10/01/2024 : 08:19 :   138000 files processed, 84 added, after 5520 calls 
10/01/2024 : 08:20 :   138250 files processed, 84 added, after 5530 calls 
10/01/2024 : 08:20 :   138500 files processed, 85 added, after 5540 calls 
10/01/2024 : 08:20 :   138750 files processed, 85 added, after 5550 calls 
10/01/2024 : 08:20 :   139000 files processed, 85 added, after 5560 calls 
10/01/2024 : 08:20 :   139250 files processed, 85 added, after 5570 calls 
10/01/2024 : 08:20 :   139500 files processed, 85 added, after 5580 calls 
10/01/2024 : 08:21 :   139750 files processed, 85 added, after 5590 calls 
10/01/2024 : 08:21 :   140000 files processed, 85 added, after 5600 calls  (out of 10520)
10/01/2024 : 08:21 :   140250 files processed, 85 added, after 5610 calls 
10/01/2024 : 08:21 :   140500 files processed, 85 added, after 5620 calls 
10/01/2024 : 08:21 :   140750 files processed, 85 added, after 5630 calls 
10/01/2024 : 08:21 :   141000 files processed, 85 added, after 5640 calls 
10/01/2024 : 08:22 :   141250 files processed, 85 added, after 5650 calls 
10/01/2024 : 08:22 :   141500 files processed, 85 added, after 5660 calls 
10/01/2024 : 08:22 :   141750 files processed, 86 added, after 5670 calls 
10/01/2024 : 08:22 :   142000 files processed, 86 added, after 5680 calls 
10/01/2024 : 08:22 :   142250 files processed, 86 added, after 5690 calls 
10/01/2024 : 08:22 :   142500 files processed, 86 added, after 5700 calls 
10/01/2024 : 08:23 :   142750 files processed, 86 added, after 5710 calls 
10/01/2024 : 08:23 :   143000 files processed, 86 added, after 5720 calls 
10/01/2024 : 08:23 :   143250 files processed, 86 added, after 5730 calls 
10/01/2024 : 08:23 :   143500 files processed, 86 added, after 5740 calls 
10/01/2024 : 08:23 :   143750 files processed, 86 added, after 5750 calls 
10/01/2024 : 08:23 :   144000 files processed, 88 added, after 5760 calls 
10/01/2024 : 08:24 :   144250 files processed, 88 added, after 5770 calls 
10/01/2024 : 08:24 :   144500 files processed, 88 added, after 5780 calls 
10/01/2024 : 08:24 :   144750 files processed, 88 added, after 5790 calls 
10/01/2024 : 08:24 :   145000 files processed, 88 added, after 5800 calls  (out of 10520)
10/01/2024 : 08:24 :   145250 files processed, 88 added, after 5810 calls 
10/01/2024 : 08:24 :   145500 files processed, 88 added, after 5820 calls 
10/01/2024 : 08:25 :   145750 files processed, 88 added, after 5830 calls 
10/01/2024 : 08:25 :   146000 files processed, 90 added, after 5840 calls 
10/01/2024 : 08:25 :   146250 files processed, 90 added, after 5850 calls 
10/01/2024 : 08:25 :   146500 files processed, 90 added, after 5860 calls 
10/01/2024 : 08:25 :   146750 files processed, 91 added, after 5870 calls 
10/01/2024 : 08:26 :   147000 files processed, 91 added, after 5880 calls 
10/01/2024 : 08:26 :   147250 files processed, 92 added, after 5890 calls 
10/01/2024 : 08:26 :   147500 files processed, 93 added, after 5900 calls 
10/01/2024 : 08:26 :   147750 files processed, 93 added, after 5910 calls 
10/01/2024 : 08:26 :   148000 files processed, 93 added, after 5920 calls 
10/01/2024 : 08:26 :   148250 files processed, 93 added, after 5930 calls 
10/01/2024 : 08:27 :   148500 files processed, 93 added, after 5940 calls 
10/01/2024 : 08:27 :   148750 files processed, 93 added, after 5950 calls 
10/01/2024 : 08:27 :   149000 files processed, 93 added, after 5960 calls 
10/01/2024 : 08:27 :   149250 files processed, 93 added, after 5970 calls 
10/01/2024 : 08:27 :   149500 files processed, 93 added, after 5980 calls 
10/01/2024 : 08:27 :   149750 files processed, 93 added, after 5990 calls 
10/01/2024 : 08:28 :   150000 files processed, 93 added, after 6000 calls  (out of 10520)
10/01/2024 : 08:28 :   150250 files processed, 93 added, after 6010 calls 
10/01/2024 : 08:28 :   150500 files processed, 93 added, after 6020 calls 
10/01/2024 : 08:28 :   150750 files processed, 93 added, after 6030 calls 
10/01/2024 : 08:28 :   151000 files processed, 93 added, after 6040 calls 
10/01/2024 : 08:28 :   151250 files processed, 93 added, after 6050 calls 
10/01/2024 : 08:29 :   151500 files processed, 94 added, after 6060 calls 
10/01/2024 : 08:29 :   151750 files processed, 94 added, after 6070 calls 
10/01/2024 : 08:29 :   152000 files processed, 95 added, after 6080 calls 
10/01/2024 : 08:29 :   152250 files processed, 95 added, after 6090 calls 
10/01/2024 : 08:29 :   152500 files processed, 95 added, after 6100 calls 
10/01/2024 : 08:29 :   152750 files processed, 96 added, after 6110 calls 
10/01/2024 : 08:30 :   153000 files processed, 96 added, after 6120 calls 
10/01/2024 : 08:30 :   153250 files processed, 96 added, after 6130 calls 
10/01/2024 : 08:30 :   153500 files processed, 96 added, after 6140 calls 
10/01/2024 : 08:30 :   153750 files processed, 96 added, after 6150 calls 
10/01/2024 : 08:30 :   154000 files processed, 96 added, after 6160 calls 
10/01/2024 : 08:30 :   154250 files processed, 96 added, after 6170 calls 
10/01/2024 : 08:31 :   154500 files processed, 96 added, after 6180 calls 
10/01/2024 : 08:31 :   154750 files processed, 96 added, after 6190 calls 
10/01/2024 : 08:31 :   155000 files processed, 96 added, after 6200 calls  (out of 10520)
10/01/2024 : 08:31 :   155250 files processed, 97 added, after 6210 calls 
10/01/2024 : 08:31 :   155500 files processed, 97 added, after 6220 calls 
10/01/2024 : 08:31 :   155750 files processed, 97 added, after 6230 calls 
10/01/2024 : 08:32 :   156000 files processed, 97 added, after 6240 calls 
10/01/2024 : 08:32 :   156250 files processed, 97 added, after 6250 calls 
10/01/2024 : 08:32 :   156500 files processed, 97 added, after 6260 calls 
10/01/2024 : 08:32 :   156750 files processed, 98 added, after 6270 calls 
10/01/2024 : 08:32 :   157000 files processed, 98 added, after 6280 calls 
10/01/2024 : 08:32 :   157250 files processed, 98 added, after 6290 calls 
10/01/2024 : 08:33 :   157500 files processed, 99 added, after 6300 calls 
10/01/2024 : 08:33 :   157750 files processed, 99 added, after 6310 calls 
10/01/2024 : 08:33 :   158000 files processed, 99 added, after 6320 calls 
10/01/2024 : 08:33 :   158250 files processed, 99 added, after 6330 calls 
10/01/2024 : 08:33 :   158500 files processed, 99 added, after 6340 calls 
10/01/2024 : 08:34 :   158750 files processed, 99 added, after 6350 calls 
10/01/2024 : 08:34 :   159000 files processed, 99 added, after 6360 calls 
10/01/2024 : 08:34 :   159250 files processed, 100 added, after 6370 calls 
10/01/2024 : 08:34 :   159500 files processed, 100 added, after 6380 calls 
10/01/2024 : 08:34 :   159750 files processed, 101 added, after 6390 calls 
10/01/2024 : 08:34 :   160000 files processed, 101 added, after 6400 calls  (out of 10520)
10/01/2024 : 08:35 :   160250 files processed, 101 added, after 6410 calls 
10/01/2024 : 08:35 :   160500 files processed, 101 added, after 6420 calls 
10/01/2024 : 08:35 :   160750 files processed, 101 added, after 6430 calls 
10/01/2024 : 08:35 :   161000 files processed, 102 added, after 6440 calls 
10/01/2024 : 08:35 :   161250 files processed, 102 added, after 6450 calls 
10/01/2024 : 08:35 :   161500 files processed, 102 added, after 6460 calls 
10/01/2024 : 08:36 :   161750 files processed, 103 added, after 6470 calls 
10/01/2024 : 08:36 :   162000 files processed, 104 added, after 6480 calls 
10/01/2024 : 08:36 :   162250 files processed, 104 added, after 6490 calls 
10/01/2024 : 08:36 :   162500 files processed, 104 added, after 6500 calls 
10/01/2024 : 08:36 :   162750 files processed, 104 added, after 6510 calls 
10/01/2024 : 08:37 :   163000 files processed, 104 added, after 6520 calls 
10/01/2024 : 08:37 :   163250 files processed, 105 added, after 6530 calls 
10/01/2024 : 08:37 :   163500 files processed, 105 added, after 6540 calls 
10/01/2024 : 08:37 :   163750 files processed, 105 added, after 6550 calls 
10/01/2024 : 08:37 :   164000 files processed, 105 added, after 6560 calls 
10/01/2024 : 08:37 :   164250 files processed, 105 added, after 6570 calls 
10/01/2024 : 08:38 :   164500 files processed, 105 added, after 6580 calls 
10/01/2024 : 08:38 :   164750 files processed, 105 added, after 6590 calls 
10/01/2024 : 08:38 :   165000 files processed, 105 added, after 6600 calls  (out of 10520)
10/01/2024 : 08:38 :   165250 files processed, 105 added, after 6610 calls 
10/01/2024 : 08:38 :   165500 files processed, 105 added, after 6620 calls 
10/01/2024 : 08:38 :   165750 files processed, 105 added, after 6630 calls 
10/01/2024 : 08:39 :   166000 files processed, 105 added, after 6640 calls 
10/01/2024 : 08:39 :   166250 files processed, 105 added, after 6650 calls 
10/01/2024 : 08:39 :   166500 files processed, 105 added, after 6660 calls 
10/01/2024 : 08:39 :   166750 files processed, 105 added, after 6670 calls 
10/01/2024 : 08:39 :   167000 files processed, 105 added, after 6680 calls 
10/01/2024 : 08:39 :   167250 files processed, 105 added, after 6690 calls 
10/01/2024 : 08:40 :   167500 files processed, 106 added, after 6700 calls 
10/01/2024 : 08:40 :   167750 files processed, 106 added, after 6710 calls 
10/01/2024 : 08:40 :   168000 files processed, 107 added, after 6720 calls 
10/01/2024 : 08:40 :   168250 files processed, 107 added, after 6730 calls 
10/01/2024 : 08:40 :   168500 files processed, 107 added, after 6740 calls 
10/01/2024 : 08:41 :   168750 files processed, 107 added, after 6750 calls 
10/01/2024 : 08:41 :   169000 files processed, 107 added, after 6760 calls 
10/01/2024 : 08:41 :   169250 files processed, 107 added, after 6770 calls 
10/01/2024 : 08:41 :   169500 files processed, 107 added, after 6780 calls 
10/01/2024 : 08:41 :   169750 files processed, 107 added, after 6790 calls 
10/01/2024 : 08:41 :   170000 files processed, 107 added, after 6800 calls  (out of 10520)
10/01/2024 : 08:42 :   170250 files processed, 107 added, after 6810 calls 
10/01/2024 : 08:42 :   170500 files processed, 107 added, after 6820 calls 
10/01/2024 : 08:42 :   170750 files processed, 107 added, after 6830 calls 
10/01/2024 : 08:42 :   171000 files processed, 107 added, after 6840 calls 
10/01/2024 : 08:42 :   171250 files processed, 107 added, after 6850 calls 
10/01/2024 : 08:42 :   171500 files processed, 108 added, after 6860 calls 
10/01/2024 : 08:43 :   171750 files processed, 108 added, after 6870 calls 
10/01/2024 : 08:43 :   172000 files processed, 108 added, after 6880 calls 
10/01/2024 : 08:43 :   172250 files processed, 108 added, after 6890 calls 
10/01/2024 : 08:43 :   172500 files processed, 108 added, after 6900 calls 
10/01/2024 : 08:43 :   172750 files processed, 108 added, after 6910 calls 
10/01/2024 : 08:44 :   173000 files processed, 108 added, after 6920 calls 
10/01/2024 : 08:44 :   173250 files processed, 108 added, after 6930 calls 
10/01/2024 : 08:44 :   173500 files processed, 108 added, after 6940 calls 
10/01/2024 : 08:44 :   173750 files processed, 108 added, after 6950 calls 
10/01/2024 : 08:45 :   174000 files processed, 108 added, after 6960 calls 
10/01/2024 : 08:45 :   174250 files processed, 108 added, after 6970 calls 
10/01/2024 : 08:45 :   174500 files processed, 108 added, after 6980 calls 
10/01/2024 : 08:45 :   174750 files processed, 108 added, after 6990 calls 
10/01/2024 : 08:45 :   175000 files processed, 108 added, after 7000 calls  (out of 10520)
10/01/2024 : 08:46 :   175250 files processed, 109 added, after 7010 calls 
10/01/2024 : 08:46 :   175500 files processed, 109 added, after 7020 calls 
10/01/2024 : 08:46 :   175750 files processed, 109 added, after 7030 calls 
10/01/2024 : 08:46 :   176000 files processed, 109 added, after 7040 calls 
10/01/2024 : 08:46 :   176250 files processed, 109 added, after 7050 calls 
10/01/2024 : 08:46 :   176500 files processed, 110 added, after 7060 calls 
10/01/2024 : 08:47 :   176750 files processed, 111 added, after 7070 calls 
10/01/2024 : 08:47 :   177000 files processed, 111 added, after 7080 calls 
10/01/2024 : 08:47 :   177250 files processed, 111 added, after 7090 calls 
10/01/2024 : 08:47 :   177500 files processed, 112 added, after 7100 calls 
10/01/2024 : 08:47 :   177750 files processed, 112 added, after 7110 calls 
10/01/2024 : 08:47 :   178000 files processed, 112 added, after 7120 calls 
10/01/2024 : 08:48 :   178250 files processed, 112 added, after 7130 calls 
10/01/2024 : 08:48 :   178500 files processed, 112 added, after 7140 calls 
10/01/2024 : 08:48 :   178750 files processed, 112 added, after 7150 calls 
10/01/2024 : 08:48 :   179000 files processed, 112 added, after 7160 calls 
10/01/2024 : 08:48 :   179250 files processed, 112 added, after 7170 calls 
10/01/2024 : 08:48 :   179500 files processed, 113 added, after 7180 calls 
10/01/2024 : 08:49 :   179750 files processed, 113 added, after 7190 calls 
10/01/2024 : 08:49 :   180000 files processed, 114 added, after 7200 calls  (out of 10520)
10/01/2024 : 08:49 :   180250 files processed, 114 added, after 7210 calls 
10/01/2024 : 08:49 :   180500 files processed, 114 added, after 7220 calls 
10/01/2024 : 08:49 :   180750 files processed, 114 added, after 7230 calls 
10/01/2024 : 08:50 :   181000 files processed, 114 added, after 7240 calls 
10/01/2024 : 08:50 :   181250 files processed, 114 added, after 7250 calls 
10/01/2024 : 08:50 :   181500 files processed, 114 added, after 7260 calls 
10/01/2024 : 08:50 :   181750 files processed, 115 added, after 7270 calls 
10/01/2024 : 08:50 :   182000 files processed, 115 added, after 7280 calls 
10/01/2024 : 08:50 :   182250 files processed, 116 added, after 7290 calls 
10/01/2024 : 08:51 :   182500 files processed, 116 added, after 7300 calls 
10/01/2024 : 08:51 :   182750 files processed, 116 added, after 7310 calls 
10/01/2024 : 08:51 :   183000 files processed, 117 added, after 7320 calls 
10/01/2024 : 08:51 :   183250 files processed, 117 added, after 7330 calls 
10/01/2024 : 08:51 :   183500 files processed, 117 added, after 7340 calls 
10/01/2024 : 08:51 :   183750 files processed, 117 added, after 7350 calls 
10/01/2024 : 08:52 :   184000 files processed, 117 added, after 7360 calls 
10/01/2024 : 08:52 :   184250 files processed, 117 added, after 7370 calls 
10/01/2024 : 08:52 :   184500 files processed, 117 added, after 7380 calls 
10/01/2024 : 08:52 :   184750 files processed, 117 added, after 7390 calls 
10/01/2024 : 08:52 :   185000 files processed, 117 added, after 7400 calls  (out of 10520)
10/01/2024 : 08:53 :   185250 files processed, 117 added, after 7410 calls 
10/01/2024 : 08:53 :   185500 files processed, 117 added, after 7420 calls 
10/01/2024 : 08:53 :   185750 files processed, 117 added, after 7430 calls 
10/01/2024 : 08:53 :   186000 files processed, 117 added, after 7440 calls 
10/01/2024 : 08:53 :   186250 files processed, 117 added, after 7450 calls 
10/01/2024 : 08:53 :   186500 files processed, 117 added, after 7460 calls 
10/01/2024 : 08:54 :   186750 files processed, 117 added, after 7470 calls 
10/01/2024 : 08:54 :   187000 files processed, 117 added, after 7480 calls 
10/01/2024 : 08:54 :   187250 files processed, 117 added, after 7490 calls 
10/01/2024 : 08:54 :   187500 files processed, 117 added, after 7500 calls 
10/01/2024 : 08:54 :   187750 files processed, 117 added, after 7510 calls 
10/01/2024 : 08:54 :   188000 files processed, 117 added, after 7520 calls 
10/01/2024 : 08:55 :   188250 files processed, 118 added, after 7530 calls 
10/01/2024 : 08:55 :   188500 files processed, 118 added, after 7540 calls 
10/01/2024 : 08:55 :   188750 files processed, 118 added, after 7550 calls 
10/01/2024 : 08:55 :   189000 files processed, 118 added, after 7560 calls 
10/01/2024 : 08:55 :   189250 files processed, 118 added, after 7570 calls 
10/01/2024 : 08:56 :   189500 files processed, 118 added, after 7580 calls 
10/01/2024 : 08:56 :   189750 files processed, 118 added, after 7590 calls 
10/01/2024 : 08:56 :   190000 files processed, 118 added, after 7600 calls  (out of 10520)
10/01/2024 : 08:56 :   190250 files processed, 118 added, after 7610 calls 
10/01/2024 : 08:56 :   190500 files processed, 119 added, after 7620 calls 
10/01/2024 : 08:56 :   190750 files processed, 119 added, after 7630 calls 
10/01/2024 : 08:57 :   191000 files processed, 119 added, after 7640 calls 
10/01/2024 : 08:57 :   191250 files processed, 119 added, after 7650 calls 
10/01/2024 : 08:57 :   191500 files processed, 119 added, after 7660 calls 
10/01/2024 : 08:57 :   191750 files processed, 119 added, after 7670 calls 
10/01/2024 : 08:57 :   192000 files processed, 119 added, after 7680 calls 
10/01/2024 : 08:57 :   192250 files processed, 120 added, after 7690 calls 
10/01/2024 : 08:58 :   192500 files processed, 120 added, after 7700 calls 
10/01/2024 : 08:58 :   192750 files processed, 120 added, after 7710 calls 
10/01/2024 : 08:58 :   193000 files processed, 120 added, after 7720 calls 
10/01/2024 : 08:58 :   193250 files processed, 120 added, after 7730 calls 
10/01/2024 : 08:58 :   193500 files processed, 120 added, after 7740 calls 
10/01/2024 : 08:58 :   193750 files processed, 120 added, after 7750 calls 
10/01/2024 : 08:59 :   194000 files processed, 121 added, after 7760 calls 
10/01/2024 : 08:59 :   194250 files processed, 121 added, after 7770 calls 
10/01/2024 : 08:59 :   194500 files processed, 122 added, after 7780 calls 
10/01/2024 : 08:59 :   194750 files processed, 122 added, after 7790 calls 
10/01/2024 : 08:59 :   195000 files processed, 122 added, after 7800 calls  (out of 10520)
10/01/2024 : 09:00 :   195250 files processed, 122 added, after 7810 calls 
10/01/2024 : 09:00 :   195500 files processed, 122 added, after 7820 calls 
10/01/2024 : 09:00 :   195750 files processed, 122 added, after 7830 calls 
10/01/2024 : 09:00 :   196000 files processed, 122 added, after 7840 calls 
10/01/2024 : 09:00 :   196250 files processed, 122 added, after 7850 calls 
10/01/2024 : 09:00 :   196500 files processed, 122 added, after 7860 calls 
10/01/2024 : 09:01 :   196750 files processed, 122 added, after 7870 calls 
10/01/2024 : 09:01 :   197000 files processed, 122 added, after 7880 calls 
10/01/2024 : 09:01 :   197250 files processed, 122 added, after 7890 calls 
10/01/2024 : 09:01 :   197500 files processed, 122 added, after 7900 calls 
10/01/2024 : 09:01 :   197750 files processed, 122 added, after 7910 calls 
10/01/2024 : 09:01 :   198000 files processed, 122 added, after 7920 calls 
10/01/2024 : 09:02 :   198250 files processed, 122 added, after 7930 calls 
10/01/2024 : 09:02 :   198500 files processed, 122 added, after 7940 calls 
10/01/2024 : 09:02 :   198750 files processed, 122 added, after 7950 calls 
10/01/2024 : 09:02 :   199000 files processed, 122 added, after 7960 calls 
10/01/2024 : 09:02 :   199250 files processed, 122 added, after 7970 calls 
10/01/2024 : 09:03 :   199500 files processed, 123 added, after 7980 calls 
10/01/2024 : 09:03 :   199750 files processed, 123 added, after 7990 calls 
10/01/2024 : 09:03 :   200000 files processed, 124 added, after 8000 calls  (out of 10520)
10/01/2024 : 09:03 :   200250 files processed, 124 added, after 8010 calls 
10/01/2024 : 09:03 :   200500 files processed, 125 added, after 8020 calls 
10/01/2024 : 09:03 :   200750 files processed, 126 added, after 8030 calls 
10/01/2024 : 09:04 :   201000 files processed, 127 added, after 8040 calls 
10/01/2024 : 09:04 :   201250 files processed, 127 added, after 8050 calls 
10/01/2024 : 09:04 :   201500 files processed, 127 added, after 8060 calls 
10/01/2024 : 09:04 :   201750 files processed, 127 added, after 8070 calls 
10/01/2024 : 09:04 :   202000 files processed, 127 added, after 8080 calls 
10/01/2024 : 09:04 :   202250 files processed, 127 added, after 8090 calls 
10/01/2024 : 09:05 :   202500 files processed, 127 added, after 8100 calls 
10/01/2024 : 09:05 :   202750 files processed, 127 added, after 8110 calls 
10/01/2024 : 09:05 :   203000 files processed, 129 added, after 8120 calls 
10/01/2024 : 09:05 :   203250 files processed, 129 added, after 8130 calls 
10/01/2024 : 09:05 :   203500 files processed, 129 added, after 8140 calls 
10/01/2024 : 09:06 :   203750 files processed, 129 added, after 8150 calls 
10/01/2024 : 09:06 :   204000 files processed, 129 added, after 8160 calls 
10/01/2024 : 09:06 :   204250 files processed, 129 added, after 8170 calls 
10/01/2024 : 09:06 :   204500 files processed, 129 added, after 8180 calls 
10/01/2024 : 09:06 :   204750 files processed, 129 added, after 8190 calls 
10/01/2024 : 09:06 :   205000 files processed, 129 added, after 8200 calls  (out of 10520)
10/01/2024 : 09:07 :   205250 files processed, 129 added, after 8210 calls 
10/01/2024 : 09:07 :   205500 files processed, 129 added, after 8220 calls 
10/01/2024 : 09:07 :   205750 files processed, 129 added, after 8230 calls 
10/01/2024 : 09:07 :   206000 files processed, 129 added, after 8240 calls 
10/01/2024 : 09:07 :   206250 files processed, 129 added, after 8250 calls 
10/01/2024 : 09:07 :   206500 files processed, 129 added, after 8260 calls 
10/01/2024 : 09:08 :   206750 files processed, 129 added, after 8270 calls 
10/01/2024 : 09:08 :   207000 files processed, 129 added, after 8280 calls 
10/01/2024 : 09:08 :   207250 files processed, 130 added, after 8290 calls 
10/01/2024 : 09:08 :   207500 files processed, 130 added, after 8300 calls 
10/01/2024 : 09:08 :   207750 files processed, 130 added, after 8310 calls 
10/01/2024 : 09:09 :   208000 files processed, 130 added, after 8320 calls 
10/01/2024 : 09:09 :   208250 files processed, 130 added, after 8330 calls 
10/01/2024 : 09:09 :   208500 files processed, 130 added, after 8340 calls 
10/01/2024 : 09:09 :   208750 files processed, 130 added, after 8350 calls 
10/01/2024 : 09:09 :   209000 files processed, 130 added, after 8360 calls 
10/01/2024 : 09:09 :   209250 files processed, 130 added, after 8370 calls 
10/01/2024 : 09:10 :   209500 files processed, 130 added, after 8380 calls 
10/01/2024 : 09:10 :   209750 files processed, 130 added, after 8390 calls 
10/01/2024 : 09:10 :   210000 files processed, 130 added, after 8400 calls  (out of 10520)
10/01/2024 : 09:10 :   210250 files processed, 130 added, after 8410 calls 
10/01/2024 : 09:10 :   210500 files processed, 131 added, after 8420 calls 
10/01/2024 : 09:10 :   210750 files processed, 132 added, after 8430 calls 
10/01/2024 : 09:11 :   211000 files processed, 132 added, after 8440 calls 
10/01/2024 : 09:11 :   211250 files processed, 133 added, after 8450 calls 
10/01/2024 : 09:11 :   211500 files processed, 133 added, after 8460 calls 
10/01/2024 : 09:11 :   211750 files processed, 133 added, after 8470 calls 
10/01/2024 : 09:11 :   212000 files processed, 133 added, after 8480 calls 
10/01/2024 : 09:11 :   212250 files processed, 133 added, after 8490 calls 
10/01/2024 : 09:12 :   212500 files processed, 133 added, after 8500 calls 
10/01/2024 : 09:12 :   212750 files processed, 133 added, after 8510 calls 
10/01/2024 : 09:12 :   213000 files processed, 133 added, after 8520 calls 
10/01/2024 : 09:12 :   213250 files processed, 133 added, after 8530 calls 
10/01/2024 : 09:12 :   213500 files processed, 133 added, after 8540 calls 
10/01/2024 : 09:13 :   213750 files processed, 133 added, after 8550 calls 
10/01/2024 : 09:13 :   214000 files processed, 133 added, after 8560 calls 
10/01/2024 : 09:13 :   214250 files processed, 133 added, after 8570 calls 
10/01/2024 : 09:13 :   214500 files processed, 133 added, after 8580 calls 
10/01/2024 : 09:13 :   214750 files processed, 133 added, after 8590 calls 
10/01/2024 : 09:13 :   215000 files processed, 133 added, after 8600 calls  (out of 10520)
10/01/2024 : 09:14 :   215250 files processed, 133 added, after 8610 calls 
10/01/2024 : 09:14 :   215500 files processed, 133 added, after 8620 calls 
10/01/2024 : 09:14 :   215750 files processed, 133 added, after 8630 calls 
10/01/2024 : 09:14 :   216000 files processed, 133 added, after 8640 calls 
10/01/2024 : 09:14 :   216250 files processed, 133 added, after 8650 calls 
10/01/2024 : 09:14 :   216500 files processed, 134 added, after 8660 calls 
10/01/2024 : 09:15 :   216750 files processed, 135 added, after 8670 calls 
10/01/2024 : 09:15 :   217000 files processed, 135 added, after 8680 calls 
10/01/2024 : 09:15 :   217250 files processed, 135 added, after 8690 calls 
10/01/2024 : 09:15 :   217500 files processed, 135 added, after 8700 calls 
10/01/2024 : 09:15 :   217750 files processed, 135 added, after 8710 calls 
10/01/2024 : 09:15 :   218000 files processed, 136 added, after 8720 calls 
10/01/2024 : 09:16 :   218250 files processed, 136 added, after 8730 calls 
10/01/2024 : 09:16 :   218500 files processed, 136 added, after 8740 calls 
10/01/2024 : 09:16 :   218750 files processed, 136 added, after 8750 calls 
10/01/2024 : 09:16 :   219000 files processed, 136 added, after 8760 calls 
10/01/2024 : 09:16 :   219250 files processed, 136 added, after 8770 calls 
10/01/2024 : 09:17 :   219500 files processed, 137 added, after 8780 calls 
10/01/2024 : 09:17 :   219750 files processed, 137 added, after 8790 calls 
10/01/2024 : 09:17 :   220000 files processed, 137 added, after 8800 calls  (out of 10520)
10/01/2024 : 09:17 :   220250 files processed, 137 added, after 8810 calls 
10/01/2024 : 09:17 :   220500 files processed, 137 added, after 8820 calls 
10/01/2024 : 09:17 :   220750 files processed, 137 added, after 8830 calls 
10/01/2024 : 09:18 :   221000 files processed, 137 added, after 8840 calls 
10/01/2024 : 09:18 :   221250 files processed, 137 added, after 8850 calls 
10/01/2024 : 09:18 :   221500 files processed, 137 added, after 8860 calls 
10/01/2024 : 09:18 :   221750 files processed, 137 added, after 8870 calls 
10/01/2024 : 09:18 :   222000 files processed, 137 added, after 8880 calls 
10/01/2024 : 09:18 :   222250 files processed, 138 added, after 8890 calls 
10/01/2024 : 09:19 :   222500 files processed, 138 added, after 8900 calls 
10/01/2024 : 09:19 :   222750 files processed, 138 added, after 8910 calls 
10/01/2024 : 09:19 :   223000 files processed, 139 added, after 8920 calls 
10/01/2024 : 09:19 :   223250 files processed, 139 added, after 8930 calls 
10/01/2024 : 09:19 :   223500 files processed, 139 added, after 8940 calls 
10/01/2024 : 09:19 :   223750 files processed, 140 added, after 8950 calls 
10/01/2024 : 09:20 :   224000 files processed, 140 added, after 8960 calls 
10/01/2024 : 09:20 :   224250 files processed, 140 added, after 8970 calls 
10/01/2024 : 09:20 :   224500 files processed, 140 added, after 8980 calls 
10/01/2024 : 09:20 :   224750 files processed, 140 added, after 8990 calls 
10/01/2024 : 09:20 :   225000 files processed, 140 added, after 9000 calls  (out of 10520)
10/01/2024 : 09:20 :   225250 files processed, 140 added, after 9010 calls 
10/01/2024 : 09:21 :   225500 files processed, 140 added, after 9020 calls 
10/01/2024 : 09:21 :   225750 files processed, 141 added, after 9030 calls 
10/01/2024 : 09:21 :   226000 files processed, 141 added, after 9040 calls 
10/01/2024 : 09:21 :   226250 files processed, 141 added, after 9050 calls 
10/01/2024 : 09:21 :   226500 files processed, 141 added, after 9060 calls 
10/01/2024 : 09:22 :   226750 files processed, 141 added, after 9070 calls 
10/01/2024 : 09:22 :   227000 files processed, 142 added, after 9080 calls 
10/01/2024 : 09:22 :   227250 files processed, 143 added, after 9090 calls 
10/01/2024 : 09:22 :   227500 files processed, 143 added, after 9100 calls 
10/01/2024 : 09:22 :   227750 files processed, 143 added, after 9110 calls 
10/01/2024 : 09:22 :   228000 files processed, 143 added, after 9120 calls 
10/01/2024 : 09:23 :   228250 files processed, 143 added, after 9130 calls 
10/01/2024 : 09:23 :   228500 files processed, 143 added, after 9140 calls 
10/01/2024 : 09:23 :   228750 files processed, 143 added, after 9150 calls 
10/01/2024 : 09:23 :   229000 files processed, 143 added, after 9160 calls 
10/01/2024 : 09:23 :   229250 files processed, 143 added, after 9170 calls 
10/01/2024 : 09:23 :   229500 files processed, 143 added, after 9180 calls 
10/01/2024 : 09:24 :   229750 files processed, 143 added, after 9190 calls 
10/01/2024 : 09:24 :   230000 files processed, 143 added, after 9200 calls  (out of 10520)
10/01/2024 : 09:24 :   230250 files processed, 143 added, after 9210 calls 
10/01/2024 : 09:24 :   230500 files processed, 143 added, after 9220 calls 
10/01/2024 : 09:24 :   230750 files processed, 143 added, after 9230 calls 
10/01/2024 : 09:24 :   231000 files processed, 143 added, after 9240 calls 
10/01/2024 : 09:25 :   231250 files processed, 143 added, after 9250 calls 
10/01/2024 : 09:25 :   231500 files processed, 143 added, after 9260 calls 
10/01/2024 : 09:25 :   231750 files processed, 144 added, after 9270 calls 
10/01/2024 : 09:25 :   232000 files processed, 144 added, after 9280 calls 
10/01/2024 : 09:25 :   232250 files processed, 144 added, after 9290 calls 
10/01/2024 : 09:25 :   232500 files processed, 144 added, after 9300 calls 
10/01/2024 : 09:26 :   232750 files processed, 144 added, after 9310 calls 
10/01/2024 : 09:26 :   233000 files processed, 144 added, after 9320 calls 
10/01/2024 : 09:26 :   233250 files processed, 144 added, after 9330 calls 
10/01/2024 : 09:26 :   233500 files processed, 144 added, after 9340 calls 
10/01/2024 : 09:26 :   233750 files processed, 144 added, after 9350 calls 
10/01/2024 : 09:26 :   234000 files processed, 144 added, after 9360 calls 
10/01/2024 : 09:27 :   234250 files processed, 144 added, after 9370 calls 
10/01/2024 : 09:27 :   234500 files processed, 144 added, after 9380 calls 
10/01/2024 : 09:27 :   234750 files processed, 145 added, after 9390 calls 
10/01/2024 : 09:27 :   235000 files processed, 145 added, after 9400 calls  (out of 10520)
10/01/2024 : 09:27 :   235250 files processed, 145 added, after 9410 calls 
10/01/2024 : 09:28 :   235500 files processed, 145 added, after 9420 calls 
10/01/2024 : 09:28 :   235750 files processed, 146 added, after 9430 calls 
10/01/2024 : 09:28 :   236000 files processed, 147 added, after 9440 calls 
10/01/2024 : 09:28 :   236250 files processed, 147 added, after 9450 calls 
10/01/2024 : 09:28 :   236500 files processed, 147 added, after 9460 calls 
10/01/2024 : 09:28 :   236750 files processed, 147 added, after 9470 calls 
10/01/2024 : 09:29 :   237000 files processed, 147 added, after 9480 calls 
10/01/2024 : 09:29 :   237250 files processed, 147 added, after 9490 calls 
10/01/2024 : 09:29 :   237500 files processed, 147 added, after 9500 calls 
10/01/2024 : 09:29 :   237750 files processed, 148 added, after 9510 calls 
10/01/2024 : 09:29 :   238000 files processed, 148 added, after 9520 calls 
10/01/2024 : 09:29 :   238250 files processed, 148 added, after 9530 calls 
10/01/2024 : 09:30 :   238500 files processed, 148 added, after 9540 calls 
10/01/2024 : 09:30 :   238750 files processed, 148 added, after 9550 calls 
10/01/2024 : 09:30 :   239000 files processed, 148 added, after 9560 calls 
10/01/2024 : 09:30 :   239250 files processed, 148 added, after 9570 calls 
10/01/2024 : 09:30 :   239500 files processed, 148 added, after 9580 calls 
10/01/2024 : 09:30 :   239750 files processed, 148 added, after 9590 calls 
10/01/2024 : 09:31 :   240000 files processed, 148 added, after 9600 calls  (out of 10520)
10/01/2024 : 09:31 :   240250 files processed, 148 added, after 9610 calls 
10/01/2024 : 09:31 :   240500 files processed, 148 added, after 9620 calls 
10/01/2024 : 09:31 :   240750 files processed, 148 added, after 9630 calls 
10/01/2024 : 09:31 :   241000 files processed, 148 added, after 9640 calls 
10/01/2024 : 09:31 :   241250 files processed, 148 added, after 9650 calls 
10/01/2024 : 09:32 :   241500 files processed, 148 added, after 9660 calls 
10/01/2024 : 09:32 :   241750 files processed, 148 added, after 9670 calls 
10/01/2024 : 09:32 :   242000 files processed, 148 added, after 9680 calls 
10/01/2024 : 09:32 :   242250 files processed, 148 added, after 9690 calls 
10/01/2024 : 09:32 :   242500 files processed, 148 added, after 9700 calls 
10/01/2024 : 09:32 :   242750 files processed, 148 added, after 9710 calls 
10/01/2024 : 09:33 :   243000 files processed, 148 added, after 9720 calls 
10/01/2024 : 09:33 :   243250 files processed, 148 added, after 9730 calls 
10/01/2024 : 09:33 :   243500 files processed, 148 added, after 9740 calls 
10/01/2024 : 09:33 :   243750 files processed, 148 added, after 9750 calls 
10/01/2024 : 09:33 :   244000 files processed, 148 added, after 9760 calls 
10/01/2024 : 09:34 :   244250 files processed, 148 added, after 9770 calls 
10/01/2024 : 09:34 :   244500 files processed, 149 added, after 9780 calls 
10/01/2024 : 09:34 :   244750 files processed, 149 added, after 9790 calls 
10/01/2024 : 09:34 :   245000 files processed, 149 added, after 9800 calls  (out of 10520)
10/01/2024 : 09:34 :   245250 files processed, 149 added, after 9810 calls 
10/01/2024 : 09:34 :   245500 files processed, 149 added, after 9820 calls 
10/01/2024 : 09:35 :   245750 files processed, 150 added, after 9830 calls 
10/01/2024 : 09:35 :   246000 files processed, 150 added, after 9840 calls 
10/01/2024 : 09:35 :   246250 files processed, 151 added, after 9850 calls 
10/01/2024 : 09:35 :   246500 files processed, 151 added, after 9860 calls 
10/01/2024 : 09:35 :   246750 files processed, 151 added, after 9870 calls 
10/01/2024 : 09:35 :   247000 files processed, 151 added, after 9880 calls 
10/01/2024 : 09:36 :   247250 files processed, 152 added, after 9890 calls 
10/01/2024 : 09:36 :   247500 files processed, 152 added, after 9900 calls 
10/01/2024 : 09:36 :   247750 files processed, 152 added, after 9910 calls 
10/01/2024 : 09:36 :   248000 files processed, 152 added, after 9920 calls 
10/01/2024 : 09:36 :   248250 files processed, 152 added, after 9930 calls 
10/01/2024 : 09:36 :   248500 files processed, 153 added, after 9940 calls 
10/01/2024 : 09:37 :   248750 files processed, 153 added, after 9950 calls 
10/01/2024 : 09:37 :   249000 files processed, 153 added, after 9960 calls 
10/01/2024 : 09:37 :   249250 files processed, 153 added, after 9970 calls 
10/01/2024 : 09:37 :   249500 files processed, 153 added, after 9980 calls 
10/01/2024 : 09:37 :   249750 files processed, 154 added, after 9990 calls 
10/01/2024 : 09:37 :   250000 files processed, 154 added, after 10000 calls  (out of 10520)
10/01/2024 : 09:38 :   250250 files processed, 154 added, after 10010 calls 
10/01/2024 : 09:38 :   250500 files processed, 154 added, after 10020 calls 
10/01/2024 : 09:38 :   250750 files processed, 154 added, after 10030 calls 
10/01/2024 : 09:38 :   251000 files processed, 154 added, after 10040 calls 
10/01/2024 : 09:38 :   251250 files processed, 154 added, after 10050 calls 
10/01/2024 : 09:39 :   251500 files processed, 155 added, after 10060 calls 
10/01/2024 : 09:39 :   251750 files processed, 155 added, after 10070 calls 
10/01/2024 : 09:39 :   252000 files processed, 155 added, after 10080 calls 
10/01/2024 : 09:39 :   252250 files processed, 155 added, after 10090 calls 
10/01/2024 : 09:39 :   252500 files processed, 156 added, after 10100 calls 
10/01/2024 : 09:39 :   252750 files processed, 156 added, after 10110 calls 
10/01/2024 : 09:40 :   253000 files processed, 156 added, after 10120 calls 
10/01/2024 : 09:40 :   253250 files processed, 157 added, after 10130 calls 
10/01/2024 : 09:40 :   253500 files processed, 157 added, after 10140 calls 
10/01/2024 : 09:40 :   253750 files processed, 157 added, after 10150 calls 
10/01/2024 : 09:40 :   254000 files processed, 157 added, after 10160 calls 
10/01/2024 : 09:40 :   254250 files processed, 157 added, after 10170 calls 
10/01/2024 : 09:41 :   254500 files processed, 158 added, after 10180 calls 
10/01/2024 : 09:41 :   254750 files processed, 158 added, after 10190 calls 
10/01/2024 : 09:41 :   255000 files processed, 158 added, after 10200 calls  (out of 10520)
10/01/2024 : 09:41 :   255250 files processed, 159 added, after 10210 calls 
10/01/2024 : 09:41 :   255500 files processed, 159 added, after 10220 calls 
10/01/2024 : 09:41 :   255750 files processed, 159 added, after 10230 calls 
10/01/2024 : 09:42 :   256000 files processed, 160 added, after 10240 calls 
10/01/2024 : 09:42 :   256250 files processed, 160 added, after 10250 calls 
10/01/2024 : 09:42 :   256500 files processed, 162 added, after 10260 calls 
10/01/2024 : 09:42 :   256750 files processed, 162 added, after 10270 calls 
10/01/2024 : 09:42 :   257000 files processed, 162 added, after 10280 calls 
10/01/2024 : 09:43 :   257250 files processed, 162 added, after 10290 calls 
10/01/2024 : 09:43 :   257500 files processed, 162 added, after 10300 calls 
10/01/2024 : 09:43 :   257750 files processed, 162 added, after 10310 calls 
10/01/2024 : 09:43 :   258000 files processed, 162 added, after 10320 calls 
10/01/2024 : 09:43 :   258250 files processed, 162 added, after 10330 calls 
10/01/2024 : 09:43 :   258500 files processed, 162 added, after 10340 calls 
10/01/2024 : 09:44 :   258750 files processed, 162 added, after 10350 calls 
10/01/2024 : 09:44 :   259000 files processed, 162 added, after 10360 calls 
10/01/2024 : 09:44 :   259250 files processed, 162 added, after 10370 calls 
10/01/2024 : 09:44 :   259500 files processed, 162 added, after 10380 calls 
10/01/2024 : 09:44 :   259750 files processed, 162 added, after 10390 calls 
10/01/2024 : 09:44 :   260000 files processed, 162 added, after 10400 calls  (out of 10520)
10/01/2024 : 09:45 :   260250 files processed, 162 added, after 10410 calls 
10/01/2024 : 09:45 :   260500 files processed, 162 added, after 10420 calls 
10/01/2024 : 09:45 :   260750 files processed, 163 added, after 10430 calls 
10/01/2024 : 09:45 :   261000 files processed, 163 added, after 10440 calls 
10/01/2024 : 09:45 :   261250 files processed, 163 added, after 10450 calls 
10/01/2024 : 09:45 :   261500 files processed, 163 added, after 10460 calls 
10/01/2024 : 09:46 :   261750 files processed, 163 added, after 10470 calls 
10/01/2024 : 09:46 :   262000 files processed, 163 added, after 10480 calls 
10/01/2024 : 09:46 :   262250 files processed, 163 added, after 10490 calls 
10/01/2024 : 09:46 :   262500 files processed, 163 added, after 10500 calls 
10/01/2024 : 09:46 :   262750 files processed, 163 added, after 10510 calls 
10/01/2024 : 09:47 :   262993 files processed, 163 added, after 10520 calls 
10/01/2024 : 09:47 :   ObtainDataFromSourceAsync ended!

10/01/2024 : 09:47 :   **** Download Result ****
10/01/2024 : 09:47 :   Source Id: 100120
10/01/2024 : 09:47 :   Download Event Id: 102261
10/01/2024 : 09:47 :   Start time: 10/01/2024 06:43:45
10/01/2024 : 09:47 :   End time: 10/01/2024 09:47:01
10/01/2024 : 09:47 :   Records checked: 262993
10/01/2024 : 09:47 :   Records downloaded: 262993
10/01/2024 : 09:47 :   Records added: 163

10/01/2024 : 09:47 :   **** Closing Log ****
