09/29/2024 : 13:03 :   ****** DOWNLOAD ******

09/29/2024 : 13:03 :   **** Set up ****
09/29/2024 : 13:03 :   Download event Id is 102249
09/29/2024 : 13:03 :   
09/29/2024 : 13:03 :   Source_id is 100115
09/29/2024 : 13:03 :   Type_id is 113
09/29/2024 : 13:03 :   File name is /app/MDR_Sources/WHO/DL/WHODL.csv
09/29/2024 : 13:03 :   Calling ObtainDataFromSourceAsync...
09/29/2024 : 13:03 :   Rows loaded into WHO record structure
09/29/2024 : 13:03 :   100
09/29/2024 : 13:03 :   200
09/29/2024 : 13:03 :   300
09/29/2024 : 13:03 :   400
09/29/2024 : 13:03 :   500
09/29/2024 : 13:03 :   600
09/29/2024 : 13:03 :   700
09/29/2024 : 13:03 :   800
09/29/2024 : 13:03 :   900
09/29/2024 : 13:03 :   1000
09/29/2024 : 13:03 :   1100
09/29/2024 : 13:03 :   1200
09/29/2024 : 13:03 :   1300
09/29/2024 : 13:03 :   1400
09/29/2024 : 13:03 :   1500
09/29/2024 : 13:03 :   1600
09/29/2024 : 13:03 :   1700
09/29/2024 : 13:03 :   1800
09/29/2024 : 13:03 :   1900
09/29/2024 : 13:03 :   2000
09/29/2024 : 13:03 :   2100
09/29/2024 : 13:03 :   2200
09/29/2024 : 13:03 :   2300
09/29/2024 : 13:03 :   2400
09/29/2024 : 13:03 :   2500
09/29/2024 : 13:03 :   2600
09/29/2024 : 13:03 :   2700
09/29/2024 : 13:03 :   2800
09/29/2024 : 13:03 :   2900
09/29/2024 : 13:03 :   3000
09/29/2024 : 13:03 :   3100
09/29/2024 : 13:03 :   3200
09/29/2024 : 13:03 :   3300
09/29/2024 : 13:03 :   3400
09/29/2024 : 13:03 :   3500
09/29/2024 : 13:03 :   3600
09/29/2024 : 13:03 :   3700
09/29/2024 : 13:03 :   3800
09/29/2024 : 13:03 :   3900
09/29/2024 : 13:03 :   4000
09/29/2024 : 13:03 :   4100
09/29/2024 : 13:03 :   4200
09/29/2024 : 13:03 :   4300
09/29/2024 : 13:03 :   4400
09/29/2024 : 13:03 :   4500
09/29/2024 : 13:03 :   4600
09/29/2024 : 13:03 :   4700
09/29/2024 : 13:03 :   4800
09/29/2024 : 13:03 :   4900
09/29/2024 : 13:03 :   5000
09/29/2024 : 13:03 :   5100
09/29/2024 : 13:03 :   5200
09/29/2024 : 13:03 :   5300
09/29/2024 : 13:03 :   5400
09/29/2024 : 13:03 :   5500
09/29/2024 : 13:03 :   5600
09/29/2024 : 13:03 :   5700
09/29/2024 : 13:03 :   5800
09/29/2024 : 13:03 :   5900
09/29/2024 : 13:03 :   6000
09/29/2024 : 13:03 :   6100
09/29/2024 : 13:03 :   6200
09/29/2024 : 13:03 :   6300
09/29/2024 : 13:03 :   6400
09/29/2024 : 13:03 :   6500
09/29/2024 : 13:03 :   6600
09/29/2024 : 13:03 :   6700
09/29/2024 : 13:03 :   6800
09/29/2024 : 13:03 :   6900
09/29/2024 : 13:03 :   7000
09/29/2024 : 13:03 :   7100
09/29/2024 : 13:03 :   7200
09/29/2024 : 13:03 :   7300
09/29/2024 : 13:03 :   7400
09/29/2024 : 13:03 :   7500
09/29/2024 : 13:03 :   7600
09/29/2024 : 13:03 :   7700
09/29/2024 : 13:03 :   7800
09/29/2024 : 13:03 :   7900
09/29/2024 : 13:03 :   8000
09/29/2024 : 13:03 :   8100
09/29/2024 : 13:03 :   8200
09/29/2024 : 13:03 :   8300
09/29/2024 : 13:03 :   8400
09/29/2024 : 13:03 :   8500
09/29/2024 : 13:03 :   8600
09/29/2024 : 13:03 :   8700
09/29/2024 : 13:03 :   8800
09/29/2024 : 13:03 :   8900
09/29/2024 : 13:03 :   9000
09/29/2024 : 13:03 :   9100
09/29/2024 : 13:03 :   9200
09/29/2024 : 13:03 :   9300
09/29/2024 : 13:03 :   9400
09/29/2024 : 13:03 :   9500
09/29/2024 : 13:03 :   9600
09/29/2024 : 13:03 :   9700
09/29/2024 : 13:03 :   9800
09/29/2024 : 13:03 :   9900
09/29/2024 : 13:03 :   10000
09/29/2024 : 13:03 :   10100
09/29/2024 : 13:03 :   10200
09/29/2024 : 13:03 :   10300
09/29/2024 : 13:03 :   10400
09/29/2024 : 13:03 :   10500
09/29/2024 : 13:03 :   10600
09/29/2024 : 13:03 :   10700
09/29/2024 : 13:03 :   10800
09/29/2024 : 13:03 :   10900
09/29/2024 : 13:03 :   11000
09/29/2024 : 13:03 :   11100
09/29/2024 : 13:03 :   11200
09/29/2024 : 13:03 :   11300
09/29/2024 : 13:03 :   11400
09/29/2024 : 13:03 :   11500
09/29/2024 : 13:03 :   11600
09/29/2024 : 13:03 :   11700
09/29/2024 : 13:03 :   11800
09/29/2024 : 13:03 :   11900
09/29/2024 : 13:03 :   12000
09/29/2024 : 13:03 :   12100
09/29/2024 : 13:03 :   12200
09/29/2024 : 13:03 :   12300
09/29/2024 : 13:03 :   12400
09/29/2024 : 13:03 :   12500
09/29/2024 : 13:03 :   12600
09/29/2024 : 13:03 :   12700
09/29/2024 : 13:03 :   12800
09/29/2024 : 13:03 :   12900
09/29/2024 : 13:03 :   13000
09/29/2024 : 13:03 :   13100
09/29/2024 : 13:03 :   13200
09/29/2024 : 13:03 :   13300
09/29/2024 : 13:03 :   13400
09/29/2024 : 13:03 :   13500
09/29/2024 : 13:03 :   13600
09/29/2024 : 13:03 :   13700
09/29/2024 : 13:03 :   13800
09/29/2024 : 13:03 :   13900
09/29/2024 : 13:03 :   14000
09/29/2024 : 13:03 :   14100
09/29/2024 : 13:03 :   14200
09/29/2024 : 13:03 :   14300
09/29/2024 : 13:03 :   14400
09/29/2024 : 13:03 :   14500
09/29/2024 : 13:03 :   14600
09/29/2024 : 13:03 :   14700
09/29/2024 : 13:03 :   14800
09/29/2024 : 13:03 :   14900
09/29/2024 : 13:03 :   15000
09/29/2024 : 13:03 :   15100
09/29/2024 : 13:03 :   15200
09/29/2024 : 13:03 :   15300
09/29/2024 : 13:03 :   15400
09/29/2024 : 13:03 :   15500
09/29/2024 : 13:03 :   15600
09/29/2024 : 13:03 :   15700
09/29/2024 : 13:03 :   15800
09/29/2024 : 13:03 :   ObtainDataFromSourceAsync ended!

09/29/2024 : 13:03 :   **** Download Result ****
09/29/2024 : 13:03 :   Source Id: 100115
09/29/2024 : 13:03 :   Download Event Id: 102249
09/29/2024 : 13:03 :   Start time: 09/29/2024 13:03:42
09/29/2024 : 13:03 :   End time: 09/29/2024 13:03:55
09/29/2024 : 13:03 :   Records checked: 15806
09/29/2024 : 13:03 :   Records downloaded: 6757
09/29/2024 : 13:03 :   Records added: 0

09/29/2024 : 13:03 :   **** Closing Log ****
