
10/08/2024 : 06:36 :   **** STARTING IMPORTER ****

10/08/2024 : 06:36 :   Source_id is 100118
10/08/2024 : 06:36 :   Rebuild AD tables is: False
10/08/2024 : 06:36 :   
10/08/2024 : 06:36 :   
10/08/2024 : 06:36 :   ======================================================================
10/08/2024 : 06:36 :   For source: 100118: chictr
10/08/2024 : 06:36 :   ======================================================================
10/08/2024 : 06:36 :   

10/08/2024 : 06:36 :   **** SETUP ****


10/08/2024 : 06:36 :   **** START IMPORT PROCESS ****

10/08/2024 : 06:36 :   Foreign (mon) tables established in database
10/08/2024 : 06:36 :   
10/08/2024 : 06:36 :   
10/08/2024 : 06:36 :   Deleting 329 records of ad.studies data, as a single batch
10/08/2024 : 06:36 :   Adding 329 records to ad.studies, as a single batch
10/08/2024 : 06:36 :   
10/08/2024 : 06:36 :   Deleting 343 records of ad.study_identifiers data, as a single batch
10/08/2024 : 06:36 :   Adding 343 records to ad.study_identifiers, as a single batch
10/08/2024 : 06:36 :   
10/08/2024 : 06:36 :   Deleting 377 records of ad.study_titles data, as a single batch
10/08/2024 : 06:36 :   Adding 377 records to ad.study_titles, as a single batch
10/08/2024 : 06:36 :   
10/08/2024 : 06:36 :   Deleting 569 records of ad.study_people data, as a single batch
10/08/2024 : 06:36 :   Adding 569 records to ad.study_people, as a single batch
10/08/2024 : 06:36 :   
10/08/2024 : 06:36 :   Deleting 603 records of ad.study_organisations data, as a single batch
10/08/2024 : 06:36 :   Compaction required for study_organisations, (max id: 154460, actual size: 172918)
10/08/2024 : 06:36 :   Transferring 154460 records to ad.study_organisations_new from ad.study_organisations, as a single batch
10/08/2024 : 06:36 :   Compacted sequence for ad.study_organisations, to 154460 rows
10/08/2024 : 06:36 :   Adding 616 records to ad.study_organisations, as a single batch
10/08/2024 : 06:36 :   
10/08/2024 : 06:36 :   Deleting 406 records of ad.study_features data, as a single batch
10/08/2024 : 06:36 :   Adding 405 records to ad.study_features, as a single batch
10/08/2024 : 06:36 :   
10/08/2024 : 06:36 :   Deleting 329 records of ad.study_countries data, as a single batch
10/08/2024 : 06:36 :   Adding 329 records to ad.study_countries, as a single batch
10/08/2024 : 06:36 :   
10/08/2024 : 06:36 :   Deleting 335 records of ad.study_conditions data, as a single batch
10/08/2024 : 06:36 :   Adding 335 records to ad.study_conditions, as a single batch
10/08/2024 : 06:36 :   
10/08/2024 : 06:36 :   Deleting 0 records of ad.study_iec_upto12 data, as a single batch
10/08/2024 : 06:36 :   Adding 0 records to ad.study_iec_upto12, as a single batch
10/08/2024 : 06:36 :   
10/08/2024 : 06:36 :   Deleting 0 records of ad.study_iec_13to19 data, in ids 1 to 200000
10/08/2024 : 06:36 :   Deleting 59 records of ad.study_iec_13to19 data, in ids 200001 to 268918
10/08/2024 : 06:36 :   Deleted 59 records in total
10/08/2024 : 06:36 :   Adding 59 records to ad.study_iec_13to19, as a single batch
10/08/2024 : 06:36 :   
10/08/2024 : 06:36 :   Deleting 0 records of ad.study_iec_20on data, in ids 1 to 200000
10/08/2024 : 06:36 :   Deleting 0 records of ad.study_iec_20on data, in ids 200001 to 400000
10/08/2024 : 06:36 :   Deleting 4100 records of ad.study_iec_20on data, in ids 400001 to 600000
10/08/2024 : 06:36 :   Deleting 109 records of ad.study_iec_20on data, in ids 600001 to 670701
10/08/2024 : 06:36 :   Deleted 4209 records in total
10/08/2024 : 06:36 :   Adding 4215 records to ad.study_iec_20on, as a single batch
10/08/2024 : 06:36 :   
10/08/2024 : 06:36 :   Deleting 329 records of ad.data_objects data, as a single batch
10/08/2024 : 06:36 :   Adding 329 records to ad.data_objects, as a single batch
10/08/2024 : 06:36 :   
10/08/2024 : 06:36 :   Deleting 0 records of ad.object_titles data, as a single batch
10/08/2024 : 06:36 :   Id sequence for ad.object_titles reset to 1
10/08/2024 : 06:36 :   Adding 0 records to ad.object_titles, as a single batch
10/08/2024 : 06:36 :   
10/08/2024 : 06:36 :   Deleting 329 records of ad.object_instances data, as a single batch
10/08/2024 : 06:36 :   Adding 329 records to ad.object_instances, as a single batch
10/08/2024 : 06:36 :   
10/08/2024 : 06:36 :   Deleting 658 records of ad.object_dates data, as a single batch
10/08/2024 : 06:36 :   Adding 658 records to ad.object_dates, as a single batch

10/08/2024 : 06:36 :   **** NEW DATA ADDED TO AD TABLES ****


10/08/2024 : 06:36 :   **** TIDY UP AND FINISH ****

10/08/2024 : 06:36 :   Updating monitor records with import date / time,  329 records, as a single query
10/08/2024 : 06:36 :   Foreign (mon) tables removed from database

10/08/2024 : 06:36 :   **** CLOSING LOG ****

