10/03/2024 : 05:56 :   Source_id is 100126
10/03/2024 : 05:56 :   Type_id is 2
10/03/2024 : 05:56 :   

10/03/2024 : 05:56 :   **** STARTING HARVESTER ****
10/03/2024 : 05:56 :   
10/03/2024 : 05:56 :   ======================================================================
10/03/2024 : 05:56 :   For source: 100126: isrctn
10/03/2024 : 05:56 :   ======================================================================
10/03/2024 : 05:56 :   

10/03/2024 : 05:56 :   **** RECREATE DATABASE TABLES ****
10/03/2024 : 05:56 :   Study tables recreated
10/03/2024 : 05:56 :   Object tables recreated
10/03/2024 : 05:56 :   Harvest event 15757 began

10/03/2024 : 05:56 :   **** PROCESS DATA ****
10/03/2024 : 05:56 :   Records harvested: 100
10/03/2024 : 05:56 :   Records harvested: 200
10/03/2024 : 05:56 :   Records harvested: 300
10/03/2024 : 05:56 :   Records harvested: 400
10/03/2024 : 05:56 :   Records harvested: 500
10/03/2024 : 05:56 :   Records harvested: 600
10/03/2024 : 05:56 :   Records harvested: 700
10/03/2024 : 05:56 :   Records harvested: 800
10/03/2024 : 05:56 :   Records harvested: 900
10/03/2024 : 05:56 :   Records harvested: 1000
10/03/2024 : 05:56 :   Records harvested: 1100
10/03/2024 : 05:56 :   Records harvested: 1200
10/03/2024 : 05:56 :   Records harvested: 1300
10/03/2024 : 05:56 :   Records harvested: 1400
10/03/2024 : 05:56 :   Records harvested: 1500
10/03/2024 : 05:56 :   Records harvested: 1600
10/03/2024 : 05:56 :   Records harvested: 1700
10/03/2024 : 05:56 :   Records harvested: 1800
10/03/2024 : 05:56 :   Records harvested: 1900
10/03/2024 : 05:56 :   Records harvested: 2000
10/03/2024 : 05:56 :   Records harvested: 2100
10/03/2024 : 05:56 :   Records harvested: 2200
10/03/2024 : 05:56 :   Records harvested: 2300
10/03/2024 : 05:56 :   Records harvested: 2400
10/03/2024 : 05:56 :   Records harvested: 2500
10/03/2024 : 05:56 :   Records harvested: 2600
10/03/2024 : 05:56 :   Records harvested: 2700
10/03/2024 : 05:56 :   Records harvested: 2800
10/03/2024 : 05:56 :   Records harvested: 2900
10/03/2024 : 05:56 :   Records harvested: 3000
10/03/2024 : 05:57 :   Records harvested: 3100
10/03/2024 : 05:57 :   Records harvested: 3200
10/03/2024 : 05:57 :   Records harvested: 3300
10/03/2024 : 05:57 :   Records harvested: 3400
10/03/2024 : 05:57 :   Records harvested: 3500
10/03/2024 : 05:57 :   Records harvested: 3600
10/03/2024 : 05:57 :   Records harvested: 3700
10/03/2024 : 05:57 :   Records harvested: 3800
10/03/2024 : 05:57 :   Records harvested: 3900
10/03/2024 : 05:57 :   Records harvested: 4000
10/03/2024 : 05:57 :   Records harvested: 4100
10/03/2024 : 05:57 :   Records harvested: 4200
10/03/2024 : 05:57 :   Records harvested: 4300
10/03/2024 : 05:57 :   Records harvested: 4400
10/03/2024 : 05:57 :   Records harvested: 4500
10/03/2024 : 05:57 :   Records harvested: 4600
10/03/2024 : 05:57 :   Records harvested: 4700
10/03/2024 : 05:57 :   Records harvested: 4800
10/03/2024 : 05:57 :   Records harvested: 4900
10/03/2024 : 05:57 :   Records harvested: 5000
10/03/2024 : 05:57 :   Records harvested: 5100
10/03/2024 : 05:57 :   Records harvested: 5200
10/03/2024 : 05:57 :   Records harvested: 5300
10/03/2024 : 05:57 :   Records harvested: 5400
10/03/2024 : 05:57 :   Records harvested: 5500
10/03/2024 : 05:57 :   Records harvested: 5600
10/03/2024 : 05:57 :   Records harvested: 5700
10/03/2024 : 05:57 :   Records harvested: 5800
10/03/2024 : 05:57 :   Records harvested: 5900
10/03/2024 : 05:57 :   Records harvested: 6000
10/03/2024 : 05:58 :   Records harvested: 6100
10/03/2024 : 05:58 :   Records harvested: 6200
10/03/2024 : 05:58 :   Records harvested: 6300
10/03/2024 : 05:58 :   Records harvested: 6400
10/03/2024 : 05:58 :   Records harvested: 6500
10/03/2024 : 05:58 :   Records harvested: 6600
10/03/2024 : 05:58 :   Records harvested: 6700
10/03/2024 : 05:58 :   Records harvested: 6800
10/03/2024 : 05:58 :   Records harvested: 6900
10/03/2024 : 05:58 :   Records harvested: 7000
10/03/2024 : 05:58 :   Records harvested: 7100
10/03/2024 : 05:58 :   Records harvested: 7200
10/03/2024 : 05:58 :   Records harvested: 7300
10/03/2024 : 05:58 :   Records harvested: 7400
10/03/2024 : 05:58 :   Records harvested: 7500
10/03/2024 : 05:58 :   Records harvested: 7600
10/03/2024 : 05:58 :   Records harvested: 7700
10/03/2024 : 05:58 :   Records harvested: 7800
10/03/2024 : 05:58 :   Records harvested: 7900
10/03/2024 : 05:58 :   Records harvested: 8000
10/03/2024 : 05:58 :   Records harvested: 8100
10/03/2024 : 05:58 :   Records harvested: 8200
10/03/2024 : 05:58 :   Records harvested: 8300
10/03/2024 : 05:58 :   Records harvested: 8400
10/03/2024 : 05:58 :   Records harvested: 8500
10/03/2024 : 05:58 :   Records harvested: 8600
10/03/2024 : 05:58 :   Records harvested: 8700
10/03/2024 : 05:58 :   Records harvested: 8800
10/03/2024 : 05:58 :   Records harvested: 8900
10/03/2024 : 05:58 :   Records harvested: 9000
10/03/2024 : 05:58 :   Records harvested: 9100
10/03/2024 : 05:58 :   Records harvested: 9200
10/03/2024 : 05:58 :   Records harvested: 9300
10/03/2024 : 05:58 :   Records harvested: 9400
10/03/2024 : 05:58 :   Records harvested: 9500
10/03/2024 : 05:59 :   Records harvested: 9600
10/03/2024 : 05:59 :   Records harvested: 9700
10/03/2024 : 05:59 :   Records harvested: 9800
10/03/2024 : 05:59 :   Records harvested: 9900
10/03/2024 : 05:59 :   Records harvested: 10000
10/03/2024 : 05:59 :   Records harvested: 10100
10/03/2024 : 05:59 :   Records harvested: 10200
10/03/2024 : 05:59 :   Records harvested: 10300
10/03/2024 : 05:59 :   Records harvested: 10400
10/03/2024 : 05:59 :   Records harvested: 10500
10/03/2024 : 05:59 :   Records harvested: 10600
10/03/2024 : 05:59 :   Records harvested: 10700
10/03/2024 : 05:59 :   Records harvested: 10800
10/03/2024 : 05:59 :   Records harvested: 10900
10/03/2024 : 05:59 :   Records harvested: 11000
10/03/2024 : 05:59 :   Records harvested: 11100
10/03/2024 : 05:59 :   Records harvested: 11200
10/03/2024 : 05:59 :   Records harvested: 11300
10/03/2024 : 05:59 :   Records harvested: 11400
10/03/2024 : 05:59 :   Records harvested: 11500
10/03/2024 : 05:59 :   Records harvested: 11600
10/03/2024 : 05:59 :   Number of source JSON files: 25419
10/03/2024 : 05:59 :   Number of files harvested: 11652
10/03/2024 : 05:59 :   Harvest event 15757 ended
10/03/2024 : 05:59 :   
10/03/2024 : 05:59 :   TABLE RECORD NUMBERS

10/03/2024 : 05:59 :   **** STUDY TABLES ****
10/03/2024 : 05:59 :   
10/03/2024 : 05:59 :   11652 records found in sd.studies
10/03/2024 : 05:59 :   27437 records found in sd.study_identifiers, from 11652 studies
10/03/2024 : 05:59 :   29772 records found in sd.study_titles, from 11652 studies
10/03/2024 : 05:59 :   4685 records found in sd.study_topics, from 2895 studies
10/03/2024 : 05:59 :   19334 records found in sd.study_features, from 11265 studies
10/03/2024 : 05:59 :   14536 records found in sd.study_conditions, from 11534 studies
10/03/2024 : 05:59 :   26280 records found in sd.study_organisations, from 11639 studies
10/03/2024 : 05:59 :   1 records found in sd.study_people, from 1 study
10/03/2024 : 05:59 :   10226 records found in sd.study_references, from 5529 studies
10/03/2024 : 05:59 :   18680 records found in sd.study_countries, from 11652 studies
10/03/2024 : 05:59 :   42077 records found in sd.study_locations, from 11652 studies
10/03/2024 : 05:59 :   173209 records found in sd.study_iec, from 11652 studies

10/03/2024 : 05:59 :   **** OBJECT TABLES ****
10/03/2024 : 05:59 :   
10/03/2024 : 05:59 :   27813 records found in sd.data_objects
10/03/2024 : 05:59 :   6086 records found in sd.object_titles, from 6086 objects
10/03/2024 : 05:59 :   27813 records found in sd.object_instances, from 27813 objects
10/03/2024 : 05:59 :   36782 records found in sd.object_dates, from 20601 objects

10/03/2024 : 05:59 :   **** CLOSING LOG ****
