
11/15/2024 : 08:00 :   **** STARTING IMPORTER ****

11/15/2024 : 08:00 :   Source_id is 101901
11/15/2024 : 08:00 :   Rebuild AD tables is: False
11/15/2024 : 08:00 :   
11/15/2024 : 08:00 :   
11/15/2024 : 08:00 :   ======================================================================
11/15/2024 : 08:00 :   For source: 101901: yoda
11/15/2024 : 08:00 :   ======================================================================
11/15/2024 : 08:00 :   

11/15/2024 : 08:00 :   **** SETUP ****


11/15/2024 : 08:00 :   **** START IMPORT PROCESS ****

11/15/2024 : 08:00 :   Foreign (mon) tables established in database
11/15/2024 : 08:00 :   
11/15/2024 : 08:00 :   
11/15/2024 : 08:00 :   Deleting 469 records of ad.studies data, as a single batch
11/15/2024 : 08:00 :   Compaction required for studies, (max id: 13, actual size: 460)
11/15/2024 : 08:00 :   Transferring 13 records to ad.studies_new from ad.studies, as a single batch
11/15/2024 : 08:00 :   Compacted sequence for ad.studies, to 13 rows
11/15/2024 : 08:00 :   Adding 470 records to ad.studies, as a single batch
11/15/2024 : 08:00 :   
11/15/2024 : 08:00 :   Deleting 905 records of ad.study_identifiers data, as a single batch
11/15/2024 : 08:00 :   Compaction required for study_identifiers, (max id: 19, actual size: 881)
11/15/2024 : 08:00 :   Transferring 19 records to ad.study_identifiers_new from ad.study_identifiers, as a single batch
11/15/2024 : 08:00 :   Compacted sequence for ad.study_identifiers, to 19 rows
11/15/2024 : 08:00 :   Adding 906 records to ad.study_identifiers, as a single batch
11/15/2024 : 08:00 :   
11/15/2024 : 08:00 :   Deleting 469 records of ad.study_titles data, as a single batch
11/15/2024 : 08:00 :   Compaction required for study_titles, (max id: 13, actual size: 460)
11/15/2024 : 08:00 :   Transferring 13 records to ad.study_titles_new from ad.study_titles, as a single batch
11/15/2024 : 08:00 :   Compacted sequence for ad.study_titles, to 13 rows
11/15/2024 : 08:00 :   Adding 470 records to ad.study_titles, as a single batch
11/15/2024 : 08:00 :   
11/15/2024 : 08:00 :   Deleting 269 records of ad.study_references data, as a single batch
11/15/2024 : 08:00 :   Compaction required for study_references, (max id: 6, actual size: 271)
11/15/2024 : 08:00 :   Transferring 6 records to ad.study_references_new from ad.study_references, as a single batch
11/15/2024 : 08:00 :   Compacted sequence for ad.study_references, to 6 rows
11/15/2024 : 08:00 :   Adding 269 records to ad.study_references, as a single batch
11/15/2024 : 08:00 :   
11/15/2024 : 08:00 :   Deleting 469 records of ad.study_organisations data, as a single batch
11/15/2024 : 08:00 :   Compaction required for study_organisations, (max id: 13, actual size: 460)
11/15/2024 : 08:00 :   Transferring 13 records to ad.study_organisations_new from ad.study_organisations, as a single batch
11/15/2024 : 08:00 :   Compacted sequence for ad.study_organisations, to 13 rows
11/15/2024 : 08:00 :   Adding 470 records to ad.study_organisations, as a single batch
11/15/2024 : 08:00 :   
11/15/2024 : 08:00 :   Deleting 922 records of ad.study_topics data, as a single batch
11/15/2024 : 08:00 :   Compaction required for study_topics, (max id: 25, actual size: 906)
11/15/2024 : 08:00 :   Transferring 25 records to ad.study_topics_new from ad.study_topics, as a single batch
11/15/2024 : 08:00 :   Compacted sequence for ad.study_topics, to 25 rows
11/15/2024 : 08:00 :   Adding 924 records to ad.study_topics, as a single batch
11/15/2024 : 08:00 :   
11/15/2024 : 08:00 :   Deleting 493 records of ad.study_conditions data, as a single batch
11/15/2024 : 08:00 :   Compaction required for study_conditions, (max id: 13, actual size: 524)
11/15/2024 : 08:00 :   Transferring 13 records to ad.study_conditions_new from ad.study_conditions, as a single batch
11/15/2024 : 08:00 :   Compacted sequence for ad.study_conditions, to 13 rows
11/15/2024 : 08:00 :   Adding 467 records to ad.study_conditions, as a single batch
11/15/2024 : 08:00 :   
11/15/2024 : 08:00 :   Deleting 2731 records of ad.data_objects data, as a single batch
11/15/2024 : 08:00 :   Compaction required for data_objects, (max id: 63, actual size: 2771)
11/15/2024 : 08:00 :   Transferring 63 records to ad.data_objects_new from ad.data_objects, as a single batch
11/15/2024 : 08:00 :   Compacted sequence for ad.data_objects, to 63 rows
11/15/2024 : 08:00 :   Adding 2737 records to ad.data_objects, as a single batch
11/15/2024 : 08:00 :   
11/15/2024 : 08:00 :   Deleting 0 records of ad.object_titles data, as a single batch
11/15/2024 : 08:00 :   Id sequence for ad.object_titles reset to 1
11/15/2024 : 08:00 :   Adding 0 records to ad.object_titles, as a single batch
11/15/2024 : 08:00 :   
11/15/2024 : 08:00 :   Deleting 424 records of ad.object_datasets data, as a single batch
11/15/2024 : 08:00 :   Compaction required for object_datasets, (max id: 9, actual size: 412)
11/15/2024 : 08:00 :   Transferring 9 records to ad.object_datasets_new from ad.object_datasets, as a single batch
11/15/2024 : 08:00 :   Compacted sequence for ad.object_datasets, to 9 rows
11/15/2024 : 08:00 :   Adding 425 records to ad.object_datasets, as a single batch
11/15/2024 : 08:00 :   
11/15/2024 : 08:00 :   Deleting 924 records of ad.object_instances data, as a single batch
11/15/2024 : 08:00 :   Compaction required for object_instances, (max id: 20, actual size: 915)
11/15/2024 : 08:00 :   Transferring 20 records to ad.object_instances_new from ad.object_instances, as a single batch
11/15/2024 : 08:00 :   Compacted sequence for ad.object_instances, to 20 rows
11/15/2024 : 08:00 :   Adding 930 records to ad.object_instances, as a single batch

11/15/2024 : 08:00 :   **** NEW DATA ADDED TO AD TABLES ****


11/15/2024 : 08:00 :   **** TIDY UP AND FINISH ****

11/15/2024 : 08:00 :   Updating monitor records with import date / time,  470 records, as a single query
11/15/2024 : 08:00 :   Foreign (mon) tables removed from database

11/15/2024 : 08:00 :   **** CLOSING LOG ****

