9/22/2024 : 6:18 PM :   ****** DOWNLOAD ******

9/22/2024 : 6:18 PM :   **** Set up ****
9/22/2024 : 6:18 PM :   Download event Id is 102206
9/22/2024 : 6:18 PM :   
9/22/2024 : 6:18 PM :   Source_id is 101901
9/22/2024 : 6:18 PM :   Type_id is 102
9/22/2024 : 6:18 PM :   search page: 1, yielding 10 study summaries
9/22/2024 : 6:18 PM :   search page: 2, yielding 10 study summaries
9/22/2024 : 6:18 PM :   search page: 3, yielding 10 study summaries
9/22/2024 : 6:18 PM :   search page: 4, yielding 10 study summaries
9/22/2024 : 6:18 PM :   search page: 5, yielding 10 study summaries
9/22/2024 : 6:18 PM :   search page: 6, yielding 10 study summaries
9/22/2024 : 6:18 PM :   search page: 7, yielding 10 study summaries
9/22/2024 : 6:18 PM :   search page: 8, yielding 10 study summaries
9/22/2024 : 6:18 PM :   search page: 9, yielding 10 study summaries
9/22/2024 : 6:18 PM :   search page: 10, yielding 10 study summaries
9/22/2024 : 6:18 PM :   search page: 11, yielding 10 study summaries
9/22/2024 : 6:18 PM :   search page: 12, yielding 10 study summaries
9/22/2024 : 6:18 PM :   search page: 13, yielding 10 study summaries
9/22/2024 : 6:18 PM :   search page: 14, yielding 10 study summaries
9/22/2024 : 6:18 PM :   search page: 15, yielding 10 study summaries
9/22/2024 : 6:19 PM :   search page: 16, yielding 10 study summaries
9/22/2024 : 6:19 PM :   search page: 17, yielding 10 study summaries
9/22/2024 : 6:19 PM :   search page: 18, yielding 10 study summaries
9/22/2024 : 6:19 PM :   search page: 19, yielding 10 study summaries
9/22/2024 : 6:19 PM :   search page: 20, yielding 10 study summaries
9/22/2024 : 6:19 PM :   search page: 21, yielding 10 study summaries
9/22/2024 : 6:19 PM :   search page: 22, yielding 10 study summaries
9/22/2024 : 6:19 PM :   search page: 23, yielding 10 study summaries
9/22/2024 : 6:19 PM :   search page: 24, yielding 10 study summaries
9/22/2024 : 6:19 PM :   search page: 25, yielding 10 study summaries
9/22/2024 : 6:19 PM :   search page: 26, yielding 10 study summaries
9/22/2024 : 6:19 PM :   search page: 27, yielding 10 study summaries
9/22/2024 : 6:19 PM :   search page: 28, yielding 10 study summaries
9/22/2024 : 6:19 PM :   search page: 29, yielding 10 study summaries
9/22/2024 : 6:19 PM :   search page: 30, yielding 10 study summaries
9/22/2024 : 6:19 PM :   search page: 31, yielding 10 study summaries
9/22/2024 : 6:19 PM :   search page: 32, yielding 10 study summaries
9/22/2024 : 6:19 PM :   search page: 33, yielding 10 study summaries
9/22/2024 : 6:19 PM :   search page: 34, yielding 10 study summaries
9/22/2024 : 6:19 PM :   search page: 35, yielding 10 study summaries
9/22/2024 : 6:19 PM :   search page: 36, yielding 10 study summaries
9/22/2024 : 6:19 PM :   search page: 37, yielding 10 study summaries
9/22/2024 : 6:19 PM :   search page: 38, yielding 10 study summaries
9/22/2024 : 6:19 PM :   search page: 39, yielding 10 study summaries
9/22/2024 : 6:19 PM :   search page: 40, yielding 10 study summaries
9/22/2024 : 6:19 PM :   search page: 41, yielding 10 study summaries
9/22/2024 : 6:19 PM :   search page: 42, yielding 10 study summaries
9/22/2024 : 6:19 PM :   search page: 43, yielding 10 study summaries
9/22/2024 : 6:19 PM :   search page: 44, yielding 10 study summaries
9/22/2024 : 6:19 PM :   search page: 45, yielding 10 study summaries
9/22/2024 : 6:19 PM :   search page: 46, yielding 10 study summaries
9/22/2024 : 6:19 PM :   search page: 47, yielding 9 study summaries
9/22/2024 : 6:19 PM :   search page: 48, yielding 0 study summaries
9/22/2024 : 6:19 PM :   Studies to download: 469
9/22/2024 : 6:19 PM :   1: Y-NCT00638690 downloaded
9/22/2024 : 6:19 PM :   2: Y-NCT00887198 downloaded
9/22/2024 : 6:19 PM :   3: Y-NCT00924469 downloaded
9/22/2024 : 6:19 PM :   4: Y-NCT01424930 downloaded
9/22/2024 : 6:19 PM :   5: Y-NCT01314118 downloaded
9/22/2024 : 6:20 PM :   6: Y-NCT01695135 downloaded
9/22/2024 : 6:20 PM :   7: Y-NCT02236637 downloaded
9/22/2024 : 6:20 PM :   8: Y-NCT00485303 downloaded
9/22/2024 : 6:20 PM :   9: Y-NCT01685983 downloaded
9/22/2024 : 6:20 PM :   10: Y-NCT00474383 downloaded
9/22/2024 : 6:20 PM :   11: Y-NCT00473746 downloaded
9/22/2024 : 6:20 PM :   12: Y-NCT01795703 downloaded
9/22/2024 : 6:20 PM :   13: Y-NCT00544440 downloaded
9/22/2024 : 6:20 PM :   14: Y-NCT01867710 downloaded
9/22/2024 : 6:20 PM :   15: Y-NCT01088529 downloaded
9/22/2024 : 6:20 PM :   16: Y-NCT01715285 downloaded
9/22/2024 : 6:20 PM :   17: Y-NCT01381874 downloaded
9/22/2024 : 6:20 PM :   18: Y-NCT01591122 downloaded
9/22/2024 : 6:20 PM :   19: Y-NCT00473512 downloaded
9/22/2024 : 6:20 PM :   20: Y-NCT01385202 downloaded
9/22/2024 : 6:20 PM :   21: Y-Kenvue-02-161 downloaded
9/22/2024 : 6:20 PM :   22: Y-NCT04436276 downloaded
9/22/2024 : 6:20 PM :   23: Y-NCT04505722 downloaded
9/22/2024 : 6:20 PM :   24: Y-NCT04614948 downloaded
9/22/2024 : 6:20 PM :   25: Y-NCT02257736 downloaded
9/22/2024 : 6:20 PM :   26: Y-NCT02489318 downloaded
9/22/2024 : 6:20 PM :   27: Y-NCT01946204 downloaded
9/22/2024 : 6:20 PM :   28: Y-NCT01790126 downloaded
9/22/2024 : 6:20 PM :   29: Y-NCT00575055 downloaded
9/22/2024 : 6:20 PM :   30: Y-NCT00574132 downloaded
9/22/2024 : 6:20 PM :   31: Y-NCT00449644 downloaded
9/22/2024 : 6:20 PM :   32: Y-NCT00910871 downloaded
9/22/2024 : 6:20 PM :   33: Y-NCT00523926 downloaded
9/22/2024 : 6:20 PM :   34: Y-NCT04019041 downloaded
9/22/2024 : 6:20 PM :   35: Y-NCT04021862 downloaded
9/22/2024 : 6:20 PM :   36: Y-NCT00391443 downloaded
9/22/2024 : 6:20 PM :   37: Y-NCT00319111 downloaded
9/22/2024 : 6:20 PM :   38: Y-NCT00303459 downloaded
9/22/2024 : 6:21 PM :   39: Y-NCT00433329 downloaded
9/22/2024 : 6:21 PM :   40: Y-NCT00091715 downloaded
9/22/2024 : 6:21 PM :   41: Y-NCT01009177 downloaded
9/22/2024 : 6:21 PM :   42: Y-NCT00071461 downloaded
9/22/2024 : 6:21 PM :   43: Y-NCT00631475 downloaded
9/22/2024 : 6:21 PM :   44: Y-NCT00070590 downloaded
9/22/2024 : 6:21 PM :   45: Y-NCT00077584 downloaded
9/22/2024 : 6:21 PM :   46: Y-NCT00319033 downloaded
9/22/2024 : 6:21 PM :   47: Y-NCT00319267 downloaded
9/22/2024 : 6:21 PM :   48: Y-NCT00313222 downloaded
9/22/2024 : 6:21 PM :   49: Y-NCT00319020 downloaded
9/22/2024 : 6:21 PM :   50: Y-NCT01223352 downloaded
9/22/2024 : 6:21 PM :   51: Y-NCT01338415 downloaded
9/22/2024 : 6:21 PM :   52: Y-NCT00319696 downloaded
9/22/2024 : 6:21 PM :   53: Y-NCT00642278 downloaded
9/22/2024 : 6:21 PM :   54: Y-NCT01106625 downloaded
9/22/2024 : 6:21 PM :   55: Y-NCT01064414 downloaded
9/22/2024 : 6:21 PM :   56: Y-NCT01081834 downloaded
9/22/2024 : 6:21 PM :   57: Y-NCT01106677 downloaded
9/22/2024 : 6:21 PM :   58: Y-NCT00968812 downloaded
9/22/2024 : 6:21 PM :   59: Y-NCT01106651 downloaded
9/22/2024 : 6:21 PM :   60: Y-NCT01106690 downloaded
9/22/2024 : 6:21 PM :   61: Y-NCT01137812 downloaded
9/22/2024 : 6:21 PM :   62: Y-NCT01809327 downloaded
9/22/2024 : 6:21 PM :   63: Y-NCT01381900 downloaded
9/22/2024 : 6:21 PM :   64: Y-NCT01340664 downloaded
9/22/2024 : 6:21 PM :   65: Y-NCT02025907 downloaded
9/22/2024 : 6:21 PM :   66: Y-NCT01989754 downloaded
9/22/2024 : 6:21 PM :   67: Y-NCT00650806 downloaded
9/22/2024 : 6:21 PM :   68: Y-NCT02243202 downloaded
9/22/2024 : 6:21 PM :   69: Y-NCT01032629 downloaded
9/22/2024 : 6:21 PM :   70: Y-NCT02065791 downloaded
9/22/2024 : 6:21 PM :   71: Y-NCT03267576 downloaded
9/22/2024 : 6:22 PM :   72: Y-NCT02139943 downloaded
9/22/2024 : 6:22 PM :   73: Y-NCT03548207 downloaded
9/22/2024 : 6:22 PM :   74: Y-NCT02076009 downloaded
9/22/2024 : 6:22 PM :   75: Y-NCT02136134 downloaded
9/22/2024 : 6:22 PM :   76: Y-NCT01985126 downloaded
9/22/2024 : 6:22 PM :   77: Y-NCT02252172 downloaded
9/22/2024 : 6:22 PM :   78: Y-NCT03180736 downloaded
9/22/2024 : 6:22 PM :   79: Y-NCT02195479 downloaded
9/22/2024 : 6:22 PM :   80: Y-NCT03277105 downloaded
9/22/2024 : 6:22 PM :   81: Y-NCT03412565 downloaded
9/22/2024 : 6:22 PM :   82: Y-NCT01998971 downloaded
9/22/2024 : 6:22 PM :   83: Y-NCT02951819 downloaded
9/22/2024 : 6:22 PM :   84: Y-NCT00574288 downloaded
9/22/2024 : 6:22 PM :   85: Y-NCT01615029 downloaded
9/22/2024 : 6:22 PM :   86: Y-NCT00071097 downloaded
9/22/2024 : 6:22 PM :   87: Y-NCT00650832 downloaded
9/22/2024 : 6:22 PM :   88: Y-NCT00258557 downloaded
9/22/2024 : 6:22 PM :   89: Y-NCT00919854 downloaded
9/22/2024 : 6:22 PM :   90: Y-NCT00915655 downloaded
9/22/2024 : 6:22 PM :   91: Y-NCT00355524 downloaded
9/22/2024 : 6:22 PM :   92: Y-NCT02269917 downloaded
9/22/2024 : 6:22 PM :   93: Y-NCT02431247 downloaded
9/22/2024 : 6:22 PM :   94: Y-NCT02472145 downloaded
9/22/2024 : 6:22 PM :   95: Y-NCT00653952 downloaded
9/22/2024 : 6:22 PM :   96: Y-JandJ-30-49 downloaded
9/22/2024 : 6:22 PM :   97: Y-NCT00211133 downloaded
9/22/2024 : 6:22 PM :   98: Y-NCT00270127 downloaded
9/22/2024 : 6:22 PM :   99: Y-NCT00270166 downloaded
9/22/2024 : 6:22 PM :   100: Y-NCT00270049 downloaded
9/22/2024 : 6:22 PM :   101: Y-NCT00270101 downloaded
9/22/2024 : 6:22 PM :   102: Y-NCT00270283 downloaded
9/22/2024 : 6:22 PM :   103: Y-NCT00091910 downloaded
9/22/2024 : 6:22 PM :   104: Y-JandJ-EPO-2---PR98-15-014 downloaded
9/22/2024 : 6:23 PM :   105: Y-NCT00210626 downloaded
9/22/2024 : 6:23 PM :   106: Y-NCT00269997 downloaded
9/22/2024 : 6:23 PM :   107: Y-NCT00266617 downloaded
9/22/2024 : 6:23 PM :   108: Y-NCT01394991 downloaded
9/22/2024 : 6:23 PM :   109: Y-NCT00211146 downloaded
9/22/2024 : 6:23 PM :   110: Y-NCT00211120 downloaded
9/22/2024 : 6:23 PM :   111: Y-JandJ-OBE-EPO-INT-02 downloaded
9/22/2024 : 6:23 PM :   112: Y-NCT02365597 downloaded
9/22/2024 : 6:23 PM :   113: Y-NCT02417064 downloaded
9/22/2024 : 6:23 PM :   114: Y-NCT02418585 downloaded
9/22/2024 : 6:23 PM :   115: Y-NCT02422186 downloaded
9/22/2024 : 6:23 PM :   116: Y-NCT03039192 downloaded
9/22/2024 : 6:23 PM :   117: Y-NCT02133001 downloaded
9/22/2024 : 6:23 PM :   118: Y-NCT03097133 downloaded
9/22/2024 : 6:23 PM :   119: Y-NCT03434041 downloaded
9/22/2024 : 6:23 PM :   120: Y-NCT02497287 downloaded
9/22/2024 : 6:23 PM :   121: Y-NCT02493868 downloaded
9/22/2024 : 6:23 PM :   122: Y-NCT01998958 downloaded
9/22/2024 : 6:23 PM :   123: Y-NCT02918318 downloaded
9/22/2024 : 6:23 PM :   124: Y-NCT01627782 downloaded
9/22/2024 : 6:23 PM :   125: Y-NCT01640080 downloaded
9/22/2024 : 6:23 PM :   126: Y-NCT01466673 downloaded
9/22/2024 : 6:23 PM :   127: Y-NCT01876966 downloaded
9/22/2024 : 6:23 PM :   128: Y-NCT00253201 downloaded
9/22/2024 : 6:23 PM :   129: Y-NCT00304629 downloaded
9/22/2024 : 6:23 PM :   130: Y-NCT00253227 downloaded
9/22/2024 : 6:23 PM :   131: Y-NCT00216502 downloaded
9/22/2024 : 6:23 PM :   132: Y-JandJ-GAL-INT-7 downloaded
9/22/2024 : 6:23 PM :   133: Y-JandJ-GAL-INT-3 downloaded
9/22/2024 : 6:23 PM :   134: Y-NCT00261573 downloaded
9/22/2024 : 6:23 PM :   135: Y-NCT00253188 downloaded
9/22/2024 : 6:23 PM :   136: Y-NCT00253214 downloaded
9/22/2024 : 6:23 PM :   137: Y-NCT00236574 downloaded
9/22/2024 : 6:24 PM :   138: Y-NCT00236431 downloaded
9/22/2024 : 6:24 PM :   139: Y-JandJ-GAL-MVD-301 downloaded
9/22/2024 : 6:24 PM :   140: Y-JandJ-GAL-MVD-302 downloaded
9/22/2024 : 6:24 PM :   141: Y-NCT00679627 downloaded
9/22/2024 : 6:24 PM :   142: Y-NCT00216593 downloaded
9/22/2024 : 6:24 PM :   143: Y-NCT00645190 downloaded
9/22/2024 : 6:24 PM :   144: Y-JandJ-GAL-CAN-5 downloaded
9/22/2024 : 6:24 PM :   145: Y-JandJ-GAL-USA-10 downloaded
9/22/2024 : 6:24 PM :   146: Y-NCT00082602 downloaded
9/22/2024 : 6:24 PM :   147: Y-JandJ-GAL-93-01 downloaded
9/22/2024 : 6:24 PM :   148: Y-NCT00264537 downloaded
9/22/2024 : 6:24 PM :   149: Y-NCT00264550 downloaded
9/22/2024 : 6:24 PM :   150: Y-NCT00265083 downloaded
9/22/2024 : 6:24 PM :   151: Y-NCT00299546 downloaded
9/22/2024 : 6:24 PM :   152: Y-NCT00361335 downloaded
9/22/2024 : 6:24 PM :   153: Y-NCT00487539 downloaded
9/22/2024 : 6:24 PM :   154: Y-NCT01248780 downloaded
9/22/2024 : 6:24 PM :   155: Y-NCT01248793 downloaded
9/22/2024 : 6:24 PM :   156: Y-NCT00265096 downloaded
9/22/2024 : 6:24 PM :   157: Y-NCT00973479 downloaded
9/22/2024 : 6:24 PM :   158: Y-NCT00488631 downloaded
9/22/2024 : 6:24 PM :   159: Y-NCT00207714 downloaded
9/22/2024 : 6:24 PM :   160: Y-NCT00488774 downloaded
9/22/2024 : 6:24 PM :   161: Y-NCT01230827 downloaded
9/22/2024 : 6:24 PM :   162: Y-NCT02181673 downloaded
9/22/2024 : 6:24 PM :   163: Y-NCT01004432 downloaded
9/22/2024 : 6:24 PM :   164: Y-NCT01863771 downloaded
9/22/2024 : 6:24 PM :   165: Y-NCT01988961 downloaded
9/22/2024 : 6:24 PM :   166: Y-NCT01962974 downloaded
9/22/2024 : 6:24 PM :   167: Y-NCT00207740 downloaded
9/22/2024 : 6:24 PM :   168: Y-NCT01453725 downloaded
9/22/2024 : 6:24 PM :   169: Y-NCT02846545 downloaded
9/22/2024 : 6:24 PM :   170: Y-NCT02186873 downloaded
9/22/2024 : 6:25 PM :   171: Y-NCT01483599 downloaded
9/22/2024 : 6:25 PM :   172: Y-NCT02207244 downloaded
9/22/2024 : 6:25 PM :   173: Y-NCT02905331 downloaded
9/22/2024 : 6:25 PM :   174: Y-NCT02951533 downloaded
9/22/2024 : 6:25 PM :   175: Y-NCT02207231 downloaded
9/22/2024 : 6:25 PM :   176: Y-NCT02325219 downloaded
9/22/2024 : 6:25 PM :   177: Y-NCT03090100 downloaded
9/22/2024 : 6:25 PM :   178: Y-NCT02203032 downloaded
9/22/2024 : 6:25 PM :   179: Y-NCT03628924 downloaded
9/22/2024 : 6:25 PM :   180: Y-NCT03162796 downloaded
9/22/2024 : 6:25 PM :   181: Y-NCT03158285 downloaded
9/22/2024 : 6:25 PM :   182: Y-NCT02319759 downloaded
9/22/2024 : 6:25 PM :   183: Y-NCT03796858 downloaded
9/22/2024 : 6:25 PM :   184: Y-NCT00051623 downloaded
9/22/2024 : 6:25 PM :   185: Y-NCT00316121 downloaded
9/22/2024 : 6:25 PM :   186: Y-NCT01722487 downloaded
9/22/2024 : 6:25 PM :   187: Y-NCT01236391 downloaded
9/22/2024 : 6:25 PM :   188: Y-NCT01105247 downloaded
9/22/2024 : 6:25 PM :   189: Y-NCT01611090 downloaded
9/22/2024 : 6:25 PM :   190: Y-NCT02195869 downloaded
9/22/2024 : 6:25 PM :   191: Y-NCT02165397 downloaded
9/22/2024 : 6:25 PM :   192: Y-NCT01578707 downloaded
9/22/2024 : 6:25 PM :   193: Y-NCT02264574 downloaded
9/22/2024 : 6:25 PM :   194: Y-NCT01855750 downloaded
9/22/2024 : 6:25 PM :   195: Y-NCT01776840 downloaded
9/22/2024 : 6:25 PM :   196: Y-NCT01646021 downloaded
9/22/2024 : 6:25 PM :   197: Y-NCT01973387 downloaded
9/22/2024 : 6:25 PM :   198: Y-Kenvue-97-024 downloaded
9/22/2024 : 6:25 PM :   199: Y-Kenvue-91-113 downloaded
9/22/2024 : 6:25 PM :   200: Y-NCT00036374 downloaded
9/22/2024 : 6:25 PM :   201: Y-NCT00036439 downloaded
9/22/2024 : 6:25 PM :   202: Y-NCT00096655 downloaded
9/22/2024 : 6:25 PM :   203: Y-NCT00207675 downloaded
9/22/2024 : 6:25 PM :   204: Y-NCT00094458 downloaded
9/22/2024 : 6:26 PM :   205: Y-NCT00336492 downloaded
9/22/2024 : 6:26 PM :   206: Y-NCT00207662 downloaded
9/22/2024 : 6:26 PM :   207: Y-NCT00207766 downloaded
9/22/2024 : 6:26 PM :   208: Y-NCT00004941 downloaded
9/22/2024 : 6:26 PM :   209: Y-NCT00269867 downloaded
9/22/2024 : 6:26 PM :   210: Y-NCT01551290 downloaded
9/22/2024 : 6:26 PM :   211: Y-NCT01190839 downloaded
9/22/2024 : 6:26 PM :   212: Y-NCT00269854 downloaded
9/22/2024 : 6:26 PM :   213: Y-JandJ-C0168T16 downloaded
9/22/2024 : 6:26 PM :   214: Y-NCT00207701 downloaded
9/22/2024 : 6:26 PM :   215: Y-JandJ-C0168T14 downloaded
9/22/2024 : 6:26 PM :   216: Y-NCT00036387 downloaded
9/22/2024 : 6:26 PM :   217: Y-NCT00060502 downloaded
9/22/2024 : 6:26 PM :   218: Y-NCT00073437 downloaded
9/22/2024 : 6:26 PM :   219: Y-NCT00106834 downloaded
9/22/2024 : 6:26 PM :   220: Y-NCT00230529 downloaded
9/22/2024 : 6:26 PM :   221: Y-NCT00317538 downloaded
9/22/2024 : 6:26 PM :   222: Y-NCT00236028 downloaded
9/22/2024 : 6:26 PM :   223: Y-NCT00367237 downloaded
9/22/2024 : 6:26 PM :   224: Y-XX-P02114 downloaded
9/22/2024 : 6:26 PM :   225: Y-NCT00210886 downloaded
9/22/2024 : 6:26 PM :   226: Y-NCT00034736 downloaded
9/22/2024 : 6:26 PM :   227: Y-NCT00660179 downloaded
9/22/2024 : 6:26 PM :   228: Y-NCT01743001 downloaded
9/22/2024 : 6:26 PM :   229: Y-NCT00903331 downloaded
9/22/2024 : 6:26 PM :   230: Y-NCT02070991 downloaded
9/22/2024 : 6:26 PM :   231: Y-NCT01474109 downloaded
9/22/2024 : 6:26 PM :   232: Y-NCT01474122 downloaded
9/22/2024 : 6:26 PM :   233: Y-NCT02382016 downloaded
9/22/2024 : 6:26 PM :   234: Y-NCT03359291 downloaded
9/22/2024 : 6:26 PM :   235: Y-NCT02034162 downloaded
9/22/2024 : 6:26 PM :   236: Y-NCT01173562 downloaded
9/22/2024 : 6:27 PM :   237: Y-NCT02385058 downloaded
9/22/2024 : 6:27 PM :   238: Y-NCT00307684 downloaded
9/22/2024 : 6:27 PM :   239: Y-NCT00326300 downloaded
9/22/2024 : 6:27 PM :   240: Y-NCT00246220 downloaded
9/22/2024 : 6:27 PM :   241: Y-NCT00714688 downloaded
9/22/2024 : 6:27 PM :   242: Y-NCT00866996 downloaded
9/22/2024 : 6:27 PM :   243: Y-NCT00269815 downloaded
9/22/2024 : 6:27 PM :   244: Y-NCT00799409 downloaded
9/22/2024 : 6:27 PM :   245: Y-NCT00799487 downloaded
9/22/2024 : 6:27 PM :   246: Y-NCT00937040 downloaded
9/22/2024 : 6:27 PM :   247: Y-NCT00326391 downloaded
9/22/2024 : 6:27 PM :   248: Y-NCT01323192 downloaded
9/22/2024 : 6:27 PM :   249: Y-NCT00246233 downloaded
9/22/2024 : 6:27 PM :   250: Y-JandJ-AC-056C501 downloaded
9/22/2024 : 6:27 PM :   251: Y-NCT01145625 downloaded
9/22/2024 : 6:27 PM :   252: Y-NCT01226459 downloaded
9/22/2024 : 6:27 PM :   253: Y-NCT01156376 downloaded
9/22/2024 : 6:27 PM :   254: Y-NCT01345292 downloaded
9/22/2024 : 6:27 PM :   255: Y-NCT01727258 downloaded
9/22/2024 : 6:27 PM :   256: Y-NCT02113579 downloaded
9/22/2024 : 6:27 PM :   257: Y-8588157170b2a53200575bb0f201d272 downloaded
9/22/2024 : 6:27 PM :   258: Y-NCT03896061 downloaded
9/22/2024 : 6:27 PM :   259: Y-NCT00816166 downloaded
9/22/2024 : 6:27 PM :   260: Y-NCT00553176 downloaded
9/22/2024 : 6:27 PM :   261: Y-NCT00236769 downloaded
9/22/2024 : 6:27 PM :   262: Y-NCT00745901 downloaded
9/22/2024 : 6:27 PM :   263: Y-NCT00488319 downloaded
9/22/2024 : 6:27 PM :   264: Y-NCT01009047 downloaded
9/22/2024 : 6:27 PM :   265: Y-NCT00645099 downloaded
9/22/2024 : 6:27 PM :   266: Y-NCT00518323 downloaded
9/22/2024 : 6:27 PM :   267: Y-NCT01606228 downloaded
9/22/2024 : 6:27 PM :   268: Y-NCT00334126 downloaded
9/22/2024 : 6:27 PM :   269: Y-NCT00086320 downloaded
9/22/2024 : 6:28 PM :   270: Y-NCT00650793 downloaded
9/22/2024 : 6:28 PM :   271: Y-NCT00397033 downloaded
9/22/2024 : 6:28 PM :   272: Y-NCT00412373 downloaded
9/22/2024 : 6:28 PM :   273: Y-NCT00299715 downloaded
9/22/2024 : 6:28 PM :   274: Y-NCT00309699 downloaded
9/22/2024 : 6:28 PM :   275: Y-NCT00309686 downloaded
9/22/2024 : 6:28 PM :   276: Y-NCT00752427 downloaded
9/22/2024 : 6:28 PM :   277: Y-NCT00077714 downloaded
9/22/2024 : 6:28 PM :   278: Y-NCT00083668 downloaded
9/22/2024 : 6:28 PM :   279: Y-NCT00078039 downloaded
9/22/2024 : 6:28 PM :   280: Y-NCT00085748 downloaded
9/22/2024 : 6:28 PM :   281: Y-NCT01662310 downloaded
9/22/2024 : 6:28 PM :   282: Y-NCT00490971 downloaded
9/22/2024 : 6:28 PM :   283: Y-NCT00524043 downloaded
9/22/2024 : 6:28 PM :   284: Y-NCT00105326 downloaded
9/22/2024 : 6:28 PM :   285: Y-NCT00645307 downloaded
9/22/2024 : 6:28 PM :   286: Y-NCT01157351 downloaded
9/22/2024 : 6:28 PM :   287: Y-NCT00460512 downloaded
9/22/2024 : 6:28 PM :   288: Y-NCT00566631 downloaded
9/22/2024 : 6:28 PM :   289: Y-NCT03345342 downloaded
9/22/2024 : 6:28 PM :   290: Y-NCT01559272 downloaded
9/22/2024 : 6:28 PM :   291: Y-NCT00668837 downloaded
9/22/2024 : 6:28 PM :   292: Y-NCT00589914 downloaded
9/22/2024 : 6:28 PM :   293: Y-NCT00604279 downloaded
9/22/2024 : 6:28 PM :   294: Y-NCT00590577 downloaded
9/22/2024 : 6:28 PM :   295: Y-NCT00111189 downloaded
9/22/2024 : 6:28 PM :   296: Y-NCT00210717 downloaded
9/22/2024 : 6:28 PM :   297: Y-NCT00119756 downloaded
9/22/2024 : 6:28 PM :   298: Y-NCT00210548 downloaded
9/22/2024 : 6:28 PM :   299: Y-NCT00101634 downloaded
9/22/2024 : 6:28 PM :   300: Y-NCT00074477 downloaded
9/22/2024 : 6:28 PM :   301: Y-NCT01529515 downloaded
9/22/2024 : 6:28 PM :   302: Y-NCT01193153 downloaded
9/22/2024 : 6:29 PM :   303: Y-NCT01081769 downloaded
9/22/2024 : 6:29 PM :   304: Y-NCT01281527 downloaded
9/22/2024 : 6:29 PM :   305: Y-NCT01051531 downloaded
9/22/2024 : 6:29 PM :   306: Y-NCT01527305 downloaded
9/22/2024 : 6:29 PM :   307: Y-NCT01299389 downloaded
9/22/2024 : 6:29 PM :   308: Y-NCT01258920 downloaded
9/22/2024 : 6:29 PM :   309: Y-NCT01515423 downloaded
9/22/2024 : 6:29 PM :   310: Y-NCT02713282 downloaded
9/22/2024 : 6:29 PM :   311: Y-NCT00656097 downloaded
9/22/2024 : 6:29 PM :   312: Y-NCT00708084 downloaded
9/22/2024 : 6:29 PM :   313: Y-NCT01228383 downloaded
9/22/2024 : 6:29 PM :   314: Y-NCT04068792 downloaded
9/22/2024 : 6:29 PM :   315: Y-NCT00540449 downloaded
9/22/2024 : 6:29 PM :   316: Y-NCT00543725 downloaded
9/22/2024 : 6:29 PM :   317: Y-NCT00391222 downloaded
9/22/2024 : 6:29 PM :   318: Y-NCT00034749 downloaded
9/22/2024 : 6:29 PM :   319: Y-NCT00076115 downloaded
9/22/2024 : 6:29 PM :   320: Y-NCT00132678 downloaded
9/22/2024 : 6:29 PM :   321: Y-NCT00094926 downloaded
9/22/2024 : 6:29 PM :   322: Y-NCT00236444 downloaded
9/22/2024 : 6:29 PM :   323: Y-NCT00236470 downloaded
9/22/2024 : 6:29 PM :   324: Y-NCT00250354 downloaded
9/22/2024 : 6:29 PM :   325: Y-NCT00266552 downloaded
9/22/2024 : 6:29 PM :   326: Y-NCT00249132 downloaded
9/22/2024 : 6:29 PM :   327: Y-NCT00216476 downloaded
9/22/2024 : 6:29 PM :   328: Y-NCT00216580 downloaded
9/22/2024 : 6:29 PM :   329: Y-NCT00253162 downloaded
9/22/2024 : 6:29 PM :   330: Y-NCT00378092 downloaded
9/22/2024 : 6:29 PM :   331: Y-NCT00249158 downloaded
9/22/2024 : 6:29 PM :   332: Y-JandJ-RIS-BEL-14 downloaded
9/22/2024 : 6:29 PM :   333: Y-NCT00261508 downloaded
9/22/2024 : 6:29 PM :   334: Y-NCT00249236 downloaded
9/22/2024 : 6:29 PM :   335: Y-NCT00249145 downloaded
9/22/2024 : 6:30 PM :   336: Y-NCT00250367 downloaded
9/22/2024 : 6:30 PM :   337: Y-JandJ-RIS-INT-83 downloaded
9/22/2024 : 6:30 PM :   338: Y-NCT00088075 downloaded
9/22/2024 : 6:30 PM :   339: Y-JandJ-RIS-USA-1(RIS-USA-9001) downloaded
9/22/2024 : 6:30 PM :   340: Y-NCT00253149 downloaded
9/22/2024 : 6:30 PM :   341: Y-NCT00253136 downloaded
9/22/2024 : 6:30 PM :   342: Y-JandJ-RIS-USA-150 downloaded
9/22/2024 : 6:30 PM :   343: Y-NCT00034762 downloaded
9/22/2024 : 6:30 PM :   344: Y-NCT00257075 downloaded
9/22/2024 : 6:30 PM :   345: Y-JandJ-RIS-USA-240 downloaded
9/22/2024 : 6:30 PM :   346: Y-NCT00253123 downloaded
9/22/2024 : 6:30 PM :   347: Y-JandJ-RIS-USA-72 downloaded
9/22/2024 : 6:30 PM :   348: Y-JandJ-RIS-USA-70(EXTENSIONOFRIS-USA-63)CR003361,RIS-USA-T216 downloaded
9/22/2024 : 6:30 PM :   349: Y-NCT00246246 downloaded
9/22/2024 : 6:30 PM :   350: Y-NCT00044681 downloaded
9/22/2024 : 6:30 PM :   351: Y-NCT00249223 downloaded
9/22/2024 : 6:30 PM :   352: Y-NCT00216671 downloaded
9/22/2024 : 6:30 PM :   353: Y-NCT00369239 downloaded
9/22/2024 : 6:30 PM :   354: Y-NCT00216632 downloaded
9/22/2024 : 6:30 PM :   355: Y-NCT00236379 downloaded
9/22/2024 : 6:30 PM :   356: Y-NCT00576732 downloaded
9/22/2024 : 6:30 PM :   357: Y-NCT01050582 downloaded
9/22/2024 : 6:30 PM :   358: Y-NCT00086112 downloaded
9/22/2024 : 6:30 PM :   359: Y-NCT00216528 downloaded
9/22/2024 : 6:30 PM :   360: Y-NCT00269919 downloaded
9/22/2024 : 6:30 PM :   361: Y-NCT00992407 downloaded
9/22/2024 : 6:30 PM :   362: Y-NCT00236353 downloaded
9/22/2024 : 6:30 PM :   363: Y-NCT00495118 downloaded
9/22/2024 : 6:30 PM :   364: Y-NCT01855074 downloaded
9/22/2024 : 6:30 PM :   365: Y-NCT00236457 downloaded
9/22/2024 : 6:30 PM :   366: Y-NCT00236587 downloaded
9/22/2024 : 6:30 PM :   367: Y-NCT00297388 downloaded
9/22/2024 : 6:30 PM :   368: Y-NCT00821600 downloaded
9/22/2024 : 6:31 PM :   369: Y-NCT00299702 downloaded
9/22/2024 : 6:31 PM :   370: Y-NCT00526877 downloaded
9/22/2024 : 6:31 PM :   371: Y-NCT00061802 downloaded
9/22/2024 : 6:31 PM :   372: Y-NCT01624675 downloaded
9/22/2024 : 6:31 PM :   373: Y-JandJ-RIS-INT-85 downloaded
9/22/2024 : 6:31 PM :   374: Y-NCT00034775 downloaded
9/22/2024 : 6:31 PM :   375: Y-NCT00095134 downloaded
9/22/2024 : 6:31 PM :   376: Y-NCT01106014 downloaded
9/22/2024 : 6:31 PM :   377: Y-NCT02471183 downloaded
9/22/2024 : 6:31 PM :   378: Y-NCT02260557 downloaded
9/22/2024 : 6:31 PM :   379: Y-NCT03078907 downloaded
9/22/2024 : 6:31 PM :   380: Y-NCT01604343 downloaded
9/22/2024 : 6:31 PM :   381: Y-NCT01606761 downloaded
9/22/2024 : 6:31 PM :   382: Y-NCT01689532 downloaded
9/22/2024 : 6:31 PM :   383: Y-NCT02019472 downloaded
9/22/2024 : 6:31 PM :   384: Y-NCT01867164 downloaded
9/22/2024 : 6:31 PM :   385: Y-NCT00210782 downloaded
9/22/2024 : 6:31 PM :   386: Y-NCT00210535 downloaded
9/22/2024 : 6:31 PM :   387: Y-NCT00210860 downloaded
9/22/2024 : 6:31 PM :   388: Y-NCT00237289 downloaded
9/22/2024 : 6:31 PM :   389: Y-NCT00240721 downloaded
9/22/2024 : 6:31 PM :   390: Y-NCT00236509 downloaded
9/22/2024 : 6:31 PM :   391: Y-NCT00231595 downloaded
9/22/2024 : 6:31 PM :   392: Y-NCT00236561 downloaded
9/22/2024 : 6:31 PM :   393: Y-NCT00216606 downloaded
9/22/2024 : 6:31 PM :   394: Y-NCT00212810 downloaded
9/22/2024 : 6:31 PM :   395: Y-NCT00210912 downloaded
9/22/2024 : 6:31 PM :   396: Y-NCT00037674 downloaded
9/22/2024 : 6:31 PM :   397: Y-NCT00035230 downloaded
9/22/2024 : 6:31 PM :   398: Y-JandJ-TOPMAT-PDMD-006 downloaded
9/22/2024 : 6:31 PM :   399: Y-JandJ-YP downloaded
9/22/2024 : 6:31 PM :   400: Y-NCT00113815 downloaded
9/22/2024 : 6:31 PM :   401: Y-NCT00236639 downloaded
9/22/2024 : 6:31 PM :   402: Y-NCT00216619 downloaded
9/22/2024 : 6:32 PM :   403: Y-NCT00236600 downloaded
9/22/2024 : 6:32 PM :   404: Y-NCT00231530 downloaded
9/22/2024 : 6:32 PM :   405: Y-NCT00236665 downloaded
9/22/2024 : 6:32 PM :   406: Y-NCT00210808 downloaded
9/22/2024 : 6:32 PM :   407: Y-NCT00237302 downloaded
9/22/2024 : 6:32 PM :   408: Y-NCT00210821 downloaded
9/22/2024 : 6:32 PM :   409: Y-NCT00210496 downloaded
9/22/2024 : 6:32 PM :   410: Y-NCT00231556 downloaded
9/22/2024 : 6:32 PM :   411: Y-NCT00231647 downloaded
9/22/2024 : 6:32 PM :   412: Y-NCT00231621 downloaded
9/22/2024 : 6:32 PM :   413: Y-NCT00236626 downloaded
9/22/2024 : 6:32 PM :   414: Y-NCT00231660 downloaded
9/22/2024 : 6:32 PM :   415: Y-NCT00231634 downloaded
9/22/2024 : 6:32 PM :   416: Y-NCT00231608 downloaded
9/22/2024 : 6:32 PM :   417: Y-NCT00035802 downloaded
9/22/2024 : 6:32 PM :   418: Y-NCT00236418 downloaded
9/22/2024 : 6:32 PM :   419: Y-NCT00230698 downloaded
9/22/2024 : 6:32 PM :   420: Y-NCT00253175 downloaded
9/22/2024 : 6:32 PM :   421: Y-NCT00236704 downloaded
9/22/2024 : 6:32 PM :   422: Y-NCT00236847 downloaded
9/22/2024 : 6:32 PM :   423: Y-NCT00236756 downloaded
9/22/2024 : 6:32 PM :   424: Y-NCT00236730 downloaded
9/22/2024 : 6:32 PM :   425: Y-NCT00236873 downloaded
9/22/2024 : 6:32 PM :   426: Y-NCT00236860 downloaded
9/22/2024 : 6:32 PM :   427: Y-NCT00236613 downloaded
9/22/2024 : 6:32 PM :   428: Y-NCT00210925 downloaded
9/22/2024 : 6:32 PM :   429: Y-NCT00231673 downloaded
9/22/2024 : 6:32 PM :   430: Y-NCT01497119 downloaded
9/22/2024 : 6:32 PM :   431: Y-NCT02295865 downloaded
9/22/2024 : 6:32 PM :   432: Y-NCT01343277 downloaded
9/22/2024 : 6:32 PM :   433: Y-NCT00060944 downloaded
9/22/2024 : 6:32 PM :   434: Y-NCT00210665 downloaded
9/22/2024 : 6:33 PM :   435: Y-NCT00786838 downloaded
9/22/2024 : 6:33 PM :   436: Y-JandJ-ET-B-005-98 downloaded
9/22/2024 : 6:33 PM :   437: Y-JandJ-ET-B-008-98 downloaded
9/22/2024 : 6:33 PM :   438: Y-JandJ-ET-B-017-99 downloaded
9/22/2024 : 6:33 PM :   439: Y-NCT00579501 downloaded
9/22/2024 : 6:33 PM :   440: Y-NCT00796120 downloaded
9/22/2024 : 6:33 PM :   441: Y-JandJ-ET-B-010-99 downloaded
9/22/2024 : 6:33 PM :   442: Y-NCT01009086 downloaded
9/22/2024 : 6:33 PM :   443: Y-NCT01077362 downloaded
9/22/2024 : 6:33 PM :   444: Y-NCT00771667 downloaded
9/22/2024 : 6:33 PM :   445: Y-NCT01369329 downloaded
9/22/2024 : 6:33 PM :   446: Y-NCT01369342 downloaded
9/22/2024 : 6:33 PM :   447: Y-NCT01369355 downloaded
9/22/2024 : 6:33 PM :   448: Y-NCT00267969 downloaded
9/22/2024 : 6:33 PM :   449: Y-NCT00307437 downloaded
9/22/2024 : 6:33 PM :   450: Y-NCT00267956 downloaded
9/22/2024 : 6:33 PM :   451: Y-NCT01550744 downloaded
9/22/2024 : 6:33 PM :   452: Y-NCT00723528 downloaded
9/22/2024 : 6:33 PM :   453: Y-NCT00265122 downloaded
9/22/2024 : 6:33 PM :   454: Y-NCT00320216 downloaded
9/22/2024 : 6:33 PM :   455: Y-NCT00454584 downloaded
9/22/2024 : 6:33 PM :   456: Y-NCT00747344 downloaded
9/22/2024 : 6:33 PM :   457: Y-NCT01008995 downloaded
9/22/2024 : 6:33 PM :   458: Y-NCT01059773 downloaded
9/22/2024 : 6:33 PM :   459: Y-NCT01090427 downloaded
9/22/2024 : 6:33 PM :   460: Y-NCT02437162 downloaded
9/22/2024 : 6:33 PM :   461: Y-NCT02438787 downloaded
9/22/2024 : 6:33 PM :   462: Y-NCT02407223 downloaded
9/22/2024 : 6:33 PM :   463: Y-NCT00955279 downloaded
9/22/2024 : 6:33 PM :   464: Y-NCT01645280 downloaded
9/22/2024 : 6:33 PM :   465: Y-NCT02698475 downloaded
9/22/2024 : 6:33 PM :   466: Y-NCT03464136 downloaded
9/22/2024 : 6:33 PM :   467: Y-NCT03517722 downloaded
9/22/2024 : 6:34 PM :   468: Y-NCT00207727 downloaded
9/22/2024 : 6:34 PM :   469: Y-NCT02407236 downloaded

9/22/2024 : 6:34 PM :   **** Download Result ****
9/22/2024 : 6:34 PM :   Source Id: 101901
9/22/2024 : 6:34 PM :   Download Event Id: 102206
9/22/2024 : 6:34 PM :   Start time: 9/22/2024 6:18:36 PM
9/22/2024 : 6:34 PM :   End time: 9/22/2024 6:34:03 PM
9/22/2024 : 6:34 PM :   Records checked: 469
9/22/2024 : 6:34 PM :   Records downloaded: 469
9/22/2024 : 6:34 PM :   Records added: 0

9/22/2024 : 6:34 PM :   **** Closing Log ****
