10/06/2024 : 06:41 :   Source_ids are 100117,100119,100122,100129,109108
10/06/2024 : 06:41 :   Type_id is 2
10/06/2024 : 06:41 :   

10/06/2024 : 06:41 :   **** STARTING HARVESTER ****
10/06/2024 : 06:41 :   
10/06/2024 : 06:41 :   ======================================================================
10/06/2024 : 06:41 :   For source: 100119: cris
10/06/2024 : 06:41 :   ======================================================================
10/06/2024 : 06:41 :   

10/06/2024 : 06:41 :   **** RECREATE DATABASE TABLES ****
10/06/2024 : 06:41 :   Study tables recreated
10/06/2024 : 06:41 :   Object tables recreated
10/06/2024 : 06:41 :   Harvest event 15787 began

10/06/2024 : 06:41 :   **** PROCESS DATA ****
10/06/2024 : 06:41 :   Number of source JSON files: 9680
10/06/2024 : 06:41 :   Number of files harvested: 0
10/06/2024 : 06:41 :   Harvest event 15787 ended
10/06/2024 : 06:41 :   
10/06/2024 : 06:41 :   TABLE RECORD NUMBERS

10/06/2024 : 06:41 :   **** STUDY TABLES ****
10/06/2024 : 06:41 :   
10/06/2024 : 06:41 :   0 records found in sd.studies
10/06/2024 : 06:41 :   0 records found in sd.study_identifiers, from 0 study
10/06/2024 : 06:41 :   0 records found in sd.study_titles, from 0 study
10/06/2024 : 06:41 :   0 records found in sd.study_features, from 0 study
10/06/2024 : 06:41 :   0 records found in sd.study_conditions, from 0 study
10/06/2024 : 06:41 :   0 records found in sd.study_organisations, from 0 study
10/06/2024 : 06:41 :   0 records found in sd.study_people, from 0 study
10/06/2024 : 06:41 :   0 records found in sd.study_countries, from 0 study
10/06/2024 : 06:41 :   0 records found in sd.study_iec, from 0 study

10/06/2024 : 06:41 :   **** OBJECT TABLES ****
10/06/2024 : 06:41 :   
10/06/2024 : 06:41 :   0 records found in sd.data_objects
10/06/2024 : 06:41 :   0 records found in sd.object_titles, from 0 object
10/06/2024 : 06:41 :   0 records found in sd.object_instances, from 0 object
10/06/2024 : 06:41 :   0 records found in sd.object_dates, from 0 object

10/06/2024 : 06:41 :   **** CLOSING LOG ****
