
10/08/2024 : 05:47 :   **** STARTING IMPORTER ****

10/08/2024 : 05:47 :   Source_ids are 100117,100119,100122,100129,109108
10/08/2024 : 05:47 :   Rebuild AD tables is: False
10/08/2024 : 05:47 :   
10/08/2024 : 05:47 :   
10/08/2024 : 05:47 :   ======================================================================
10/08/2024 : 05:47 :   For source: 100119: cris
10/08/2024 : 05:47 :   ======================================================================
10/08/2024 : 05:47 :   

10/08/2024 : 05:47 :   **** SETUP ****


10/08/2024 : 05:47 :   **** START IMPORT PROCESS ****

10/08/2024 : 05:47 :   Foreign (mon) tables established in database
10/08/2024 : 05:47 :   
10/08/2024 : 05:47 :   
10/08/2024 : 05:47 :   Deleting 0 records of ad.studies data, as a single batch
10/08/2024 : 05:47 :   Compaction required for studies, (max id: 9680, actual size: 10855)
10/08/2024 : 05:47 :   Transferring 9680 records to ad.studies_new from ad.studies, as a single batch
10/08/2024 : 05:47 :   Compacted sequence for ad.studies, to 9680 rows
10/08/2024 : 05:47 :   Adding 0 records to ad.studies, as a single batch
10/08/2024 : 05:47 :   
10/08/2024 : 05:47 :   Deleting 0 records of ad.study_identifiers data, as a single batch
10/08/2024 : 05:47 :   Compaction required for study_identifiers, (max id: 10417, actual size: 11759)
10/08/2024 : 05:47 :   Transferring 10417 records to ad.study_identifiers_new from ad.study_identifiers, as a single batch
10/08/2024 : 05:47 :   Compacted sequence for ad.study_identifiers, to 10417 rows
10/08/2024 : 05:47 :   Adding 0 records to ad.study_identifiers, as a single batch
10/08/2024 : 05:47 :   
10/08/2024 : 05:47 :   Deleting 0 records of ad.study_titles data, as a single batch
10/08/2024 : 05:47 :   Compaction required for study_titles, (max id: 14600, actual size: 16375)
10/08/2024 : 05:47 :   Transferring 14600 records to ad.study_titles_new from ad.study_titles, as a single batch
10/08/2024 : 05:47 :   Compacted sequence for ad.study_titles, to 14600 rows
10/08/2024 : 05:47 :   Adding 0 records to ad.study_titles, as a single batch
10/08/2024 : 05:47 :   
10/08/2024 : 05:47 :   Deleting 0 records of ad.study_people data, as a single batch
10/08/2024 : 05:47 :   Compaction required for study_people, (max id: 15143, actual size: 16964)
10/08/2024 : 05:47 :   Transferring 15143 records to ad.study_people_new from ad.study_people, as a single batch
10/08/2024 : 05:47 :   Compacted sequence for ad.study_people, to 15143 rows
10/08/2024 : 05:47 :   Adding 0 records to ad.study_people, as a single batch
10/08/2024 : 05:47 :   
10/08/2024 : 05:47 :   Deleting 0 records of ad.study_organisations data, as a single batch
10/08/2024 : 05:47 :   Compaction required for study_organisations, (max id: 14732, actual size: 17038)
10/08/2024 : 05:47 :   Transferring 14732 records to ad.study_organisations_new from ad.study_organisations, as a single batch
10/08/2024 : 05:47 :   Compacted sequence for ad.study_organisations, to 14732 rows
10/08/2024 : 05:47 :   Adding 0 records to ad.study_organisations, as a single batch
10/08/2024 : 05:47 :   
10/08/2024 : 05:47 :   Deleting 0 records of ad.study_features data, as a single batch
10/08/2024 : 05:47 :   Compaction required for study_features, (max id: 31340, actual size: 35426)
10/08/2024 : 05:47 :   Transferring 31340 records to ad.study_features_new from ad.study_features, as a single batch
10/08/2024 : 05:47 :   Compacted sequence for ad.study_features, to 31340 rows
10/08/2024 : 05:47 :   Adding 0 records to ad.study_features, as a single batch
10/08/2024 : 05:47 :   
10/08/2024 : 05:47 :   Deleting 0 records of ad.study_countries data, as a single batch
10/08/2024 : 05:47 :   Compaction required for study_countries, (max id: 9680, actual size: 10855)
10/08/2024 : 05:47 :   Transferring 9680 records to ad.study_countries_new from ad.study_countries, as a single batch
10/08/2024 : 05:47 :   Compacted sequence for ad.study_countries, to 9680 rows
10/08/2024 : 05:47 :   Adding 0 records to ad.study_countries, as a single batch
10/08/2024 : 05:47 :   
10/08/2024 : 05:47 :   Deleting 0 records of ad.study_conditions data, as a single batch
10/08/2024 : 05:47 :   Adding 0 records to ad.study_conditions, as a single batch
10/08/2024 : 05:47 :   
10/08/2024 : 05:47 :   Deleting 0 records of ad.study_iec data, as a single batch
10/08/2024 : 05:47 :   Compaction required for study_iec, (max id: 116788, actual size: 131592)
10/08/2024 : 05:47 :   Transferring 116788 records to ad.study_iec_new from ad.study_iec, as a single batch
10/08/2024 : 05:47 :   Compacted sequence for ad.study_iec, to 116788 rows
10/08/2024 : 05:47 :   Adding 0 records to ad.study_iec, as a single batch
10/08/2024 : 05:47 :   
10/08/2024 : 05:47 :   Deleting 0 records of ad.data_objects data, as a single batch
10/08/2024 : 05:47 :   Compaction required for data_objects, (max id: 10691, actual size: 12230)
10/08/2024 : 05:47 :   Transferring 10691 records to ad.data_objects_new from ad.data_objects, as a single batch
10/08/2024 : 05:47 :   Compacted sequence for ad.data_objects, to 10691 rows
10/08/2024 : 05:47 :   Adding 0 records to ad.data_objects, as a single batch
10/08/2024 : 05:47 :   
10/08/2024 : 05:47 :   Deleting 0 records of ad.object_titles data, as a single batch
10/08/2024 : 05:47 :   Id sequence for ad.object_titles reset to 1
10/08/2024 : 05:47 :   Adding 0 records to ad.object_titles, as a single batch
10/08/2024 : 05:47 :   
10/08/2024 : 05:47 :   Deleting 0 records of ad.object_instances data, as a single batch
10/08/2024 : 05:47 :   Compaction required for object_instances, (max id: 10691, actual size: 12230)
10/08/2024 : 05:47 :   Transferring 10691 records to ad.object_instances_new from ad.object_instances, as a single batch
10/08/2024 : 05:47 :   Compacted sequence for ad.object_instances, to 10691 rows
10/08/2024 : 05:47 :   Adding 0 records to ad.object_instances, as a single batch
10/08/2024 : 05:47 :   
10/08/2024 : 05:47 :   Deleting 0 records of ad.object_dates data, as a single batch
10/08/2024 : 05:47 :   Compaction required for object_dates, (max id: 20304, actual size: 23018)
10/08/2024 : 05:47 :   Transferring 20304 records to ad.object_dates_new from ad.object_dates, as a single batch
10/08/2024 : 05:47 :   Compacted sequence for ad.object_dates, to 20304 rows
10/08/2024 : 05:47 :   Adding 0 records to ad.object_dates, as a single batch

10/08/2024 : 05:47 :   **** NEW DATA ADDED TO AD TABLES ****


10/08/2024 : 05:47 :   **** TIDY UP AND FINISH ****

10/08/2024 : 05:47 :   Updating monitor records with import date / time,  0 records, as a single query
10/08/2024 : 05:47 :   Foreign (mon) tables removed from database

10/08/2024 : 05:47 :   **** CLOSING LOG ****

