
10/08/2024 : 05:47 :   **** STARTING IMPORTER ****

10/08/2024 : 05:47 :   Source_ids are 100117,100119,100122,100129,109108
10/08/2024 : 05:47 :   Rebuild AD tables is: False
10/08/2024 : 05:47 :   
10/08/2024 : 05:47 :   
10/08/2024 : 05:47 :   ======================================================================
10/08/2024 : 05:47 :   For source: 100117: rebec
10/08/2024 : 05:47 :   ======================================================================
10/08/2024 : 05:47 :   

10/08/2024 : 05:47 :   **** SETUP ****


10/08/2024 : 05:47 :   **** START IMPORT PROCESS ****

10/08/2024 : 05:47 :   Foreign (mon) tables established in database
10/08/2024 : 05:47 :   
10/08/2024 : 05:47 :   
10/08/2024 : 05:47 :   Deleting 0 records of ad.studies data, as a single batch
10/08/2024 : 05:47 :   Adding 0 records to ad.studies, as a single batch
10/08/2024 : 05:47 :   
10/08/2024 : 05:47 :   Deleting 0 records of ad.study_identifiers data, as a single batch
10/08/2024 : 05:47 :   Adding 0 records to ad.study_identifiers, as a single batch
10/08/2024 : 05:47 :   
10/08/2024 : 05:47 :   Deleting 0 records of ad.study_titles data, as a single batch
10/08/2024 : 05:47 :   Adding 0 records to ad.study_titles, as a single batch
10/08/2024 : 05:47 :   
10/08/2024 : 05:47 :   Deleting 0 records of ad.study_people data, as a single batch
10/08/2024 : 05:47 :   Adding 0 records to ad.study_people, as a single batch
10/08/2024 : 05:47 :   
10/08/2024 : 05:47 :   Deleting 0 records of ad.study_organisations data, as a single batch
10/08/2024 : 05:47 :   Adding 0 records to ad.study_organisations, as a single batch
10/08/2024 : 05:47 :   
10/08/2024 : 05:47 :   Deleting 0 records of ad.study_features data, as a single batch
10/08/2024 : 05:47 :   Adding 0 records to ad.study_features, as a single batch
10/08/2024 : 05:47 :   
10/08/2024 : 05:47 :   Deleting 0 records of ad.study_countries data, as a single batch
10/08/2024 : 05:47 :   Adding 0 records to ad.study_countries, as a single batch
10/08/2024 : 05:47 :   
10/08/2024 : 05:47 :   Deleting 0 records of ad.study_conditions data, as a single batch
10/08/2024 : 05:47 :   Compaction required for study_conditions, (max id: 21957, actual size: 24707)
10/08/2024 : 05:47 :   Transferring 21957 records to ad.study_conditions_new from ad.study_conditions, as a single batch
10/08/2024 : 05:47 :   Compacted sequence for ad.study_conditions, to 21957 rows
10/08/2024 : 05:47 :   Adding 0 records to ad.study_conditions, as a single batch
10/08/2024 : 05:47 :   
10/08/2024 : 05:47 :   Deleting 0 records of ad.study_iec data, as a single batch
10/08/2024 : 05:47 :   Compaction required for study_iec, (max id: 18857, actual size: 21426)
10/08/2024 : 05:47 :   Transferring 18857 records to ad.study_iec_new from ad.study_iec, as a single batch
10/08/2024 : 05:47 :   Compacted sequence for ad.study_iec, to 18857 rows
10/08/2024 : 05:47 :   Adding 0 records to ad.study_iec, as a single batch
10/08/2024 : 05:47 :   
10/08/2024 : 05:47 :   Deleting 0 records of ad.data_objects data, as a single batch
10/08/2024 : 05:47 :   Adding 0 records to ad.data_objects, as a single batch
10/08/2024 : 05:47 :   
10/08/2024 : 05:47 :   Deleting 0 records of ad.object_titles data, as a single batch
10/08/2024 : 05:47 :   Id sequence for ad.object_titles reset to 1
10/08/2024 : 05:47 :   Adding 0 records to ad.object_titles, as a single batch
10/08/2024 : 05:47 :   
10/08/2024 : 05:47 :   Deleting 0 records of ad.object_instances data, as a single batch
10/08/2024 : 05:47 :   Adding 0 records to ad.object_instances, as a single batch
10/08/2024 : 05:47 :   
10/08/2024 : 05:47 :   Deleting 0 records of ad.object_dates data, as a single batch
10/08/2024 : 05:47 :   Adding 0 records to ad.object_dates, as a single batch

10/08/2024 : 05:47 :   **** NEW DATA ADDED TO AD TABLES ****


10/08/2024 : 05:47 :   **** TIDY UP AND FINISH ****

10/08/2024 : 05:47 :   Updating monitor records with import date / time,  0 records, as a single query
10/08/2024 : 05:47 :   Foreign (mon) tables removed from database

10/08/2024 : 05:47 :   **** CLOSING LOG ****

